   1               		.file	"USBTask.c"
   2               	__SP_H__ = 0x3e
   3               	__SP_L__ = 0x3d
   4               	__SREG__ = 0x3f
   5               	__RAMPZ__ = 0x3b
   6               	__tmp_reg__ = 0
   7               	__zero_reg__ = 1
   8               		.text
   9               	.Ltext0:
  10               		.cfi_sections	.debug_frame
  11               		.section	.text.USB_USBTask,"ax",@progbits
  12               	.global	USB_USBTask
  14               	USB_USBTask:
  15               	.LFB81:
  16               		.file 1 "../../LUFA/Drivers/USB/Core/USBTask.c"
   1:../../LUFA/Drivers/USB/Core/USBTask.c **** /*
   2:../../LUFA/Drivers/USB/Core/USBTask.c ****              LUFA Library
   3:../../LUFA/Drivers/USB/Core/USBTask.c ****      Copyright (C) Dean Camera, 2011.
   4:../../LUFA/Drivers/USB/Core/USBTask.c **** 
   5:../../LUFA/Drivers/USB/Core/USBTask.c ****   dean [at] fourwalledcubicle [dot] com
   6:../../LUFA/Drivers/USB/Core/USBTask.c ****            www.lufa-lib.org
   7:../../LUFA/Drivers/USB/Core/USBTask.c **** */
   8:../../LUFA/Drivers/USB/Core/USBTask.c **** 
   9:../../LUFA/Drivers/USB/Core/USBTask.c **** /*
  10:../../LUFA/Drivers/USB/Core/USBTask.c ****   Copyright 2011  Dean Camera (dean [at] fourwalledcubicle [dot] com)
  11:../../LUFA/Drivers/USB/Core/USBTask.c **** 
  12:../../LUFA/Drivers/USB/Core/USBTask.c ****   Permission to use, copy, modify, distribute, and sell this
  13:../../LUFA/Drivers/USB/Core/USBTask.c ****   software and its documentation for any purpose is hereby granted
  14:../../LUFA/Drivers/USB/Core/USBTask.c ****   without fee, provided that the above copyright notice appear in
  15:../../LUFA/Drivers/USB/Core/USBTask.c ****   all copies and that both that the copyright notice and this
  16:../../LUFA/Drivers/USB/Core/USBTask.c ****   permission notice and warranty disclaimer appear in supporting
  17:../../LUFA/Drivers/USB/Core/USBTask.c ****   documentation, and that the name of the author not be used in
  18:../../LUFA/Drivers/USB/Core/USBTask.c ****   advertising or publicity pertaining to distribution of the
  19:../../LUFA/Drivers/USB/Core/USBTask.c ****   software without specific, written prior permission.
  20:../../LUFA/Drivers/USB/Core/USBTask.c **** 
  21:../../LUFA/Drivers/USB/Core/USBTask.c ****   The author disclaim all warranties with regard to this
  22:../../LUFA/Drivers/USB/Core/USBTask.c ****   software, including all implied warranties of merchantability
  23:../../LUFA/Drivers/USB/Core/USBTask.c ****   and fitness.  In no event shall the author be liable for any
  24:../../LUFA/Drivers/USB/Core/USBTask.c ****   special, indirect or consequential damages or any damages
  25:../../LUFA/Drivers/USB/Core/USBTask.c ****   whatsoever resulting from loss of use, data or profits, whether
  26:../../LUFA/Drivers/USB/Core/USBTask.c ****   in an action of contract, negligence or other tortious action,
  27:../../LUFA/Drivers/USB/Core/USBTask.c ****   arising out of or in connection with the use or performance of
  28:../../LUFA/Drivers/USB/Core/USBTask.c ****   this software.
  29:../../LUFA/Drivers/USB/Core/USBTask.c **** */
  30:../../LUFA/Drivers/USB/Core/USBTask.c **** 
  31:../../LUFA/Drivers/USB/Core/USBTask.c **** #define  __INCLUDE_FROM_USBTASK_C
  32:../../LUFA/Drivers/USB/Core/USBTask.c **** #define  __INCLUDE_FROM_USB_DRIVER
  33:../../LUFA/Drivers/USB/Core/USBTask.c **** #include "USBTask.h"
  34:../../LUFA/Drivers/USB/Core/USBTask.c **** 
  35:../../LUFA/Drivers/USB/Core/USBTask.c **** volatile bool        USB_IsInitialized;
  36:../../LUFA/Drivers/USB/Core/USBTask.c **** USB_Request_Header_t USB_ControlRequest;
  37:../../LUFA/Drivers/USB/Core/USBTask.c **** 
  38:../../LUFA/Drivers/USB/Core/USBTask.c **** #if defined(USB_CAN_BE_HOST) && !defined(HOST_STATE_AS_GPIOR)
  39:../../LUFA/Drivers/USB/Core/USBTask.c **** volatile uint8_t     USB_HostState;
  40:../../LUFA/Drivers/USB/Core/USBTask.c **** #endif
  41:../../LUFA/Drivers/USB/Core/USBTask.c **** 
  42:../../LUFA/Drivers/USB/Core/USBTask.c **** #if defined(USB_CAN_BE_DEVICE) && !defined(DEVICE_STATE_AS_GPIOR)
  43:../../LUFA/Drivers/USB/Core/USBTask.c **** volatile uint8_t     USB_DeviceState;
  44:../../LUFA/Drivers/USB/Core/USBTask.c **** #endif
  45:../../LUFA/Drivers/USB/Core/USBTask.c **** 
  46:../../LUFA/Drivers/USB/Core/USBTask.c **** void USB_USBTask(void)
  47:../../LUFA/Drivers/USB/Core/USBTask.c **** {
  17               		.loc 1 47 0
  18               		.cfi_startproc
  19               	/* prologue: function */
  20               	/* frame size = 0 */
  21               	/* stack size = 0 */
  22               	.L__stack_usage = 0
  23               	.LBB16:
  24               	.LBB17:
  48:../../LUFA/Drivers/USB/Core/USBTask.c **** 	#if defined(USB_HOST_ONLY)
  49:../../LUFA/Drivers/USB/Core/USBTask.c **** 		USB_HostTask();
  50:../../LUFA/Drivers/USB/Core/USBTask.c **** 	#elif defined(USB_DEVICE_ONLY)
  51:../../LUFA/Drivers/USB/Core/USBTask.c **** 		USB_DeviceTask();
  52:../../LUFA/Drivers/USB/Core/USBTask.c **** 	#else
  53:../../LUFA/Drivers/USB/Core/USBTask.c **** 		if (USB_CurrentMode == USB_MODE_Device)
  54:../../LUFA/Drivers/USB/Core/USBTask.c **** 		  USB_DeviceTask();
  55:../../LUFA/Drivers/USB/Core/USBTask.c **** 		else if (USB_CurrentMode == USB_MODE_Host)
  56:../../LUFA/Drivers/USB/Core/USBTask.c **** 		  USB_HostTask();
  57:../../LUFA/Drivers/USB/Core/USBTask.c **** 	#endif
  58:../../LUFA/Drivers/USB/Core/USBTask.c **** }
  59:../../LUFA/Drivers/USB/Core/USBTask.c **** 
  60:../../LUFA/Drivers/USB/Core/USBTask.c **** #if defined(USB_CAN_BE_DEVICE)
  61:../../LUFA/Drivers/USB/Core/USBTask.c **** static void USB_DeviceTask(void)
  62:../../LUFA/Drivers/USB/Core/USBTask.c **** {
  63:../../LUFA/Drivers/USB/Core/USBTask.c **** 	if (USB_DeviceState != DEVICE_STATE_Unattached)
  25               		.loc 1 63 0
  26 0000 8EB3      		in r24,0x1e
  27 0002 8823      		tst r24
  28 0004 01F0      		breq .L1
  29               	.LVL0:
  30               	.LBB18:
  31               	.LBB19:
  32               	.LBB20:
  33               		.file 2 "../../LUFA/Drivers/USB/Core/AVR8/../AVR8/Endpoint_AVR8.h"
   1:../../LUFA/Drivers/USB/Core/AVR8/../AVR8/Endpoint_AVR8.h **** /*
   2:../../LUFA/Drivers/USB/Core/AVR8/../AVR8/Endpoint_AVR8.h ****              LUFA Library
   3:../../LUFA/Drivers/USB/Core/AVR8/../AVR8/Endpoint_AVR8.h ****      Copyright (C) Dean Camera, 2011.
   4:../../LUFA/Drivers/USB/Core/AVR8/../AVR8/Endpoint_AVR8.h **** 
   5:../../LUFA/Drivers/USB/Core/AVR8/../AVR8/Endpoint_AVR8.h ****   dean [at] fourwalledcubicle [dot] com
   6:../../LUFA/Drivers/USB/Core/AVR8/../AVR8/Endpoint_AVR8.h ****            www.lufa-lib.org
   7:../../LUFA/Drivers/USB/Core/AVR8/../AVR8/Endpoint_AVR8.h **** */
   8:../../LUFA/Drivers/USB/Core/AVR8/../AVR8/Endpoint_AVR8.h **** 
   9:../../LUFA/Drivers/USB/Core/AVR8/../AVR8/Endpoint_AVR8.h **** /*
  10:../../LUFA/Drivers/USB/Core/AVR8/../AVR8/Endpoint_AVR8.h ****   Copyright 2011  Dean Camera (dean [at] fourwalledcubicle [dot] com)
  11:../../LUFA/Drivers/USB/Core/AVR8/../AVR8/Endpoint_AVR8.h **** 
  12:../../LUFA/Drivers/USB/Core/AVR8/../AVR8/Endpoint_AVR8.h ****   Permission to use, copy, modify, distribute, and sell this
  13:../../LUFA/Drivers/USB/Core/AVR8/../AVR8/Endpoint_AVR8.h ****   software and its documentation for any purpose is hereby granted
  14:../../LUFA/Drivers/USB/Core/AVR8/../AVR8/Endpoint_AVR8.h ****   without fee, provided that the above copyright notice appear in
  15:../../LUFA/Drivers/USB/Core/AVR8/../AVR8/Endpoint_AVR8.h ****   all copies and that both that the copyright notice and this
  16:../../LUFA/Drivers/USB/Core/AVR8/../AVR8/Endpoint_AVR8.h ****   permission notice and warranty disclaimer appear in supporting
  17:../../LUFA/Drivers/USB/Core/AVR8/../AVR8/Endpoint_AVR8.h ****   documentation, and that the name of the author not be used in
  18:../../LUFA/Drivers/USB/Core/AVR8/../AVR8/Endpoint_AVR8.h ****   advertising or publicity pertaining to distribution of the
  19:../../LUFA/Drivers/USB/Core/AVR8/../AVR8/Endpoint_AVR8.h ****   software without specific, written prior permission.
  20:../../LUFA/Drivers/USB/Core/AVR8/../AVR8/Endpoint_AVR8.h **** 
  21:../../LUFA/Drivers/USB/Core/AVR8/../AVR8/Endpoint_AVR8.h ****   The author disclaim all warranties with regard to this
  22:../../LUFA/Drivers/USB/Core/AVR8/../AVR8/Endpoint_AVR8.h ****   software, including all implied warranties of merchantability
  23:../../LUFA/Drivers/USB/Core/AVR8/../AVR8/Endpoint_AVR8.h ****   and fitness.  In no event shall the author be liable for any
  24:../../LUFA/Drivers/USB/Core/AVR8/../AVR8/Endpoint_AVR8.h ****   special, indirect or consequential damages or any damages
  25:../../LUFA/Drivers/USB/Core/AVR8/../AVR8/Endpoint_AVR8.h ****   whatsoever resulting from loss of use, data or profits, whether
  26:../../LUFA/Drivers/USB/Core/AVR8/../AVR8/Endpoint_AVR8.h ****   in an action of contract, negligence or other tortious action,
  27:../../LUFA/Drivers/USB/Core/AVR8/../AVR8/Endpoint_AVR8.h ****   arising out of or in connection with the use or performance of
  28:../../LUFA/Drivers/USB/Core/AVR8/../AVR8/Endpoint_AVR8.h ****   this software.
  29:../../LUFA/Drivers/USB/Core/AVR8/../AVR8/Endpoint_AVR8.h **** */
  30:../../LUFA/Drivers/USB/Core/AVR8/../AVR8/Endpoint_AVR8.h **** 
  31:../../LUFA/Drivers/USB/Core/AVR8/../AVR8/Endpoint_AVR8.h **** /** \file
  32:../../LUFA/Drivers/USB/Core/AVR8/../AVR8/Endpoint_AVR8.h ****  *  \brief USB Endpoint definitions for the AVR8 microcontrollers.
  33:../../LUFA/Drivers/USB/Core/AVR8/../AVR8/Endpoint_AVR8.h ****  *  \copydetails Group_EndpointManagement_AVR8
  34:../../LUFA/Drivers/USB/Core/AVR8/../AVR8/Endpoint_AVR8.h ****  *
  35:../../LUFA/Drivers/USB/Core/AVR8/../AVR8/Endpoint_AVR8.h ****  *  \note This file should not be included directly. It is automatically included as needed by the 
  36:../../LUFA/Drivers/USB/Core/AVR8/../AVR8/Endpoint_AVR8.h ****  *        dispatch header located in LUFA/Drivers/USB/USB.h.
  37:../../LUFA/Drivers/USB/Core/AVR8/../AVR8/Endpoint_AVR8.h ****  */
  38:../../LUFA/Drivers/USB/Core/AVR8/../AVR8/Endpoint_AVR8.h **** 
  39:../../LUFA/Drivers/USB/Core/AVR8/../AVR8/Endpoint_AVR8.h **** /** \ingroup Group_EndpointRW
  40:../../LUFA/Drivers/USB/Core/AVR8/../AVR8/Endpoint_AVR8.h ****  *  \defgroup Group_EndpointRW_AVR8 Endpoint Data Reading and Writing (AVR8)
  41:../../LUFA/Drivers/USB/Core/AVR8/../AVR8/Endpoint_AVR8.h ****  *  \brief Endpoint data read/write definitions for the Atmel AVR8 architecture.
  42:../../LUFA/Drivers/USB/Core/AVR8/../AVR8/Endpoint_AVR8.h ****  *
  43:../../LUFA/Drivers/USB/Core/AVR8/../AVR8/Endpoint_AVR8.h ****  *  Functions, macros, variables, enums and types related to data reading and writing from and to e
  44:../../LUFA/Drivers/USB/Core/AVR8/../AVR8/Endpoint_AVR8.h ****  */
  45:../../LUFA/Drivers/USB/Core/AVR8/../AVR8/Endpoint_AVR8.h **** 
  46:../../LUFA/Drivers/USB/Core/AVR8/../AVR8/Endpoint_AVR8.h **** /** \ingroup Group_EndpointPrimitiveRW
  47:../../LUFA/Drivers/USB/Core/AVR8/../AVR8/Endpoint_AVR8.h ****  *  \defgroup Group_EndpointPrimitiveRW_AVR8 Read/Write of Primitive Data Types (AVR8)
  48:../../LUFA/Drivers/USB/Core/AVR8/../AVR8/Endpoint_AVR8.h ****  *  \brief Endpoint primitive read/write definitions for the Atmel AVR8 architecture.
  49:../../LUFA/Drivers/USB/Core/AVR8/../AVR8/Endpoint_AVR8.h ****  *
  50:../../LUFA/Drivers/USB/Core/AVR8/../AVR8/Endpoint_AVR8.h ****  *  Functions, macros, variables, enums and types related to data reading and writing of primitive 
  51:../../LUFA/Drivers/USB/Core/AVR8/../AVR8/Endpoint_AVR8.h ****  *  from and to endpoints.
  52:../../LUFA/Drivers/USB/Core/AVR8/../AVR8/Endpoint_AVR8.h ****  */
  53:../../LUFA/Drivers/USB/Core/AVR8/../AVR8/Endpoint_AVR8.h **** 
  54:../../LUFA/Drivers/USB/Core/AVR8/../AVR8/Endpoint_AVR8.h **** /** \ingroup Group_EndpointPacketManagement
  55:../../LUFA/Drivers/USB/Core/AVR8/../AVR8/Endpoint_AVR8.h ****  *  \defgroup Group_EndpointPacketManagement_AVR8 Endpoint Packet Management (AVR8)
  56:../../LUFA/Drivers/USB/Core/AVR8/../AVR8/Endpoint_AVR8.h ****  *  \brief Endpoint packet management definitions for the Atmel AVR8 architecture.
  57:../../LUFA/Drivers/USB/Core/AVR8/../AVR8/Endpoint_AVR8.h ****  *
  58:../../LUFA/Drivers/USB/Core/AVR8/../AVR8/Endpoint_AVR8.h ****  *  Functions, macros, variables, enums and types related to packet management of endpoints.
  59:../../LUFA/Drivers/USB/Core/AVR8/../AVR8/Endpoint_AVR8.h ****  */
  60:../../LUFA/Drivers/USB/Core/AVR8/../AVR8/Endpoint_AVR8.h **** 
  61:../../LUFA/Drivers/USB/Core/AVR8/../AVR8/Endpoint_AVR8.h **** /** \ingroup Group_EndpointManagement
  62:../../LUFA/Drivers/USB/Core/AVR8/../AVR8/Endpoint_AVR8.h ****  *  \defgroup Group_EndpointManagement_AVR8 Endpoint Management (AVR8)
  63:../../LUFA/Drivers/USB/Core/AVR8/../AVR8/Endpoint_AVR8.h ****  *  \brief Endpoint management definitions for the Atmel AVR8 architecture.
  64:../../LUFA/Drivers/USB/Core/AVR8/../AVR8/Endpoint_AVR8.h ****  *
  65:../../LUFA/Drivers/USB/Core/AVR8/../AVR8/Endpoint_AVR8.h ****  *  Functions, macros and enums related to endpoint management when in USB Device mode. This
  66:../../LUFA/Drivers/USB/Core/AVR8/../AVR8/Endpoint_AVR8.h ****  *  module contains the endpoint management macros, as well as endpoint interrupt and data
  67:../../LUFA/Drivers/USB/Core/AVR8/../AVR8/Endpoint_AVR8.h ****  *  send/receive functions for various data types.
  68:../../LUFA/Drivers/USB/Core/AVR8/../AVR8/Endpoint_AVR8.h ****  *
  69:../../LUFA/Drivers/USB/Core/AVR8/../AVR8/Endpoint_AVR8.h ****  *  @{
  70:../../LUFA/Drivers/USB/Core/AVR8/../AVR8/Endpoint_AVR8.h ****  */
  71:../../LUFA/Drivers/USB/Core/AVR8/../AVR8/Endpoint_AVR8.h **** 
  72:../../LUFA/Drivers/USB/Core/AVR8/../AVR8/Endpoint_AVR8.h **** #ifndef __ENDPOINT_AVR8_H__
  73:../../LUFA/Drivers/USB/Core/AVR8/../AVR8/Endpoint_AVR8.h **** #define __ENDPOINT_AVR8_H__
  74:../../LUFA/Drivers/USB/Core/AVR8/../AVR8/Endpoint_AVR8.h **** 
  75:../../LUFA/Drivers/USB/Core/AVR8/../AVR8/Endpoint_AVR8.h **** 	/* Includes: */
  76:../../LUFA/Drivers/USB/Core/AVR8/../AVR8/Endpoint_AVR8.h **** 		#include "../../../../Common/Common.h"
  77:../../LUFA/Drivers/USB/Core/AVR8/../AVR8/Endpoint_AVR8.h **** 		#include "../USBTask.h"
  78:../../LUFA/Drivers/USB/Core/AVR8/../AVR8/Endpoint_AVR8.h **** 		#include "../USBInterrupt.h"
  79:../../LUFA/Drivers/USB/Core/AVR8/../AVR8/Endpoint_AVR8.h **** 
  80:../../LUFA/Drivers/USB/Core/AVR8/../AVR8/Endpoint_AVR8.h **** 	/* Enable C linkage for C++ Compilers: */
  81:../../LUFA/Drivers/USB/Core/AVR8/../AVR8/Endpoint_AVR8.h **** 		#if defined(__cplusplus)
  82:../../LUFA/Drivers/USB/Core/AVR8/../AVR8/Endpoint_AVR8.h **** 			extern "C" {
  83:../../LUFA/Drivers/USB/Core/AVR8/../AVR8/Endpoint_AVR8.h **** 		#endif
  84:../../LUFA/Drivers/USB/Core/AVR8/../AVR8/Endpoint_AVR8.h **** 
  85:../../LUFA/Drivers/USB/Core/AVR8/../AVR8/Endpoint_AVR8.h **** 	/* Preprocessor Checks: */
  86:../../LUFA/Drivers/USB/Core/AVR8/../AVR8/Endpoint_AVR8.h **** 		#if !defined(__INCLUDE_FROM_USB_DRIVER)
  87:../../LUFA/Drivers/USB/Core/AVR8/../AVR8/Endpoint_AVR8.h **** 			#error Do not include this file directly. Include LUFA/Drivers/USB/USB.h instead.
  88:../../LUFA/Drivers/USB/Core/AVR8/../AVR8/Endpoint_AVR8.h **** 		#endif
  89:../../LUFA/Drivers/USB/Core/AVR8/../AVR8/Endpoint_AVR8.h **** 
  90:../../LUFA/Drivers/USB/Core/AVR8/../AVR8/Endpoint_AVR8.h **** 	/* Private Interface - For use in library only: */
  91:../../LUFA/Drivers/USB/Core/AVR8/../AVR8/Endpoint_AVR8.h **** 	#if !defined(__DOXYGEN__)
  92:../../LUFA/Drivers/USB/Core/AVR8/../AVR8/Endpoint_AVR8.h **** 		/* Macros: */
  93:../../LUFA/Drivers/USB/Core/AVR8/../AVR8/Endpoint_AVR8.h **** 			#define _ENDPOINT_GET_MAXSIZE(EPIndex)         _ENDPOINT_GET_MAXSIZE2(ENDPOINT_DETAILS_EP ## EPI
  94:../../LUFA/Drivers/USB/Core/AVR8/../AVR8/Endpoint_AVR8.h **** 			#define _ENDPOINT_GET_MAXSIZE2(EPDetails)      _ENDPOINT_GET_MAXSIZE3(EPDetails)
  95:../../LUFA/Drivers/USB/Core/AVR8/../AVR8/Endpoint_AVR8.h **** 			#define _ENDPOINT_GET_MAXSIZE3(MaxSize, Banks) (MaxSize)
  96:../../LUFA/Drivers/USB/Core/AVR8/../AVR8/Endpoint_AVR8.h **** 
  97:../../LUFA/Drivers/USB/Core/AVR8/../AVR8/Endpoint_AVR8.h **** 			#define _ENDPOINT_GET_BANKS(EPIndex)           _ENDPOINT_GET_BANKS2(ENDPOINT_DETAILS_EP ## EPInd
  98:../../LUFA/Drivers/USB/Core/AVR8/../AVR8/Endpoint_AVR8.h **** 			#define _ENDPOINT_GET_BANKS2(EPDetails)        _ENDPOINT_GET_BANKS3(EPDetails)
  99:../../LUFA/Drivers/USB/Core/AVR8/../AVR8/Endpoint_AVR8.h **** 			#define _ENDPOINT_GET_BANKS3(MaxSize, Banks)   (Banks)
 100:../../LUFA/Drivers/USB/Core/AVR8/../AVR8/Endpoint_AVR8.h **** 
 101:../../LUFA/Drivers/USB/Core/AVR8/../AVR8/Endpoint_AVR8.h **** 			#if defined(USB_SERIES_4_AVR) || defined(USB_SERIES_6_AVR) || defined(USB_SERIES_7_AVR)
 102:../../LUFA/Drivers/USB/Core/AVR8/../AVR8/Endpoint_AVR8.h **** 				#define ENDPOINT_DETAILS_MAXEP             7
 103:../../LUFA/Drivers/USB/Core/AVR8/../AVR8/Endpoint_AVR8.h **** 
 104:../../LUFA/Drivers/USB/Core/AVR8/../AVR8/Endpoint_AVR8.h **** 				#define ENDPOINT_DETAILS_EP0               64,  1
 105:../../LUFA/Drivers/USB/Core/AVR8/../AVR8/Endpoint_AVR8.h **** 				#define ENDPOINT_DETAILS_EP1               256, 2
 106:../../LUFA/Drivers/USB/Core/AVR8/../AVR8/Endpoint_AVR8.h **** 				#define ENDPOINT_DETAILS_EP2               64,  2
 107:../../LUFA/Drivers/USB/Core/AVR8/../AVR8/Endpoint_AVR8.h **** 				#define ENDPOINT_DETAILS_EP3               64,  2
 108:../../LUFA/Drivers/USB/Core/AVR8/../AVR8/Endpoint_AVR8.h **** 				#define ENDPOINT_DETAILS_EP4               64,  2
 109:../../LUFA/Drivers/USB/Core/AVR8/../AVR8/Endpoint_AVR8.h **** 				#define ENDPOINT_DETAILS_EP5               64,  2
 110:../../LUFA/Drivers/USB/Core/AVR8/../AVR8/Endpoint_AVR8.h **** 				#define ENDPOINT_DETAILS_EP6               64,  2
 111:../../LUFA/Drivers/USB/Core/AVR8/../AVR8/Endpoint_AVR8.h **** 			#else
 112:../../LUFA/Drivers/USB/Core/AVR8/../AVR8/Endpoint_AVR8.h **** 				#define ENDPOINT_DETAILS_MAXEP             5
 113:../../LUFA/Drivers/USB/Core/AVR8/../AVR8/Endpoint_AVR8.h **** 
 114:../../LUFA/Drivers/USB/Core/AVR8/../AVR8/Endpoint_AVR8.h **** 				#define ENDPOINT_DETAILS_EP0               64,  1
 115:../../LUFA/Drivers/USB/Core/AVR8/../AVR8/Endpoint_AVR8.h **** 				#define ENDPOINT_DETAILS_EP1               64,  1
 116:../../LUFA/Drivers/USB/Core/AVR8/../AVR8/Endpoint_AVR8.h **** 				#define ENDPOINT_DETAILS_EP2               64,  1
 117:../../LUFA/Drivers/USB/Core/AVR8/../AVR8/Endpoint_AVR8.h **** 				#define ENDPOINT_DETAILS_EP3               64,  2
 118:../../LUFA/Drivers/USB/Core/AVR8/../AVR8/Endpoint_AVR8.h **** 				#define ENDPOINT_DETAILS_EP4               64,  2
 119:../../LUFA/Drivers/USB/Core/AVR8/../AVR8/Endpoint_AVR8.h **** 			#endif
 120:../../LUFA/Drivers/USB/Core/AVR8/../AVR8/Endpoint_AVR8.h **** 
 121:../../LUFA/Drivers/USB/Core/AVR8/../AVR8/Endpoint_AVR8.h **** 		/* Inline Functions: */
 122:../../LUFA/Drivers/USB/Core/AVR8/../AVR8/Endpoint_AVR8.h **** 			static inline uint8_t Endpoint_BytesToEPSizeMask(const uint16_t Bytes) ATTR_WARN_UNUSED_RESULT A
 123:../../LUFA/Drivers/USB/Core/AVR8/../AVR8/Endpoint_AVR8.h **** 			                                                                       ATTR_ALWAYS_INLINE;
 124:../../LUFA/Drivers/USB/Core/AVR8/../AVR8/Endpoint_AVR8.h **** 			static inline uint8_t Endpoint_BytesToEPSizeMask(const uint16_t Bytes)
 125:../../LUFA/Drivers/USB/Core/AVR8/../AVR8/Endpoint_AVR8.h **** 			{
 126:../../LUFA/Drivers/USB/Core/AVR8/../AVR8/Endpoint_AVR8.h **** 				uint8_t  MaskVal    = 0;
 127:../../LUFA/Drivers/USB/Core/AVR8/../AVR8/Endpoint_AVR8.h **** 				uint16_t CheckBytes = 8;
 128:../../LUFA/Drivers/USB/Core/AVR8/../AVR8/Endpoint_AVR8.h **** 
 129:../../LUFA/Drivers/USB/Core/AVR8/../AVR8/Endpoint_AVR8.h **** 				while (CheckBytes < Bytes)
 130:../../LUFA/Drivers/USB/Core/AVR8/../AVR8/Endpoint_AVR8.h **** 				{
 131:../../LUFA/Drivers/USB/Core/AVR8/../AVR8/Endpoint_AVR8.h **** 					MaskVal++;
 132:../../LUFA/Drivers/USB/Core/AVR8/../AVR8/Endpoint_AVR8.h **** 					CheckBytes <<= 1;
 133:../../LUFA/Drivers/USB/Core/AVR8/../AVR8/Endpoint_AVR8.h **** 				}
 134:../../LUFA/Drivers/USB/Core/AVR8/../AVR8/Endpoint_AVR8.h **** 
 135:../../LUFA/Drivers/USB/Core/AVR8/../AVR8/Endpoint_AVR8.h **** 				return (MaskVal << EPSIZE0);
 136:../../LUFA/Drivers/USB/Core/AVR8/../AVR8/Endpoint_AVR8.h **** 			}
 137:../../LUFA/Drivers/USB/Core/AVR8/../AVR8/Endpoint_AVR8.h **** 
 138:../../LUFA/Drivers/USB/Core/AVR8/../AVR8/Endpoint_AVR8.h **** 		/* Function Prototypes: */
 139:../../LUFA/Drivers/USB/Core/AVR8/../AVR8/Endpoint_AVR8.h **** 			void Endpoint_ClearEndpoints(void);
 140:../../LUFA/Drivers/USB/Core/AVR8/../AVR8/Endpoint_AVR8.h **** 			bool Endpoint_ConfigureEndpoint_Prv(const uint8_t Number,
 141:../../LUFA/Drivers/USB/Core/AVR8/../AVR8/Endpoint_AVR8.h **** 			                                    const uint8_t UECFG0XData,
 142:../../LUFA/Drivers/USB/Core/AVR8/../AVR8/Endpoint_AVR8.h **** 			                                    const uint8_t UECFG1XData);
 143:../../LUFA/Drivers/USB/Core/AVR8/../AVR8/Endpoint_AVR8.h **** 
 144:../../LUFA/Drivers/USB/Core/AVR8/../AVR8/Endpoint_AVR8.h **** 	#endif
 145:../../LUFA/Drivers/USB/Core/AVR8/../AVR8/Endpoint_AVR8.h **** 
 146:../../LUFA/Drivers/USB/Core/AVR8/../AVR8/Endpoint_AVR8.h **** 	/* Public Interface - May be used in end-application: */
 147:../../LUFA/Drivers/USB/Core/AVR8/../AVR8/Endpoint_AVR8.h **** 		/* Macros: */			
 148:../../LUFA/Drivers/USB/Core/AVR8/../AVR8/Endpoint_AVR8.h **** 			/** \name Endpoint Bank Mode Masks */
 149:../../LUFA/Drivers/USB/Core/AVR8/../AVR8/Endpoint_AVR8.h **** 			//@{
 150:../../LUFA/Drivers/USB/Core/AVR8/../AVR8/Endpoint_AVR8.h **** 			/** Mask for the bank mode selection for the \ref Endpoint_ConfigureEndpoint() macro. This indic
 151:../../LUFA/Drivers/USB/Core/AVR8/../AVR8/Endpoint_AVR8.h **** 			 *  that the endpoint should have one single bank, which requires less USB FIFO memory but resul
 152:../../LUFA/Drivers/USB/Core/AVR8/../AVR8/Endpoint_AVR8.h **** 			 *  in slower transfers as only one USB device (the AVR or the host) can access the endpoint's
 153:../../LUFA/Drivers/USB/Core/AVR8/../AVR8/Endpoint_AVR8.h **** 			 *  bank at the one time.
 154:../../LUFA/Drivers/USB/Core/AVR8/../AVR8/Endpoint_AVR8.h **** 			 */
 155:../../LUFA/Drivers/USB/Core/AVR8/../AVR8/Endpoint_AVR8.h **** 			#define ENDPOINT_BANK_SINGLE                    (0 << EPBK0)
 156:../../LUFA/Drivers/USB/Core/AVR8/../AVR8/Endpoint_AVR8.h **** 
 157:../../LUFA/Drivers/USB/Core/AVR8/../AVR8/Endpoint_AVR8.h **** 			/** Mask for the bank mode selection for the \ref Endpoint_ConfigureEndpoint() macro. This indic
 158:../../LUFA/Drivers/USB/Core/AVR8/../AVR8/Endpoint_AVR8.h **** 			 *  that the endpoint should have two banks, which requires more USB FIFO memory but results
 159:../../LUFA/Drivers/USB/Core/AVR8/../AVR8/Endpoint_AVR8.h **** 			 *  in faster transfers as one USB device (the AVR or the host) can access one bank while the ot
 160:../../LUFA/Drivers/USB/Core/AVR8/../AVR8/Endpoint_AVR8.h **** 			 *  accesses the second bank.
 161:../../LUFA/Drivers/USB/Core/AVR8/../AVR8/Endpoint_AVR8.h **** 			 */
 162:../../LUFA/Drivers/USB/Core/AVR8/../AVR8/Endpoint_AVR8.h **** 			#define ENDPOINT_BANK_DOUBLE                    (1 << EPBK0)
 163:../../LUFA/Drivers/USB/Core/AVR8/../AVR8/Endpoint_AVR8.h **** 			//@}
 164:../../LUFA/Drivers/USB/Core/AVR8/../AVR8/Endpoint_AVR8.h **** 
 165:../../LUFA/Drivers/USB/Core/AVR8/../AVR8/Endpoint_AVR8.h **** 			#if (!defined(FIXED_CONTROL_ENDPOINT_SIZE) || defined(__DOXYGEN__))
 166:../../LUFA/Drivers/USB/Core/AVR8/../AVR8/Endpoint_AVR8.h **** 				/** Default size of the default control endpoint's bank, until altered by the control endpoint 
 167:../../LUFA/Drivers/USB/Core/AVR8/../AVR8/Endpoint_AVR8.h **** 				 *  value in the device descriptor. Not available if the \c FIXED_CONTROL_ENDPOINT_SIZE token i
 168:../../LUFA/Drivers/USB/Core/AVR8/../AVR8/Endpoint_AVR8.h **** 				 */
 169:../../LUFA/Drivers/USB/Core/AVR8/../AVR8/Endpoint_AVR8.h **** 				#define ENDPOINT_CONTROLEP_DEFAULT_SIZE     8
 170:../../LUFA/Drivers/USB/Core/AVR8/../AVR8/Endpoint_AVR8.h **** 			#endif
 171:../../LUFA/Drivers/USB/Core/AVR8/../AVR8/Endpoint_AVR8.h **** 
 172:../../LUFA/Drivers/USB/Core/AVR8/../AVR8/Endpoint_AVR8.h **** 			/** Retrieves the maximum bank size in bytes of a given endpoint.
 173:../../LUFA/Drivers/USB/Core/AVR8/../AVR8/Endpoint_AVR8.h **** 			 *
 174:../../LUFA/Drivers/USB/Core/AVR8/../AVR8/Endpoint_AVR8.h **** 			 *  \note This macro will only work correctly on endpoint indexes that are compile-time constant
 175:../../LUFA/Drivers/USB/Core/AVR8/../AVR8/Endpoint_AVR8.h **** 			 *        defined by the preprocessor.
 176:../../LUFA/Drivers/USB/Core/AVR8/../AVR8/Endpoint_AVR8.h **** 			 *
 177:../../LUFA/Drivers/USB/Core/AVR8/../AVR8/Endpoint_AVR8.h **** 			 *  \param[in] EPIndex  Endpoint number, a value between 0 and (\ref ENDPOINT_TOTAL_ENDPOINTS - 
 178:../../LUFA/Drivers/USB/Core/AVR8/../AVR8/Endpoint_AVR8.h **** 			 */
 179:../../LUFA/Drivers/USB/Core/AVR8/../AVR8/Endpoint_AVR8.h **** 			#define ENDPOINT_MAX_SIZE(EPIndex)              _ENDPOINT_GET_MAXSIZE(EPIndex)
 180:../../LUFA/Drivers/USB/Core/AVR8/../AVR8/Endpoint_AVR8.h **** 
 181:../../LUFA/Drivers/USB/Core/AVR8/../AVR8/Endpoint_AVR8.h **** 			/** Retrieves the total number of banks supported by the given endpoint.
 182:../../LUFA/Drivers/USB/Core/AVR8/../AVR8/Endpoint_AVR8.h **** 			 *
 183:../../LUFA/Drivers/USB/Core/AVR8/../AVR8/Endpoint_AVR8.h **** 			 *  \note This macro will only work correctly on endpoint indexes that are compile-time constant
 184:../../LUFA/Drivers/USB/Core/AVR8/../AVR8/Endpoint_AVR8.h **** 			 *        defined by the preprocessor.
 185:../../LUFA/Drivers/USB/Core/AVR8/../AVR8/Endpoint_AVR8.h **** 			 *
 186:../../LUFA/Drivers/USB/Core/AVR8/../AVR8/Endpoint_AVR8.h **** 			 *  \param[in] EPIndex  Endpoint number, a value between 0 and (\ref ENDPOINT_TOTAL_ENDPOINTS - 
 187:../../LUFA/Drivers/USB/Core/AVR8/../AVR8/Endpoint_AVR8.h **** 			 */
 188:../../LUFA/Drivers/USB/Core/AVR8/../AVR8/Endpoint_AVR8.h **** 			#define ENDPOINT_BANKS_SUPPORTED(EPIndex)       _ENDPOINT_GET_BANKS(EPIndex)
 189:../../LUFA/Drivers/USB/Core/AVR8/../AVR8/Endpoint_AVR8.h **** 
 190:../../LUFA/Drivers/USB/Core/AVR8/../AVR8/Endpoint_AVR8.h **** 			#if !defined(CONTROL_ONLY_DEVICE) || defined(__DOXYGEN__)
 191:../../LUFA/Drivers/USB/Core/AVR8/../AVR8/Endpoint_AVR8.h **** 				/** Total number of endpoints (including the default control endpoint at address 0) which may
 192:../../LUFA/Drivers/USB/Core/AVR8/../AVR8/Endpoint_AVR8.h **** 				 *  be used in the device. Different USB AVR models support different amounts of endpoints,
 193:../../LUFA/Drivers/USB/Core/AVR8/../AVR8/Endpoint_AVR8.h **** 				 *  this value reflects the maximum number of endpoints for the currently selected AVR model.
 194:../../LUFA/Drivers/USB/Core/AVR8/../AVR8/Endpoint_AVR8.h **** 				 */
 195:../../LUFA/Drivers/USB/Core/AVR8/../AVR8/Endpoint_AVR8.h **** 				#define ENDPOINT_TOTAL_ENDPOINTS            ENDPOINT_DETAILS_MAXEP
 196:../../LUFA/Drivers/USB/Core/AVR8/../AVR8/Endpoint_AVR8.h **** 			#else
 197:../../LUFA/Drivers/USB/Core/AVR8/../AVR8/Endpoint_AVR8.h **** 				#define ENDPOINT_TOTAL_ENDPOINTS            1
 198:../../LUFA/Drivers/USB/Core/AVR8/../AVR8/Endpoint_AVR8.h **** 			#endif
 199:../../LUFA/Drivers/USB/Core/AVR8/../AVR8/Endpoint_AVR8.h **** 
 200:../../LUFA/Drivers/USB/Core/AVR8/../AVR8/Endpoint_AVR8.h **** 		/* Enums: */
 201:../../LUFA/Drivers/USB/Core/AVR8/../AVR8/Endpoint_AVR8.h **** 			/** Enum for the possible error return codes of the \ref Endpoint_WaitUntilReady() function.
 202:../../LUFA/Drivers/USB/Core/AVR8/../AVR8/Endpoint_AVR8.h **** 			 *
 203:../../LUFA/Drivers/USB/Core/AVR8/../AVR8/Endpoint_AVR8.h **** 			 *  \ingroup Group_EndpointRW_AVR8
 204:../../LUFA/Drivers/USB/Core/AVR8/../AVR8/Endpoint_AVR8.h **** 			 */
 205:../../LUFA/Drivers/USB/Core/AVR8/../AVR8/Endpoint_AVR8.h **** 			enum Endpoint_WaitUntilReady_ErrorCodes_t
 206:../../LUFA/Drivers/USB/Core/AVR8/../AVR8/Endpoint_AVR8.h **** 			{
 207:../../LUFA/Drivers/USB/Core/AVR8/../AVR8/Endpoint_AVR8.h **** 				ENDPOINT_READYWAIT_NoError                 = 0, /**< Endpoint is ready for next packet, no erro
 208:../../LUFA/Drivers/USB/Core/AVR8/../AVR8/Endpoint_AVR8.h **** 				ENDPOINT_READYWAIT_EndpointStalled         = 1, /**< The endpoint was stalled during the stream
 209:../../LUFA/Drivers/USB/Core/AVR8/../AVR8/Endpoint_AVR8.h **** 				                                                 *   transfer by the host or device.
 210:../../LUFA/Drivers/USB/Core/AVR8/../AVR8/Endpoint_AVR8.h **** 				                                                 */
 211:../../LUFA/Drivers/USB/Core/AVR8/../AVR8/Endpoint_AVR8.h **** 				ENDPOINT_READYWAIT_DeviceDisconnected      = 2,	/**< Device was disconnected from the host whil
 212:../../LUFA/Drivers/USB/Core/AVR8/../AVR8/Endpoint_AVR8.h **** 				                                                 *   waiting for the endpoint to become ready.
 213:../../LUFA/Drivers/USB/Core/AVR8/../AVR8/Endpoint_AVR8.h **** 				                                                 */
 214:../../LUFA/Drivers/USB/Core/AVR8/../AVR8/Endpoint_AVR8.h **** 				ENDPOINT_READYWAIT_BusSuspended            = 3, /**< The USB bus has been suspended by the host
 215:../../LUFA/Drivers/USB/Core/AVR8/../AVR8/Endpoint_AVR8.h **** 				                                                 *   no USB endpoint traffic can occur until th
 216:../../LUFA/Drivers/USB/Core/AVR8/../AVR8/Endpoint_AVR8.h **** 				                                                 *   has resumed.
 217:../../LUFA/Drivers/USB/Core/AVR8/../AVR8/Endpoint_AVR8.h **** 				                                                 */
 218:../../LUFA/Drivers/USB/Core/AVR8/../AVR8/Endpoint_AVR8.h **** 				ENDPOINT_READYWAIT_Timeout                 = 4, /**< The host failed to accept or send the next
 219:../../LUFA/Drivers/USB/Core/AVR8/../AVR8/Endpoint_AVR8.h **** 				                                                 *   within the software timeout period set by 
 220:../../LUFA/Drivers/USB/Core/AVR8/../AVR8/Endpoint_AVR8.h **** 				                                                 *   \ref USB_STREAM_TIMEOUT_MS macro.
 221:../../LUFA/Drivers/USB/Core/AVR8/../AVR8/Endpoint_AVR8.h **** 				                                                 */
 222:../../LUFA/Drivers/USB/Core/AVR8/../AVR8/Endpoint_AVR8.h **** 			};
 223:../../LUFA/Drivers/USB/Core/AVR8/../AVR8/Endpoint_AVR8.h **** 
 224:../../LUFA/Drivers/USB/Core/AVR8/../AVR8/Endpoint_AVR8.h **** 		/* Inline Functions: */
 225:../../LUFA/Drivers/USB/Core/AVR8/../AVR8/Endpoint_AVR8.h **** 			/** Configures the specified endpoint number with the given endpoint type, direction, bank size
 226:../../LUFA/Drivers/USB/Core/AVR8/../AVR8/Endpoint_AVR8.h **** 			 *  and banking mode. Once configured, the endpoint may be read from or written to, depending
 227:../../LUFA/Drivers/USB/Core/AVR8/../AVR8/Endpoint_AVR8.h **** 			 *  on its direction.
 228:../../LUFA/Drivers/USB/Core/AVR8/../AVR8/Endpoint_AVR8.h **** 			 *
 229:../../LUFA/Drivers/USB/Core/AVR8/../AVR8/Endpoint_AVR8.h **** 			 *  \param[in] Number     Endpoint number to configure. This must be more than 0 and less than
 230:../../LUFA/Drivers/USB/Core/AVR8/../AVR8/Endpoint_AVR8.h **** 			 *                        \ref ENDPOINT_TOTAL_ENDPOINTS.
 231:../../LUFA/Drivers/USB/Core/AVR8/../AVR8/Endpoint_AVR8.h **** 			 *
 232:../../LUFA/Drivers/USB/Core/AVR8/../AVR8/Endpoint_AVR8.h **** 			 *  \param[in] Type       Type of endpoint to configure, a \c EP_TYPE_* mask. Not all endpoint t
 233:../../LUFA/Drivers/USB/Core/AVR8/../AVR8/Endpoint_AVR8.h **** 			 *                        are available on Low Speed USB devices - refer to the USB 2.0 specific
 234:../../LUFA/Drivers/USB/Core/AVR8/../AVR8/Endpoint_AVR8.h **** 			 *
 235:../../LUFA/Drivers/USB/Core/AVR8/../AVR8/Endpoint_AVR8.h **** 			 *  \param[in] Direction  Endpoint data direction, either \ref ENDPOINT_DIR_OUT or \ref ENDPOINT
 236:../../LUFA/Drivers/USB/Core/AVR8/../AVR8/Endpoint_AVR8.h **** 			 *                        All endpoints (except Control type) are unidirectional - data may only
 237:../../LUFA/Drivers/USB/Core/AVR8/../AVR8/Endpoint_AVR8.h **** 			 *                        from or written to the endpoint bank based on its direction, not both.
 238:../../LUFA/Drivers/USB/Core/AVR8/../AVR8/Endpoint_AVR8.h **** 			 *
 239:../../LUFA/Drivers/USB/Core/AVR8/../AVR8/Endpoint_AVR8.h **** 			 *  \param[in] Size       Size of the endpoint's bank, where packets are stored before they are 
 240:../../LUFA/Drivers/USB/Core/AVR8/../AVR8/Endpoint_AVR8.h **** 			 *                        to the USB host, or after they have been received from the USB host (d
 241:../../LUFA/Drivers/USB/Core/AVR8/../AVR8/Endpoint_AVR8.h **** 			 *                        the endpoint's data direction). The bank size must indicate the maximu
 242:../../LUFA/Drivers/USB/Core/AVR8/../AVR8/Endpoint_AVR8.h **** 			 *                        that the endpoint can handle.
 243:../../LUFA/Drivers/USB/Core/AVR8/../AVR8/Endpoint_AVR8.h **** 			 *
 244:../../LUFA/Drivers/USB/Core/AVR8/../AVR8/Endpoint_AVR8.h **** 			 *  \param[in] Banks      Number of banks to use for the endpoint being configured, an \c ENDPOI
 245:../../LUFA/Drivers/USB/Core/AVR8/../AVR8/Endpoint_AVR8.h **** 			 *                        More banks uses more USB DPRAM, but offers better performance. Isochro
 246:../../LUFA/Drivers/USB/Core/AVR8/../AVR8/Endpoint_AVR8.h **** 			 *                        endpoints <b>must</b> have at least two banks.
 247:../../LUFA/Drivers/USB/Core/AVR8/../AVR8/Endpoint_AVR8.h **** 			 *
 248:../../LUFA/Drivers/USB/Core/AVR8/../AVR8/Endpoint_AVR8.h **** 			 *  \note When the \c ORDERED_EP_CONFIG compile time option is used, Endpoints <b>must</b> be co
 249:../../LUFA/Drivers/USB/Core/AVR8/../AVR8/Endpoint_AVR8.h **** 			 *        ascending order, or bank corruption will occur.
 250:../../LUFA/Drivers/USB/Core/AVR8/../AVR8/Endpoint_AVR8.h **** 			 *        \n\n
 251:../../LUFA/Drivers/USB/Core/AVR8/../AVR8/Endpoint_AVR8.h **** 			 *
 252:../../LUFA/Drivers/USB/Core/AVR8/../AVR8/Endpoint_AVR8.h **** 			 *  \note Different endpoints may have different maximum packet sizes based on the endpoint's in
 253:../../LUFA/Drivers/USB/Core/AVR8/../AVR8/Endpoint_AVR8.h **** 			 *        the chosen microcontroller model's datasheet to determine the maximum bank size for ea
 254:../../LUFA/Drivers/USB/Core/AVR8/../AVR8/Endpoint_AVR8.h **** 			 *        \n\n
 255:../../LUFA/Drivers/USB/Core/AVR8/../AVR8/Endpoint_AVR8.h **** 			 *
 256:../../LUFA/Drivers/USB/Core/AVR8/../AVR8/Endpoint_AVR8.h **** 			 *  \note The default control endpoint should not be manually configured by the user application
 257:../../LUFA/Drivers/USB/Core/AVR8/../AVR8/Endpoint_AVR8.h **** 			 *        it is automatically configured by the library internally.
 258:../../LUFA/Drivers/USB/Core/AVR8/../AVR8/Endpoint_AVR8.h **** 			 *        \n\n
 259:../../LUFA/Drivers/USB/Core/AVR8/../AVR8/Endpoint_AVR8.h **** 			 *
 260:../../LUFA/Drivers/USB/Core/AVR8/../AVR8/Endpoint_AVR8.h **** 			 *  \note This routine will automatically select the specified endpoint upon success. Upon failu
 261:../../LUFA/Drivers/USB/Core/AVR8/../AVR8/Endpoint_AVR8.h **** 			 *        which failed to reconfigure correctly will be selected.
 262:../../LUFA/Drivers/USB/Core/AVR8/../AVR8/Endpoint_AVR8.h **** 			 *
 263:../../LUFA/Drivers/USB/Core/AVR8/../AVR8/Endpoint_AVR8.h **** 			 *  \return Boolean \c true if the configuration succeeded, \c false otherwise.
 264:../../LUFA/Drivers/USB/Core/AVR8/../AVR8/Endpoint_AVR8.h **** 			 */
 265:../../LUFA/Drivers/USB/Core/AVR8/../AVR8/Endpoint_AVR8.h **** 			static inline bool Endpoint_ConfigureEndpoint(const uint8_t Number,
 266:../../LUFA/Drivers/USB/Core/AVR8/../AVR8/Endpoint_AVR8.h **** 			                                              const uint8_t Type,
 267:../../LUFA/Drivers/USB/Core/AVR8/../AVR8/Endpoint_AVR8.h **** 			                                              const uint8_t Direction,
 268:../../LUFA/Drivers/USB/Core/AVR8/../AVR8/Endpoint_AVR8.h **** 			                                              const uint16_t Size,
 269:../../LUFA/Drivers/USB/Core/AVR8/../AVR8/Endpoint_AVR8.h **** 			                                              const uint8_t Banks) ATTR_ALWAYS_INLINE;
 270:../../LUFA/Drivers/USB/Core/AVR8/../AVR8/Endpoint_AVR8.h **** 			static inline bool Endpoint_ConfigureEndpoint(const uint8_t Number,
 271:../../LUFA/Drivers/USB/Core/AVR8/../AVR8/Endpoint_AVR8.h **** 			                                              const uint8_t Type,
 272:../../LUFA/Drivers/USB/Core/AVR8/../AVR8/Endpoint_AVR8.h **** 			                                              const uint8_t Direction,
 273:../../LUFA/Drivers/USB/Core/AVR8/../AVR8/Endpoint_AVR8.h **** 			                                              const uint16_t Size,
 274:../../LUFA/Drivers/USB/Core/AVR8/../AVR8/Endpoint_AVR8.h **** 			                                              const uint8_t Banks)
 275:../../LUFA/Drivers/USB/Core/AVR8/../AVR8/Endpoint_AVR8.h **** 			{
 276:../../LUFA/Drivers/USB/Core/AVR8/../AVR8/Endpoint_AVR8.h **** 				return Endpoint_ConfigureEndpoint_Prv(Number, ((Type << EPTYPE0) | (Direction ? (1 << EPDIR) : 
 277:../../LUFA/Drivers/USB/Core/AVR8/../AVR8/Endpoint_AVR8.h **** 				                                      ((1 << ALLOC) | Banks | Endpoint_BytesToEPSizeMask(Size))
 278:../../LUFA/Drivers/USB/Core/AVR8/../AVR8/Endpoint_AVR8.h **** 			}
 279:../../LUFA/Drivers/USB/Core/AVR8/../AVR8/Endpoint_AVR8.h **** 
 280:../../LUFA/Drivers/USB/Core/AVR8/../AVR8/Endpoint_AVR8.h **** 			/** Indicates the number of bytes currently stored in the current endpoint's selected bank.
 281:../../LUFA/Drivers/USB/Core/AVR8/../AVR8/Endpoint_AVR8.h **** 			 *
 282:../../LUFA/Drivers/USB/Core/AVR8/../AVR8/Endpoint_AVR8.h **** 			 *  \note The return width of this function may differ, depending on the maximum endpoint bank s
 283:../../LUFA/Drivers/USB/Core/AVR8/../AVR8/Endpoint_AVR8.h **** 			 *        of the selected AVR model.
 284:../../LUFA/Drivers/USB/Core/AVR8/../AVR8/Endpoint_AVR8.h **** 			 *
 285:../../LUFA/Drivers/USB/Core/AVR8/../AVR8/Endpoint_AVR8.h **** 			 *  \ingroup Group_EndpointRW_AVR8
 286:../../LUFA/Drivers/USB/Core/AVR8/../AVR8/Endpoint_AVR8.h **** 			 *
 287:../../LUFA/Drivers/USB/Core/AVR8/../AVR8/Endpoint_AVR8.h **** 			 *  \return Total number of bytes in the currently selected Endpoint's FIFO buffer.
 288:../../LUFA/Drivers/USB/Core/AVR8/../AVR8/Endpoint_AVR8.h **** 			 */
 289:../../LUFA/Drivers/USB/Core/AVR8/../AVR8/Endpoint_AVR8.h **** 			static inline uint16_t Endpoint_BytesInEndpoint(void) ATTR_WARN_UNUSED_RESULT ATTR_ALWAYS_INLINE
 290:../../LUFA/Drivers/USB/Core/AVR8/../AVR8/Endpoint_AVR8.h **** 			static inline uint16_t Endpoint_BytesInEndpoint(void)
 291:../../LUFA/Drivers/USB/Core/AVR8/../AVR8/Endpoint_AVR8.h **** 			{
 292:../../LUFA/Drivers/USB/Core/AVR8/../AVR8/Endpoint_AVR8.h **** 				#if defined(USB_SERIES_6_AVR) || defined(USB_SERIES_7_AVR)
 293:../../LUFA/Drivers/USB/Core/AVR8/../AVR8/Endpoint_AVR8.h **** 					return UEBCX;
 294:../../LUFA/Drivers/USB/Core/AVR8/../AVR8/Endpoint_AVR8.h **** 				#elif defined(USB_SERIES_4_AVR)
 295:../../LUFA/Drivers/USB/Core/AVR8/../AVR8/Endpoint_AVR8.h **** 					return (((uint16_t)UEBCHX << 8) | UEBCLX);
 296:../../LUFA/Drivers/USB/Core/AVR8/../AVR8/Endpoint_AVR8.h **** 				#elif defined(USB_SERIES_2_AVR)
 297:../../LUFA/Drivers/USB/Core/AVR8/../AVR8/Endpoint_AVR8.h **** 					return UEBCLX;
 298:../../LUFA/Drivers/USB/Core/AVR8/../AVR8/Endpoint_AVR8.h **** 				#endif
 299:../../LUFA/Drivers/USB/Core/AVR8/../AVR8/Endpoint_AVR8.h **** 			}
 300:../../LUFA/Drivers/USB/Core/AVR8/../AVR8/Endpoint_AVR8.h **** 
 301:../../LUFA/Drivers/USB/Core/AVR8/../AVR8/Endpoint_AVR8.h **** 			/** Get the endpoint address of the currently selected endpoint. This is typically used to save
 302:../../LUFA/Drivers/USB/Core/AVR8/../AVR8/Endpoint_AVR8.h **** 			 *  the currently selected endpoint number so that it can be restored after another endpoint has
 303:../../LUFA/Drivers/USB/Core/AVR8/../AVR8/Endpoint_AVR8.h **** 			 *  been manipulated.
 304:../../LUFA/Drivers/USB/Core/AVR8/../AVR8/Endpoint_AVR8.h **** 			 *
 305:../../LUFA/Drivers/USB/Core/AVR8/../AVR8/Endpoint_AVR8.h **** 			 *  \return Index of the currently selected endpoint.
 306:../../LUFA/Drivers/USB/Core/AVR8/../AVR8/Endpoint_AVR8.h **** 			 */
 307:../../LUFA/Drivers/USB/Core/AVR8/../AVR8/Endpoint_AVR8.h **** 			static inline uint8_t Endpoint_GetCurrentEndpoint(void) ATTR_WARN_UNUSED_RESULT ATTR_ALWAYS_INLI
 308:../../LUFA/Drivers/USB/Core/AVR8/../AVR8/Endpoint_AVR8.h **** 			static inline uint8_t Endpoint_GetCurrentEndpoint(void)
 309:../../LUFA/Drivers/USB/Core/AVR8/../AVR8/Endpoint_AVR8.h **** 			{
 310:../../LUFA/Drivers/USB/Core/AVR8/../AVR8/Endpoint_AVR8.h **** 				#if !defined(CONTROL_ONLY_DEVICE)
 311:../../LUFA/Drivers/USB/Core/AVR8/../AVR8/Endpoint_AVR8.h **** 					return (UENUM & ENDPOINT_EPNUM_MASK);
 312:../../LUFA/Drivers/USB/Core/AVR8/../AVR8/Endpoint_AVR8.h **** 				#else
 313:../../LUFA/Drivers/USB/Core/AVR8/../AVR8/Endpoint_AVR8.h **** 					return ENDPOINT_CONTROLEP;
 314:../../LUFA/Drivers/USB/Core/AVR8/../AVR8/Endpoint_AVR8.h **** 				#endif
 315:../../LUFA/Drivers/USB/Core/AVR8/../AVR8/Endpoint_AVR8.h **** 			}
 316:../../LUFA/Drivers/USB/Core/AVR8/../AVR8/Endpoint_AVR8.h **** 
 317:../../LUFA/Drivers/USB/Core/AVR8/../AVR8/Endpoint_AVR8.h **** 			/** Selects the given endpoint number. If the address from the device descriptors is used, the
 318:../../LUFA/Drivers/USB/Core/AVR8/../AVR8/Endpoint_AVR8.h **** 			 *  value should be masked with the \ref ENDPOINT_EPNUM_MASK constant to extract only the endpoi
 319:../../LUFA/Drivers/USB/Core/AVR8/../AVR8/Endpoint_AVR8.h **** 			 *  number (and discarding the endpoint direction bit).
 320:../../LUFA/Drivers/USB/Core/AVR8/../AVR8/Endpoint_AVR8.h **** 			 *
 321:../../LUFA/Drivers/USB/Core/AVR8/../AVR8/Endpoint_AVR8.h **** 			 *  Any endpoint operations which do not require the endpoint number to be indicated will operat
 322:../../LUFA/Drivers/USB/Core/AVR8/../AVR8/Endpoint_AVR8.h **** 			 *  the currently selected endpoint.
 323:../../LUFA/Drivers/USB/Core/AVR8/../AVR8/Endpoint_AVR8.h **** 			 *
 324:../../LUFA/Drivers/USB/Core/AVR8/../AVR8/Endpoint_AVR8.h **** 			 *  \param[in] EndpointNumber Endpoint number to select.
 325:../../LUFA/Drivers/USB/Core/AVR8/../AVR8/Endpoint_AVR8.h **** 			 */
 326:../../LUFA/Drivers/USB/Core/AVR8/../AVR8/Endpoint_AVR8.h **** 			static inline void Endpoint_SelectEndpoint(const uint8_t EndpointNumber) ATTR_ALWAYS_INLINE;
 327:../../LUFA/Drivers/USB/Core/AVR8/../AVR8/Endpoint_AVR8.h **** 			static inline void Endpoint_SelectEndpoint(const uint8_t EndpointNumber)
 328:../../LUFA/Drivers/USB/Core/AVR8/../AVR8/Endpoint_AVR8.h **** 			{
 329:../../LUFA/Drivers/USB/Core/AVR8/../AVR8/Endpoint_AVR8.h **** 				#if !defined(CONTROL_ONLY_DEVICE)
 330:../../LUFA/Drivers/USB/Core/AVR8/../AVR8/Endpoint_AVR8.h **** 					UENUM = EndpointNumber;
 331:../../LUFA/Drivers/USB/Core/AVR8/../AVR8/Endpoint_AVR8.h **** 				#endif
 332:../../LUFA/Drivers/USB/Core/AVR8/../AVR8/Endpoint_AVR8.h **** 			}
 333:../../LUFA/Drivers/USB/Core/AVR8/../AVR8/Endpoint_AVR8.h **** 
 334:../../LUFA/Drivers/USB/Core/AVR8/../AVR8/Endpoint_AVR8.h **** 			/** Resets the endpoint bank FIFO. This clears all the endpoint banks and resets the USB control
 335:../../LUFA/Drivers/USB/Core/AVR8/../AVR8/Endpoint_AVR8.h **** 			 *  data In and Out pointers to the bank's contents.
 336:../../LUFA/Drivers/USB/Core/AVR8/../AVR8/Endpoint_AVR8.h **** 			 *
 337:../../LUFA/Drivers/USB/Core/AVR8/../AVR8/Endpoint_AVR8.h **** 			 *  \param[in] EndpointNumber Endpoint number whose FIFO buffers are to be reset.
 338:../../LUFA/Drivers/USB/Core/AVR8/../AVR8/Endpoint_AVR8.h **** 			 */
 339:../../LUFA/Drivers/USB/Core/AVR8/../AVR8/Endpoint_AVR8.h **** 			static inline void Endpoint_ResetEndpoint(const uint8_t EndpointNumber) ATTR_ALWAYS_INLINE;
 340:../../LUFA/Drivers/USB/Core/AVR8/../AVR8/Endpoint_AVR8.h **** 			static inline void Endpoint_ResetEndpoint(const uint8_t EndpointNumber)
 341:../../LUFA/Drivers/USB/Core/AVR8/../AVR8/Endpoint_AVR8.h **** 			{
 342:../../LUFA/Drivers/USB/Core/AVR8/../AVR8/Endpoint_AVR8.h **** 				UERST = (1 << EndpointNumber);
 343:../../LUFA/Drivers/USB/Core/AVR8/../AVR8/Endpoint_AVR8.h **** 				UERST = 0;
 344:../../LUFA/Drivers/USB/Core/AVR8/../AVR8/Endpoint_AVR8.h **** 			}
 345:../../LUFA/Drivers/USB/Core/AVR8/../AVR8/Endpoint_AVR8.h **** 
 346:../../LUFA/Drivers/USB/Core/AVR8/../AVR8/Endpoint_AVR8.h **** 			/** Enables the currently selected endpoint so that data can be sent and received through it to
 347:../../LUFA/Drivers/USB/Core/AVR8/../AVR8/Endpoint_AVR8.h **** 			 *  and from a host.
 348:../../LUFA/Drivers/USB/Core/AVR8/../AVR8/Endpoint_AVR8.h **** 			 *
 349:../../LUFA/Drivers/USB/Core/AVR8/../AVR8/Endpoint_AVR8.h **** 			 *  \note Endpoints must first be configured properly via \ref Endpoint_ConfigureEndpoint().
 350:../../LUFA/Drivers/USB/Core/AVR8/../AVR8/Endpoint_AVR8.h **** 			 */
 351:../../LUFA/Drivers/USB/Core/AVR8/../AVR8/Endpoint_AVR8.h **** 			static inline void Endpoint_EnableEndpoint(void) ATTR_ALWAYS_INLINE;
 352:../../LUFA/Drivers/USB/Core/AVR8/../AVR8/Endpoint_AVR8.h **** 			static inline void Endpoint_EnableEndpoint(void)
 353:../../LUFA/Drivers/USB/Core/AVR8/../AVR8/Endpoint_AVR8.h **** 			{
 354:../../LUFA/Drivers/USB/Core/AVR8/../AVR8/Endpoint_AVR8.h **** 				UECONX |= (1 << EPEN);
 355:../../LUFA/Drivers/USB/Core/AVR8/../AVR8/Endpoint_AVR8.h **** 			}
 356:../../LUFA/Drivers/USB/Core/AVR8/../AVR8/Endpoint_AVR8.h **** 
 357:../../LUFA/Drivers/USB/Core/AVR8/../AVR8/Endpoint_AVR8.h **** 			/** Disables the currently selected endpoint so that data cannot be sent and received through it
 358:../../LUFA/Drivers/USB/Core/AVR8/../AVR8/Endpoint_AVR8.h **** 			 *  to and from a host.
 359:../../LUFA/Drivers/USB/Core/AVR8/../AVR8/Endpoint_AVR8.h **** 			 */
 360:../../LUFA/Drivers/USB/Core/AVR8/../AVR8/Endpoint_AVR8.h **** 			static inline void Endpoint_DisableEndpoint(void) ATTR_ALWAYS_INLINE;
 361:../../LUFA/Drivers/USB/Core/AVR8/../AVR8/Endpoint_AVR8.h **** 			static inline void Endpoint_DisableEndpoint(void)
 362:../../LUFA/Drivers/USB/Core/AVR8/../AVR8/Endpoint_AVR8.h **** 			{
 363:../../LUFA/Drivers/USB/Core/AVR8/../AVR8/Endpoint_AVR8.h **** 				UECONX &= ~(1 << EPEN);
 364:../../LUFA/Drivers/USB/Core/AVR8/../AVR8/Endpoint_AVR8.h **** 			}
 365:../../LUFA/Drivers/USB/Core/AVR8/../AVR8/Endpoint_AVR8.h **** 
 366:../../LUFA/Drivers/USB/Core/AVR8/../AVR8/Endpoint_AVR8.h **** 			/** Determines if the currently selected endpoint is enabled, but not necessarily configured.
 367:../../LUFA/Drivers/USB/Core/AVR8/../AVR8/Endpoint_AVR8.h **** 			 *
 368:../../LUFA/Drivers/USB/Core/AVR8/../AVR8/Endpoint_AVR8.h **** 			 * \return Boolean \c true if the currently selected endpoint is enabled, \c false otherwise.
 369:../../LUFA/Drivers/USB/Core/AVR8/../AVR8/Endpoint_AVR8.h **** 			 */
 370:../../LUFA/Drivers/USB/Core/AVR8/../AVR8/Endpoint_AVR8.h **** 			static inline bool Endpoint_IsEnabled(void) ATTR_WARN_UNUSED_RESULT ATTR_ALWAYS_INLINE;
 371:../../LUFA/Drivers/USB/Core/AVR8/../AVR8/Endpoint_AVR8.h **** 			static inline bool Endpoint_IsEnabled(void)
 372:../../LUFA/Drivers/USB/Core/AVR8/../AVR8/Endpoint_AVR8.h **** 			{
 373:../../LUFA/Drivers/USB/Core/AVR8/../AVR8/Endpoint_AVR8.h **** 				return ((UECONX & (1 << EPEN)) ? true : false);
 374:../../LUFA/Drivers/USB/Core/AVR8/../AVR8/Endpoint_AVR8.h **** 			}
 375:../../LUFA/Drivers/USB/Core/AVR8/../AVR8/Endpoint_AVR8.h **** 
 376:../../LUFA/Drivers/USB/Core/AVR8/../AVR8/Endpoint_AVR8.h **** 			/** Retrieves the number of busy banks in the currently selected endpoint, which have been queue
 377:../../LUFA/Drivers/USB/Core/AVR8/../AVR8/Endpoint_AVR8.h **** 			 *  transmission via the \ref Endpoint_ClearIN() command, or are awaiting acknowledgement via th
 378:../../LUFA/Drivers/USB/Core/AVR8/../AVR8/Endpoint_AVR8.h **** 			 *  \ref Endpoint_ClearOUT() command.
 379:../../LUFA/Drivers/USB/Core/AVR8/../AVR8/Endpoint_AVR8.h **** 			 *
 380:../../LUFA/Drivers/USB/Core/AVR8/../AVR8/Endpoint_AVR8.h **** 			 *  \ingroup Group_EndpointPacketManagement_AVR8
 381:../../LUFA/Drivers/USB/Core/AVR8/../AVR8/Endpoint_AVR8.h **** 			 *
 382:../../LUFA/Drivers/USB/Core/AVR8/../AVR8/Endpoint_AVR8.h **** 			 *  \return Total number of busy banks in the selected endpoint.
 383:../../LUFA/Drivers/USB/Core/AVR8/../AVR8/Endpoint_AVR8.h **** 			 */
 384:../../LUFA/Drivers/USB/Core/AVR8/../AVR8/Endpoint_AVR8.h **** 			static inline uint8_t Endpoint_GetBusyBanks(void) ATTR_ALWAYS_INLINE ATTR_WARN_UNUSED_RESULT;
 385:../../LUFA/Drivers/USB/Core/AVR8/../AVR8/Endpoint_AVR8.h **** 			static inline uint8_t Endpoint_GetBusyBanks(void)
 386:../../LUFA/Drivers/USB/Core/AVR8/../AVR8/Endpoint_AVR8.h **** 			{
 387:../../LUFA/Drivers/USB/Core/AVR8/../AVR8/Endpoint_AVR8.h **** 				return (UESTA0X & (0x03 << NBUSYBK0));
 388:../../LUFA/Drivers/USB/Core/AVR8/../AVR8/Endpoint_AVR8.h **** 			}
 389:../../LUFA/Drivers/USB/Core/AVR8/../AVR8/Endpoint_AVR8.h **** 
 390:../../LUFA/Drivers/USB/Core/AVR8/../AVR8/Endpoint_AVR8.h **** 			/** Aborts all pending IN transactions on the currently selected endpoint, once the bank
 391:../../LUFA/Drivers/USB/Core/AVR8/../AVR8/Endpoint_AVR8.h **** 			 *  has been queued for transmission to the host via \ref Endpoint_ClearIN(). This function
 392:../../LUFA/Drivers/USB/Core/AVR8/../AVR8/Endpoint_AVR8.h **** 			 *  will terminate all queued transactions, resetting the endpoint banks ready for a new
 393:../../LUFA/Drivers/USB/Core/AVR8/../AVR8/Endpoint_AVR8.h **** 			 *  packet.
 394:../../LUFA/Drivers/USB/Core/AVR8/../AVR8/Endpoint_AVR8.h **** 			 *
 395:../../LUFA/Drivers/USB/Core/AVR8/../AVR8/Endpoint_AVR8.h **** 			 *  \ingroup Group_EndpointPacketManagement_AVR8
 396:../../LUFA/Drivers/USB/Core/AVR8/../AVR8/Endpoint_AVR8.h **** 			 */
 397:../../LUFA/Drivers/USB/Core/AVR8/../AVR8/Endpoint_AVR8.h **** 			static inline void Endpoint_AbortPendingIN(void)
 398:../../LUFA/Drivers/USB/Core/AVR8/../AVR8/Endpoint_AVR8.h **** 			{
 399:../../LUFA/Drivers/USB/Core/AVR8/../AVR8/Endpoint_AVR8.h **** 				while (Endpoint_GetBusyBanks() != 0)
 400:../../LUFA/Drivers/USB/Core/AVR8/../AVR8/Endpoint_AVR8.h **** 				{
 401:../../LUFA/Drivers/USB/Core/AVR8/../AVR8/Endpoint_AVR8.h **** 					UEINTX |= (1 << RXOUTI);
 402:../../LUFA/Drivers/USB/Core/AVR8/../AVR8/Endpoint_AVR8.h **** 					while (UEINTX & (1 << RXOUTI));
 403:../../LUFA/Drivers/USB/Core/AVR8/../AVR8/Endpoint_AVR8.h **** 				}
 404:../../LUFA/Drivers/USB/Core/AVR8/../AVR8/Endpoint_AVR8.h **** 			}
 405:../../LUFA/Drivers/USB/Core/AVR8/../AVR8/Endpoint_AVR8.h **** 
 406:../../LUFA/Drivers/USB/Core/AVR8/../AVR8/Endpoint_AVR8.h **** 			/** Determines if the currently selected endpoint may be read from (if data is waiting in the en
 407:../../LUFA/Drivers/USB/Core/AVR8/../AVR8/Endpoint_AVR8.h **** 			 *  bank and the endpoint is an OUT direction, or if the bank is not yet full if the endpoint is
 408:../../LUFA/Drivers/USB/Core/AVR8/../AVR8/Endpoint_AVR8.h **** 			 *  direction). This function will return false if an error has occurred in the endpoint, if the
 409:../../LUFA/Drivers/USB/Core/AVR8/../AVR8/Endpoint_AVR8.h **** 			 *  is an OUT direction and no packet (or an empty packet) has been received, or if the endpoint
 410:../../LUFA/Drivers/USB/Core/AVR8/../AVR8/Endpoint_AVR8.h **** 			 *  direction and the endpoint bank is full.
 411:../../LUFA/Drivers/USB/Core/AVR8/../AVR8/Endpoint_AVR8.h **** 			 *
 412:../../LUFA/Drivers/USB/Core/AVR8/../AVR8/Endpoint_AVR8.h **** 			 *  \ingroup Group_EndpointPacketManagement_AVR8
 413:../../LUFA/Drivers/USB/Core/AVR8/../AVR8/Endpoint_AVR8.h **** 			 *
 414:../../LUFA/Drivers/USB/Core/AVR8/../AVR8/Endpoint_AVR8.h **** 			 *  \return Boolean \c true if the currently selected endpoint may be read from or written to, d
 415:../../LUFA/Drivers/USB/Core/AVR8/../AVR8/Endpoint_AVR8.h **** 			 *          on its direction.
 416:../../LUFA/Drivers/USB/Core/AVR8/../AVR8/Endpoint_AVR8.h **** 			 */
 417:../../LUFA/Drivers/USB/Core/AVR8/../AVR8/Endpoint_AVR8.h **** 			static inline bool Endpoint_IsReadWriteAllowed(void) ATTR_WARN_UNUSED_RESULT ATTR_ALWAYS_INLINE;
 418:../../LUFA/Drivers/USB/Core/AVR8/../AVR8/Endpoint_AVR8.h **** 			static inline bool Endpoint_IsReadWriteAllowed(void)
 419:../../LUFA/Drivers/USB/Core/AVR8/../AVR8/Endpoint_AVR8.h **** 			{
 420:../../LUFA/Drivers/USB/Core/AVR8/../AVR8/Endpoint_AVR8.h **** 				return ((UEINTX & (1 << RWAL)) ? true : false);
 421:../../LUFA/Drivers/USB/Core/AVR8/../AVR8/Endpoint_AVR8.h **** 			}
 422:../../LUFA/Drivers/USB/Core/AVR8/../AVR8/Endpoint_AVR8.h **** 
 423:../../LUFA/Drivers/USB/Core/AVR8/../AVR8/Endpoint_AVR8.h **** 			/** Determines if the currently selected endpoint is configured.
 424:../../LUFA/Drivers/USB/Core/AVR8/../AVR8/Endpoint_AVR8.h **** 			 *
 425:../../LUFA/Drivers/USB/Core/AVR8/../AVR8/Endpoint_AVR8.h **** 			 *  \return Boolean \c true if the currently selected endpoint has been configured, \c false oth
 426:../../LUFA/Drivers/USB/Core/AVR8/../AVR8/Endpoint_AVR8.h **** 			 */
 427:../../LUFA/Drivers/USB/Core/AVR8/../AVR8/Endpoint_AVR8.h **** 			static inline bool Endpoint_IsConfigured(void) ATTR_WARN_UNUSED_RESULT ATTR_ALWAYS_INLINE;
 428:../../LUFA/Drivers/USB/Core/AVR8/../AVR8/Endpoint_AVR8.h **** 			static inline bool Endpoint_IsConfigured(void)
 429:../../LUFA/Drivers/USB/Core/AVR8/../AVR8/Endpoint_AVR8.h **** 			{
 430:../../LUFA/Drivers/USB/Core/AVR8/../AVR8/Endpoint_AVR8.h **** 				return ((UESTA0X & (1 << CFGOK)) ? true : false);
 431:../../LUFA/Drivers/USB/Core/AVR8/../AVR8/Endpoint_AVR8.h **** 			}
 432:../../LUFA/Drivers/USB/Core/AVR8/../AVR8/Endpoint_AVR8.h **** 
 433:../../LUFA/Drivers/USB/Core/AVR8/../AVR8/Endpoint_AVR8.h **** 			/** Returns a mask indicating which INTERRUPT type endpoints have interrupted - i.e. their
 434:../../LUFA/Drivers/USB/Core/AVR8/../AVR8/Endpoint_AVR8.h **** 			 *  interrupt duration has elapsed. Which endpoints have interrupted can be determined by
 435:../../LUFA/Drivers/USB/Core/AVR8/../AVR8/Endpoint_AVR8.h **** 			 *  masking the return value against <tt>(1 << <i>{Endpoint Number}</i>)</tt>.
 436:../../LUFA/Drivers/USB/Core/AVR8/../AVR8/Endpoint_AVR8.h **** 			 *
 437:../../LUFA/Drivers/USB/Core/AVR8/../AVR8/Endpoint_AVR8.h **** 			 *  \return Mask whose bits indicate which endpoints have interrupted.
 438:../../LUFA/Drivers/USB/Core/AVR8/../AVR8/Endpoint_AVR8.h **** 			 */
 439:../../LUFA/Drivers/USB/Core/AVR8/../AVR8/Endpoint_AVR8.h **** 			static inline uint8_t Endpoint_GetEndpointInterrupts(void) ATTR_WARN_UNUSED_RESULT ATTR_ALWAYS_I
 440:../../LUFA/Drivers/USB/Core/AVR8/../AVR8/Endpoint_AVR8.h **** 			static inline uint8_t Endpoint_GetEndpointInterrupts(void)
 441:../../LUFA/Drivers/USB/Core/AVR8/../AVR8/Endpoint_AVR8.h **** 			{
 442:../../LUFA/Drivers/USB/Core/AVR8/../AVR8/Endpoint_AVR8.h **** 				return UEINT;
 443:../../LUFA/Drivers/USB/Core/AVR8/../AVR8/Endpoint_AVR8.h **** 			}
 444:../../LUFA/Drivers/USB/Core/AVR8/../AVR8/Endpoint_AVR8.h **** 
 445:../../LUFA/Drivers/USB/Core/AVR8/../AVR8/Endpoint_AVR8.h **** 			/** Determines if the specified endpoint number has interrupted (valid only for INTERRUPT type
 446:../../LUFA/Drivers/USB/Core/AVR8/../AVR8/Endpoint_AVR8.h **** 			 *  endpoints).
 447:../../LUFA/Drivers/USB/Core/AVR8/../AVR8/Endpoint_AVR8.h **** 			 *
 448:../../LUFA/Drivers/USB/Core/AVR8/../AVR8/Endpoint_AVR8.h **** 			 *  \param[in] EndpointNumber  Index of the endpoint whose interrupt flag should be tested.
 449:../../LUFA/Drivers/USB/Core/AVR8/../AVR8/Endpoint_AVR8.h **** 			 *
 450:../../LUFA/Drivers/USB/Core/AVR8/../AVR8/Endpoint_AVR8.h **** 			 *  \return Boolean \c true if the specified endpoint has interrupted, \c false otherwise.
 451:../../LUFA/Drivers/USB/Core/AVR8/../AVR8/Endpoint_AVR8.h **** 			 */
 452:../../LUFA/Drivers/USB/Core/AVR8/../AVR8/Endpoint_AVR8.h **** 			static inline bool Endpoint_HasEndpointInterrupted(const uint8_t EndpointNumber) ATTR_WARN_UNUSE
 453:../../LUFA/Drivers/USB/Core/AVR8/../AVR8/Endpoint_AVR8.h **** 			static inline bool Endpoint_HasEndpointInterrupted(const uint8_t EndpointNumber)
 454:../../LUFA/Drivers/USB/Core/AVR8/../AVR8/Endpoint_AVR8.h **** 			{
 455:../../LUFA/Drivers/USB/Core/AVR8/../AVR8/Endpoint_AVR8.h **** 				return ((Endpoint_GetEndpointInterrupts() & (1 << EndpointNumber)) ? true : false);
 456:../../LUFA/Drivers/USB/Core/AVR8/../AVR8/Endpoint_AVR8.h **** 			}
 457:../../LUFA/Drivers/USB/Core/AVR8/../AVR8/Endpoint_AVR8.h **** 
 458:../../LUFA/Drivers/USB/Core/AVR8/../AVR8/Endpoint_AVR8.h **** 			/** Determines if the selected IN endpoint is ready for a new packet to be sent to the host.
 459:../../LUFA/Drivers/USB/Core/AVR8/../AVR8/Endpoint_AVR8.h **** 			 *
 460:../../LUFA/Drivers/USB/Core/AVR8/../AVR8/Endpoint_AVR8.h **** 			 *  \ingroup Group_EndpointPacketManagement_AVR8
 461:../../LUFA/Drivers/USB/Core/AVR8/../AVR8/Endpoint_AVR8.h **** 			 *
 462:../../LUFA/Drivers/USB/Core/AVR8/../AVR8/Endpoint_AVR8.h **** 			 *  \return Boolean \c true if the current endpoint is ready for an IN packet, \c false otherwis
 463:../../LUFA/Drivers/USB/Core/AVR8/../AVR8/Endpoint_AVR8.h **** 			 */
 464:../../LUFA/Drivers/USB/Core/AVR8/../AVR8/Endpoint_AVR8.h **** 			static inline bool Endpoint_IsINReady(void) ATTR_WARN_UNUSED_RESULT ATTR_ALWAYS_INLINE;
 465:../../LUFA/Drivers/USB/Core/AVR8/../AVR8/Endpoint_AVR8.h **** 			static inline bool Endpoint_IsINReady(void)
 466:../../LUFA/Drivers/USB/Core/AVR8/../AVR8/Endpoint_AVR8.h **** 			{
 467:../../LUFA/Drivers/USB/Core/AVR8/../AVR8/Endpoint_AVR8.h **** 				return ((UEINTX & (1 << TXINI)) ? true : false);
 468:../../LUFA/Drivers/USB/Core/AVR8/../AVR8/Endpoint_AVR8.h **** 			}
 469:../../LUFA/Drivers/USB/Core/AVR8/../AVR8/Endpoint_AVR8.h **** 
 470:../../LUFA/Drivers/USB/Core/AVR8/../AVR8/Endpoint_AVR8.h **** 			/** Determines if the selected OUT endpoint has received new packet from the host.
 471:../../LUFA/Drivers/USB/Core/AVR8/../AVR8/Endpoint_AVR8.h **** 			 *
 472:../../LUFA/Drivers/USB/Core/AVR8/../AVR8/Endpoint_AVR8.h **** 			 *  \ingroup Group_EndpointPacketManagement_AVR8
 473:../../LUFA/Drivers/USB/Core/AVR8/../AVR8/Endpoint_AVR8.h **** 			 *
 474:../../LUFA/Drivers/USB/Core/AVR8/../AVR8/Endpoint_AVR8.h **** 			 *  \return Boolean \c true if current endpoint is has received an OUT packet, \c false otherwis
 475:../../LUFA/Drivers/USB/Core/AVR8/../AVR8/Endpoint_AVR8.h **** 			 */
 476:../../LUFA/Drivers/USB/Core/AVR8/../AVR8/Endpoint_AVR8.h **** 			static inline bool Endpoint_IsOUTReceived(void) ATTR_WARN_UNUSED_RESULT ATTR_ALWAYS_INLINE;
 477:../../LUFA/Drivers/USB/Core/AVR8/../AVR8/Endpoint_AVR8.h **** 			static inline bool Endpoint_IsOUTReceived(void)
 478:../../LUFA/Drivers/USB/Core/AVR8/../AVR8/Endpoint_AVR8.h **** 			{
 479:../../LUFA/Drivers/USB/Core/AVR8/../AVR8/Endpoint_AVR8.h **** 				return ((UEINTX & (1 << RXOUTI)) ? true : false);
 480:../../LUFA/Drivers/USB/Core/AVR8/../AVR8/Endpoint_AVR8.h **** 			}
 481:../../LUFA/Drivers/USB/Core/AVR8/../AVR8/Endpoint_AVR8.h **** 
 482:../../LUFA/Drivers/USB/Core/AVR8/../AVR8/Endpoint_AVR8.h **** 			/** Determines if the current CONTROL type endpoint has received a SETUP packet.
 483:../../LUFA/Drivers/USB/Core/AVR8/../AVR8/Endpoint_AVR8.h **** 			 *
 484:../../LUFA/Drivers/USB/Core/AVR8/../AVR8/Endpoint_AVR8.h **** 			 *  \ingroup Group_EndpointPacketManagement_AVR8
 485:../../LUFA/Drivers/USB/Core/AVR8/../AVR8/Endpoint_AVR8.h **** 			 *
 486:../../LUFA/Drivers/USB/Core/AVR8/../AVR8/Endpoint_AVR8.h **** 			 *  \return Boolean \c true if the selected endpoint has received a SETUP packet, \c false other
 487:../../LUFA/Drivers/USB/Core/AVR8/../AVR8/Endpoint_AVR8.h **** 			 */
 488:../../LUFA/Drivers/USB/Core/AVR8/../AVR8/Endpoint_AVR8.h **** 			static inline bool Endpoint_IsSETUPReceived(void) ATTR_WARN_UNUSED_RESULT ATTR_ALWAYS_INLINE;
 489:../../LUFA/Drivers/USB/Core/AVR8/../AVR8/Endpoint_AVR8.h **** 			static inline bool Endpoint_IsSETUPReceived(void)
 490:../../LUFA/Drivers/USB/Core/AVR8/../AVR8/Endpoint_AVR8.h **** 			{
 491:../../LUFA/Drivers/USB/Core/AVR8/../AVR8/Endpoint_AVR8.h **** 				return ((UEINTX & (1 << RXSTPI)) ? true : false);
  34               		.loc 2 491 0
  35 0006 8091 E800 		lds r24,232
  36               	.LBE20:
  37               	.LBE19:
  64:../../LUFA/Drivers/USB/Core/USBTask.c **** 	{
  65:../../LUFA/Drivers/USB/Core/USBTask.c **** 		uint8_t PrevEndpoint = Endpoint_GetCurrentEndpoint();
  66:../../LUFA/Drivers/USB/Core/USBTask.c **** 
  67:../../LUFA/Drivers/USB/Core/USBTask.c **** 		Endpoint_SelectEndpoint(ENDPOINT_CONTROLEP);
  68:../../LUFA/Drivers/USB/Core/USBTask.c **** 
  69:../../LUFA/Drivers/USB/Core/USBTask.c **** 		if (Endpoint_IsSETUPReceived())
  38               		.loc 1 69 0
  39 000a 83FD      		sbrc r24,3
  70:../../LUFA/Drivers/USB/Core/USBTask.c **** 		  USB_Device_ProcessControlRequest();
  40               		.loc 1 70 0
  41 000c 0C94 0000 		jmp USB_Device_ProcessControlRequest
  42               	.LVL1:
  43               	.L1:
  44 0010 0895      		ret
  45               	.LBE18:
  46               	.LBE17:
  47               	.LBE16:
  48               		.cfi_endproc
  49               	.LFE81:
  51               		.comm	USB_ControlRequest,8,1
  52               		.comm	USB_IsInitialized,1,1
  53               		.text
  54               	.Letext0:
  55               		.file 3 "/usr/lib/avr/include/stdint.h"
  56               		.file 4 "../../LUFA/Drivers/USB/Core/AVR8/../StdRequestType.h"
  57               		.file 5 "../../LUFA/Drivers/USB/Core/AVR8/../Device.h"
  58               		.file 6 "../../LUFA/Drivers/USB/Core/AVR8/../DeviceStandardReq.h"
DEFINED SYMBOLS
                            *ABS*:0000000000000000 USBTask.c
     /tmp/ccmTzQbz.s:2      *ABS*:000000000000003e __SP_H__
     /tmp/ccmTzQbz.s:3      *ABS*:000000000000003d __SP_L__
     /tmp/ccmTzQbz.s:4      *ABS*:000000000000003f __SREG__
     /tmp/ccmTzQbz.s:5      *ABS*:000000000000003b __RAMPZ__
     /tmp/ccmTzQbz.s:6      *ABS*:0000000000000000 __tmp_reg__
     /tmp/ccmTzQbz.s:7      *ABS*:0000000000000001 __zero_reg__
     /tmp/ccmTzQbz.s:14     .text.USB_USBTask:0000000000000000 USB_USBTask
                            *COM*:0000000000000008 USB_ControlRequest
                            *COM*:0000000000000001 USB_IsInitialized

UNDEFINED SYMBOLS
USB_Device_ProcessControlRequest
__do_clear_bss
