   1               		.file	"MIDI.c"
   2               	__SP_H__ = 0x3e
   3               	__SP_L__ = 0x3d
   4               	__SREG__ = 0x3f
   5               	__RAMPZ__ = 0x3b
   6               	__tmp_reg__ = 0
   7               	__zero_reg__ = 1
   8               		.text
   9               	.Ltext0:
  10               		.cfi_sections	.debug_frame
  11               		.section	.text.MIDI_Device_ConfigureEndpoints,"ax",@progbits
  12               	.global	MIDI_Device_ConfigureEndpoints
  14               	MIDI_Device_ConfigureEndpoints:
  15               	.LFB97:
  16               		.file 1 "../../LUFA/Drivers/USB/Class/Device/MIDI.c"
   1:../../LUFA/Drivers/USB/Class/Device/MIDI.c **** /*
   2:../../LUFA/Drivers/USB/Class/Device/MIDI.c ****              LUFA Library
   3:../../LUFA/Drivers/USB/Class/Device/MIDI.c ****      Copyright (C) Dean Camera, 2011.
   4:../../LUFA/Drivers/USB/Class/Device/MIDI.c **** 
   5:../../LUFA/Drivers/USB/Class/Device/MIDI.c ****   dean [at] fourwalledcubicle [dot] com
   6:../../LUFA/Drivers/USB/Class/Device/MIDI.c ****            www.lufa-lib.org
   7:../../LUFA/Drivers/USB/Class/Device/MIDI.c **** */
   8:../../LUFA/Drivers/USB/Class/Device/MIDI.c **** 
   9:../../LUFA/Drivers/USB/Class/Device/MIDI.c **** /*
  10:../../LUFA/Drivers/USB/Class/Device/MIDI.c ****   Copyright 2011  Dean Camera (dean [at] fourwalledcubicle [dot] com)
  11:../../LUFA/Drivers/USB/Class/Device/MIDI.c **** 
  12:../../LUFA/Drivers/USB/Class/Device/MIDI.c ****   Permission to use, copy, modify, distribute, and sell this
  13:../../LUFA/Drivers/USB/Class/Device/MIDI.c ****   software and its documentation for any purpose is hereby granted
  14:../../LUFA/Drivers/USB/Class/Device/MIDI.c ****   without fee, provided that the above copyright notice appear in
  15:../../LUFA/Drivers/USB/Class/Device/MIDI.c ****   all copies and that both that the copyright notice and this
  16:../../LUFA/Drivers/USB/Class/Device/MIDI.c ****   permission notice and warranty disclaimer appear in supporting
  17:../../LUFA/Drivers/USB/Class/Device/MIDI.c ****   documentation, and that the name of the author not be used in
  18:../../LUFA/Drivers/USB/Class/Device/MIDI.c ****   advertising or publicity pertaining to distribution of the
  19:../../LUFA/Drivers/USB/Class/Device/MIDI.c ****   software without specific, written prior permission.
  20:../../LUFA/Drivers/USB/Class/Device/MIDI.c **** 
  21:../../LUFA/Drivers/USB/Class/Device/MIDI.c ****   The author disclaim all warranties with regard to this
  22:../../LUFA/Drivers/USB/Class/Device/MIDI.c ****   software, including all implied warranties of merchantability
  23:../../LUFA/Drivers/USB/Class/Device/MIDI.c ****   and fitness.  In no event shall the author be liable for any
  24:../../LUFA/Drivers/USB/Class/Device/MIDI.c ****   special, indirect or consequential damages or any damages
  25:../../LUFA/Drivers/USB/Class/Device/MIDI.c ****   whatsoever resulting from loss of use, data or profits, whether
  26:../../LUFA/Drivers/USB/Class/Device/MIDI.c ****   in an action of contract, negligence or other tortious action,
  27:../../LUFA/Drivers/USB/Class/Device/MIDI.c ****   arising out of or in connection with the use or performance of
  28:../../LUFA/Drivers/USB/Class/Device/MIDI.c ****   this software.
  29:../../LUFA/Drivers/USB/Class/Device/MIDI.c **** */
  30:../../LUFA/Drivers/USB/Class/Device/MIDI.c **** 
  31:../../LUFA/Drivers/USB/Class/Device/MIDI.c **** #define  __INCLUDE_FROM_USB_DRIVER
  32:../../LUFA/Drivers/USB/Class/Device/MIDI.c **** #include "../../Core/USBMode.h"
  33:../../LUFA/Drivers/USB/Class/Device/MIDI.c **** 
  34:../../LUFA/Drivers/USB/Class/Device/MIDI.c **** #if defined(USB_CAN_BE_DEVICE)
  35:../../LUFA/Drivers/USB/Class/Device/MIDI.c **** 
  36:../../LUFA/Drivers/USB/Class/Device/MIDI.c **** #define  __INCLUDE_FROM_MIDI_DRIVER
  37:../../LUFA/Drivers/USB/Class/Device/MIDI.c **** #define  __INCLUDE_FROM_MIDI_DEVICE_C
  38:../../LUFA/Drivers/USB/Class/Device/MIDI.c **** #include "MIDI.h"
  39:../../LUFA/Drivers/USB/Class/Device/MIDI.c **** 
  40:../../LUFA/Drivers/USB/Class/Device/MIDI.c **** bool MIDI_Device_ConfigureEndpoints(USB_ClassInfo_MIDI_Device_t* const MIDIInterfaceInfo)
  41:../../LUFA/Drivers/USB/Class/Device/MIDI.c **** {
  17               		.loc 1 41 0
  18               		.cfi_startproc
  19               	.LVL0:
  20 0000 0F93      		push r16
  21               	.LCFI0:
  22               		.cfi_def_cfa_offset 3
  23               		.cfi_offset 16, -2
  24 0002 1F93      		push r17
  25               	.LCFI1:
  26               		.cfi_def_cfa_offset 4
  27               		.cfi_offset 17, -3
  28 0004 CF93      		push r28
  29               	.LCFI2:
  30               		.cfi_def_cfa_offset 5
  31               		.cfi_offset 28, -4
  32               	/* prologue: function */
  33               	/* frame size = 0 */
  34               	/* stack size = 3 */
  35               	.L__stack_usage = 3
  36 0006 8C01      		movw r16,r24
  37               	.LVL1:
  38               	.LBB30:
  42:../../LUFA/Drivers/USB/Class/Device/MIDI.c **** 	memset(&MIDIInterfaceInfo->State, 0x00, sizeof(MIDIInterfaceInfo->State));
  43:../../LUFA/Drivers/USB/Class/Device/MIDI.c **** 
  44:../../LUFA/Drivers/USB/Class/Device/MIDI.c **** 	for (uint8_t EndpointNum = 1; EndpointNum < ENDPOINT_TOTAL_ENDPOINTS; EndpointNum++)
  39               		.loc 1 44 0
  40 0008 C1E0      		ldi r28,lo8(1)
  41               	.LVL2:
  42               	.L5:
  43               	.LBB31:
  45:../../LUFA/Drivers/USB/Class/Device/MIDI.c **** 	{
  46:../../LUFA/Drivers/USB/Class/Device/MIDI.c **** 		uint16_t Size;
  47:../../LUFA/Drivers/USB/Class/Device/MIDI.c **** 		uint8_t  Type;
  48:../../LUFA/Drivers/USB/Class/Device/MIDI.c **** 		uint8_t  Direction;
  49:../../LUFA/Drivers/USB/Class/Device/MIDI.c **** 		bool     DoubleBanked;
  50:../../LUFA/Drivers/USB/Class/Device/MIDI.c **** 
  51:../../LUFA/Drivers/USB/Class/Device/MIDI.c **** 		if (EndpointNum == MIDIInterfaceInfo->Config.DataINEndpointNumber)
  44               		.loc 1 51 0
  45 000a F801      		movw r30,r16
  46 000c 8181      		ldd r24,Z+1
  47 000e 8C13      		cpse r24,r28
  48 0010 00C0      		rjmp .L2
  52:../../LUFA/Drivers/USB/Class/Device/MIDI.c **** 		{
  53:../../LUFA/Drivers/USB/Class/Device/MIDI.c **** 			Size         = MIDIInterfaceInfo->Config.DataINEndpointSize;
  49               		.loc 1 53 0
  50 0012 6281      		ldd r22,Z+2
  51 0014 7381      		ldd r23,Z+3
  52               	.LVL3:
  54:../../LUFA/Drivers/USB/Class/Device/MIDI.c **** 			Direction    = ENDPOINT_DIR_IN;
  55:../../LUFA/Drivers/USB/Class/Device/MIDI.c **** 			Type         = EP_TYPE_BULK;
  56:../../LUFA/Drivers/USB/Class/Device/MIDI.c **** 			DoubleBanked = MIDIInterfaceInfo->Config.DataINEndpointDoubleBank;
  53               		.loc 1 56 0
  54 0016 8481      		ldd r24,Z+4
  55               	.LVL4:
  54:../../LUFA/Drivers/USB/Class/Device/MIDI.c **** 			Direction    = ENDPOINT_DIR_IN;
  56               		.loc 1 54 0
  57 0018 90E8      		ldi r25,lo8(-128)
  58 001a 00C0      		rjmp .L3
  59               	.LVL5:
  60               	.L2:
  57:../../LUFA/Drivers/USB/Class/Device/MIDI.c **** 		}
  58:../../LUFA/Drivers/USB/Class/Device/MIDI.c **** 		else if (EndpointNum == MIDIInterfaceInfo->Config.DataOUTEndpointNumber)
  61               		.loc 1 58 0
  62 001c F801      		movw r30,r16
  63 001e 8581      		ldd r24,Z+5
  64 0020 8C17      		cp r24,r28
  65 0022 01F0      		breq .L4
  66               	.L11:
  67               	.LBE31:
  44:../../LUFA/Drivers/USB/Class/Device/MIDI.c **** 	{
  68               		.loc 1 44 0
  69 0024 CF5F      		subi r28,lo8(-(1))
  70               	.LVL6:
  71 0026 C730      		cpi r28,lo8(7)
  72 0028 01F4      		brne .L5
  73               	.LBE30:
  59:../../LUFA/Drivers/USB/Class/Device/MIDI.c **** 		{
  60:../../LUFA/Drivers/USB/Class/Device/MIDI.c **** 			Size         = MIDIInterfaceInfo->Config.DataOUTEndpointSize;
  61:../../LUFA/Drivers/USB/Class/Device/MIDI.c **** 			Direction    = ENDPOINT_DIR_OUT;
  62:../../LUFA/Drivers/USB/Class/Device/MIDI.c **** 			Type         = EP_TYPE_BULK;
  63:../../LUFA/Drivers/USB/Class/Device/MIDI.c **** 			DoubleBanked = MIDIInterfaceInfo->Config.DataOUTEndpointDoubleBank;
  64:../../LUFA/Drivers/USB/Class/Device/MIDI.c **** 		}
  65:../../LUFA/Drivers/USB/Class/Device/MIDI.c **** 		else
  66:../../LUFA/Drivers/USB/Class/Device/MIDI.c **** 		{
  67:../../LUFA/Drivers/USB/Class/Device/MIDI.c **** 			continue;
  68:../../LUFA/Drivers/USB/Class/Device/MIDI.c **** 		}
  69:../../LUFA/Drivers/USB/Class/Device/MIDI.c **** 
  70:../../LUFA/Drivers/USB/Class/Device/MIDI.c **** 		if (!(Endpoint_ConfigureEndpoint(EndpointNum, Type, Direction, Size,
  71:../../LUFA/Drivers/USB/Class/Device/MIDI.c **** 		                                 DoubleBanked ? ENDPOINT_BANK_DOUBLE : ENDPOINT_BANK_SINGLE)))
  72:../../LUFA/Drivers/USB/Class/Device/MIDI.c **** 		{
  73:../../LUFA/Drivers/USB/Class/Device/MIDI.c **** 			return false;
  74:../../LUFA/Drivers/USB/Class/Device/MIDI.c **** 		}
  75:../../LUFA/Drivers/USB/Class/Device/MIDI.c **** 	}
  76:../../LUFA/Drivers/USB/Class/Device/MIDI.c **** 
  77:../../LUFA/Drivers/USB/Class/Device/MIDI.c **** 	return true;
  74               		.loc 1 77 0
  75 002a 81E0      		ldi r24,lo8(1)
  76 002c 00C0      		rjmp .L6
  77               	.L4:
  78               	.LBB37:
  79               	.LBB36:
  60:../../LUFA/Drivers/USB/Class/Device/MIDI.c **** 			Direction    = ENDPOINT_DIR_OUT;
  80               		.loc 1 60 0
  81 002e F801      		movw r30,r16
  82 0030 6681      		ldd r22,Z+6
  83 0032 7781      		ldd r23,Z+7
  84               	.LVL7:
  63:../../LUFA/Drivers/USB/Class/Device/MIDI.c **** 		}
  85               		.loc 1 63 0
  86 0034 8085      		ldd r24,Z+8
  87               	.LVL8:
  61:../../LUFA/Drivers/USB/Class/Device/MIDI.c **** 			Type         = EP_TYPE_BULK;
  88               		.loc 1 61 0
  89 0036 90E0      		ldi r25,0
  90               	.LVL9:
  91               	.L3:
  70:../../LUFA/Drivers/USB/Class/Device/MIDI.c **** 		                                 DoubleBanked ? ENDPOINT_BANK_DOUBLE : ENDPOINT_BANK_SINGLE)))
  92               		.loc 1 70 0
  93 0038 8111      		cpse r24,__zero_reg__
  94 003a 84E0      		ldi r24,lo8(4)
  95               	.LVL10:
  96               	.L7:
  97               	.LBB32:
  98               	.LBB33:
  99               	.LBB34:
 100               	.LBB35:
 101               		.file 2 "../../LUFA/Drivers/USB/Class/Device/../../Core/AVR8/../AVR8/Endpoint_AVR8.h"
   1:../../LUFA/Drivers/USB/Class/Device/../../Core/AVR8/../AVR8/Endpoint_AVR8.h **** /*
   2:../../LUFA/Drivers/USB/Class/Device/../../Core/AVR8/../AVR8/Endpoint_AVR8.h ****              LUFA Library
   3:../../LUFA/Drivers/USB/Class/Device/../../Core/AVR8/../AVR8/Endpoint_AVR8.h ****      Copyright (C) Dean Camera, 2011.
   4:../../LUFA/Drivers/USB/Class/Device/../../Core/AVR8/../AVR8/Endpoint_AVR8.h **** 
   5:../../LUFA/Drivers/USB/Class/Device/../../Core/AVR8/../AVR8/Endpoint_AVR8.h ****   dean [at] fourwalledcubicle [dot] com
   6:../../LUFA/Drivers/USB/Class/Device/../../Core/AVR8/../AVR8/Endpoint_AVR8.h ****            www.lufa-lib.org
   7:../../LUFA/Drivers/USB/Class/Device/../../Core/AVR8/../AVR8/Endpoint_AVR8.h **** */
   8:../../LUFA/Drivers/USB/Class/Device/../../Core/AVR8/../AVR8/Endpoint_AVR8.h **** 
   9:../../LUFA/Drivers/USB/Class/Device/../../Core/AVR8/../AVR8/Endpoint_AVR8.h **** /*
  10:../../LUFA/Drivers/USB/Class/Device/../../Core/AVR8/../AVR8/Endpoint_AVR8.h ****   Copyright 2011  Dean Camera (dean [at] fourwalledcubicle [dot] com)
  11:../../LUFA/Drivers/USB/Class/Device/../../Core/AVR8/../AVR8/Endpoint_AVR8.h **** 
  12:../../LUFA/Drivers/USB/Class/Device/../../Core/AVR8/../AVR8/Endpoint_AVR8.h ****   Permission to use, copy, modify, distribute, and sell this
  13:../../LUFA/Drivers/USB/Class/Device/../../Core/AVR8/../AVR8/Endpoint_AVR8.h ****   software and its documentation for any purpose is hereby granted
  14:../../LUFA/Drivers/USB/Class/Device/../../Core/AVR8/../AVR8/Endpoint_AVR8.h ****   without fee, provided that the above copyright notice appear in
  15:../../LUFA/Drivers/USB/Class/Device/../../Core/AVR8/../AVR8/Endpoint_AVR8.h ****   all copies and that both that the copyright notice and this
  16:../../LUFA/Drivers/USB/Class/Device/../../Core/AVR8/../AVR8/Endpoint_AVR8.h ****   permission notice and warranty disclaimer appear in supporting
  17:../../LUFA/Drivers/USB/Class/Device/../../Core/AVR8/../AVR8/Endpoint_AVR8.h ****   documentation, and that the name of the author not be used in
  18:../../LUFA/Drivers/USB/Class/Device/../../Core/AVR8/../AVR8/Endpoint_AVR8.h ****   advertising or publicity pertaining to distribution of the
  19:../../LUFA/Drivers/USB/Class/Device/../../Core/AVR8/../AVR8/Endpoint_AVR8.h ****   software without specific, written prior permission.
  20:../../LUFA/Drivers/USB/Class/Device/../../Core/AVR8/../AVR8/Endpoint_AVR8.h **** 
  21:../../LUFA/Drivers/USB/Class/Device/../../Core/AVR8/../AVR8/Endpoint_AVR8.h ****   The author disclaim all warranties with regard to this
  22:../../LUFA/Drivers/USB/Class/Device/../../Core/AVR8/../AVR8/Endpoint_AVR8.h ****   software, including all implied warranties of merchantability
  23:../../LUFA/Drivers/USB/Class/Device/../../Core/AVR8/../AVR8/Endpoint_AVR8.h ****   and fitness.  In no event shall the author be liable for any
  24:../../LUFA/Drivers/USB/Class/Device/../../Core/AVR8/../AVR8/Endpoint_AVR8.h ****   special, indirect or consequential damages or any damages
  25:../../LUFA/Drivers/USB/Class/Device/../../Core/AVR8/../AVR8/Endpoint_AVR8.h ****   whatsoever resulting from loss of use, data or profits, whether
  26:../../LUFA/Drivers/USB/Class/Device/../../Core/AVR8/../AVR8/Endpoint_AVR8.h ****   in an action of contract, negligence or other tortious action,
  27:../../LUFA/Drivers/USB/Class/Device/../../Core/AVR8/../AVR8/Endpoint_AVR8.h ****   arising out of or in connection with the use or performance of
  28:../../LUFA/Drivers/USB/Class/Device/../../Core/AVR8/../AVR8/Endpoint_AVR8.h ****   this software.
  29:../../LUFA/Drivers/USB/Class/Device/../../Core/AVR8/../AVR8/Endpoint_AVR8.h **** */
  30:../../LUFA/Drivers/USB/Class/Device/../../Core/AVR8/../AVR8/Endpoint_AVR8.h **** 
  31:../../LUFA/Drivers/USB/Class/Device/../../Core/AVR8/../AVR8/Endpoint_AVR8.h **** /** \file
  32:../../LUFA/Drivers/USB/Class/Device/../../Core/AVR8/../AVR8/Endpoint_AVR8.h ****  *  \brief USB Endpoint definitions for the AVR8 microcontrollers.
  33:../../LUFA/Drivers/USB/Class/Device/../../Core/AVR8/../AVR8/Endpoint_AVR8.h ****  *  \copydetails Group_EndpointManagement_AVR8
  34:../../LUFA/Drivers/USB/Class/Device/../../Core/AVR8/../AVR8/Endpoint_AVR8.h ****  *
  35:../../LUFA/Drivers/USB/Class/Device/../../Core/AVR8/../AVR8/Endpoint_AVR8.h ****  *  \note This file should not be included directly. It is automatically included as needed by the 
  36:../../LUFA/Drivers/USB/Class/Device/../../Core/AVR8/../AVR8/Endpoint_AVR8.h ****  *        dispatch header located in LUFA/Drivers/USB/USB.h.
  37:../../LUFA/Drivers/USB/Class/Device/../../Core/AVR8/../AVR8/Endpoint_AVR8.h ****  */
  38:../../LUFA/Drivers/USB/Class/Device/../../Core/AVR8/../AVR8/Endpoint_AVR8.h **** 
  39:../../LUFA/Drivers/USB/Class/Device/../../Core/AVR8/../AVR8/Endpoint_AVR8.h **** /** \ingroup Group_EndpointRW
  40:../../LUFA/Drivers/USB/Class/Device/../../Core/AVR8/../AVR8/Endpoint_AVR8.h ****  *  \defgroup Group_EndpointRW_AVR8 Endpoint Data Reading and Writing (AVR8)
  41:../../LUFA/Drivers/USB/Class/Device/../../Core/AVR8/../AVR8/Endpoint_AVR8.h ****  *  \brief Endpoint data read/write definitions for the Atmel AVR8 architecture.
  42:../../LUFA/Drivers/USB/Class/Device/../../Core/AVR8/../AVR8/Endpoint_AVR8.h ****  *
  43:../../LUFA/Drivers/USB/Class/Device/../../Core/AVR8/../AVR8/Endpoint_AVR8.h ****  *  Functions, macros, variables, enums and types related to data reading and writing from and to e
  44:../../LUFA/Drivers/USB/Class/Device/../../Core/AVR8/../AVR8/Endpoint_AVR8.h ****  */
  45:../../LUFA/Drivers/USB/Class/Device/../../Core/AVR8/../AVR8/Endpoint_AVR8.h **** 
  46:../../LUFA/Drivers/USB/Class/Device/../../Core/AVR8/../AVR8/Endpoint_AVR8.h **** /** \ingroup Group_EndpointPrimitiveRW
  47:../../LUFA/Drivers/USB/Class/Device/../../Core/AVR8/../AVR8/Endpoint_AVR8.h ****  *  \defgroup Group_EndpointPrimitiveRW_AVR8 Read/Write of Primitive Data Types (AVR8)
  48:../../LUFA/Drivers/USB/Class/Device/../../Core/AVR8/../AVR8/Endpoint_AVR8.h ****  *  \brief Endpoint primitive read/write definitions for the Atmel AVR8 architecture.
  49:../../LUFA/Drivers/USB/Class/Device/../../Core/AVR8/../AVR8/Endpoint_AVR8.h ****  *
  50:../../LUFA/Drivers/USB/Class/Device/../../Core/AVR8/../AVR8/Endpoint_AVR8.h ****  *  Functions, macros, variables, enums and types related to data reading and writing of primitive 
  51:../../LUFA/Drivers/USB/Class/Device/../../Core/AVR8/../AVR8/Endpoint_AVR8.h ****  *  from and to endpoints.
  52:../../LUFA/Drivers/USB/Class/Device/../../Core/AVR8/../AVR8/Endpoint_AVR8.h ****  */
  53:../../LUFA/Drivers/USB/Class/Device/../../Core/AVR8/../AVR8/Endpoint_AVR8.h **** 
  54:../../LUFA/Drivers/USB/Class/Device/../../Core/AVR8/../AVR8/Endpoint_AVR8.h **** /** \ingroup Group_EndpointPacketManagement
  55:../../LUFA/Drivers/USB/Class/Device/../../Core/AVR8/../AVR8/Endpoint_AVR8.h ****  *  \defgroup Group_EndpointPacketManagement_AVR8 Endpoint Packet Management (AVR8)
  56:../../LUFA/Drivers/USB/Class/Device/../../Core/AVR8/../AVR8/Endpoint_AVR8.h ****  *  \brief Endpoint packet management definitions for the Atmel AVR8 architecture.
  57:../../LUFA/Drivers/USB/Class/Device/../../Core/AVR8/../AVR8/Endpoint_AVR8.h ****  *
  58:../../LUFA/Drivers/USB/Class/Device/../../Core/AVR8/../AVR8/Endpoint_AVR8.h ****  *  Functions, macros, variables, enums and types related to packet management of endpoints.
  59:../../LUFA/Drivers/USB/Class/Device/../../Core/AVR8/../AVR8/Endpoint_AVR8.h ****  */
  60:../../LUFA/Drivers/USB/Class/Device/../../Core/AVR8/../AVR8/Endpoint_AVR8.h **** 
  61:../../LUFA/Drivers/USB/Class/Device/../../Core/AVR8/../AVR8/Endpoint_AVR8.h **** /** \ingroup Group_EndpointManagement
  62:../../LUFA/Drivers/USB/Class/Device/../../Core/AVR8/../AVR8/Endpoint_AVR8.h ****  *  \defgroup Group_EndpointManagement_AVR8 Endpoint Management (AVR8)
  63:../../LUFA/Drivers/USB/Class/Device/../../Core/AVR8/../AVR8/Endpoint_AVR8.h ****  *  \brief Endpoint management definitions for the Atmel AVR8 architecture.
  64:../../LUFA/Drivers/USB/Class/Device/../../Core/AVR8/../AVR8/Endpoint_AVR8.h ****  *
  65:../../LUFA/Drivers/USB/Class/Device/../../Core/AVR8/../AVR8/Endpoint_AVR8.h ****  *  Functions, macros and enums related to endpoint management when in USB Device mode. This
  66:../../LUFA/Drivers/USB/Class/Device/../../Core/AVR8/../AVR8/Endpoint_AVR8.h ****  *  module contains the endpoint management macros, as well as endpoint interrupt and data
  67:../../LUFA/Drivers/USB/Class/Device/../../Core/AVR8/../AVR8/Endpoint_AVR8.h ****  *  send/receive functions for various data types.
  68:../../LUFA/Drivers/USB/Class/Device/../../Core/AVR8/../AVR8/Endpoint_AVR8.h ****  *
  69:../../LUFA/Drivers/USB/Class/Device/../../Core/AVR8/../AVR8/Endpoint_AVR8.h ****  *  @{
  70:../../LUFA/Drivers/USB/Class/Device/../../Core/AVR8/../AVR8/Endpoint_AVR8.h ****  */
  71:../../LUFA/Drivers/USB/Class/Device/../../Core/AVR8/../AVR8/Endpoint_AVR8.h **** 
  72:../../LUFA/Drivers/USB/Class/Device/../../Core/AVR8/../AVR8/Endpoint_AVR8.h **** #ifndef __ENDPOINT_AVR8_H__
  73:../../LUFA/Drivers/USB/Class/Device/../../Core/AVR8/../AVR8/Endpoint_AVR8.h **** #define __ENDPOINT_AVR8_H__
  74:../../LUFA/Drivers/USB/Class/Device/../../Core/AVR8/../AVR8/Endpoint_AVR8.h **** 
  75:../../LUFA/Drivers/USB/Class/Device/../../Core/AVR8/../AVR8/Endpoint_AVR8.h **** 	/* Includes: */
  76:../../LUFA/Drivers/USB/Class/Device/../../Core/AVR8/../AVR8/Endpoint_AVR8.h **** 		#include "../../../../Common/Common.h"
  77:../../LUFA/Drivers/USB/Class/Device/../../Core/AVR8/../AVR8/Endpoint_AVR8.h **** 		#include "../USBTask.h"
  78:../../LUFA/Drivers/USB/Class/Device/../../Core/AVR8/../AVR8/Endpoint_AVR8.h **** 		#include "../USBInterrupt.h"
  79:../../LUFA/Drivers/USB/Class/Device/../../Core/AVR8/../AVR8/Endpoint_AVR8.h **** 
  80:../../LUFA/Drivers/USB/Class/Device/../../Core/AVR8/../AVR8/Endpoint_AVR8.h **** 	/* Enable C linkage for C++ Compilers: */
  81:../../LUFA/Drivers/USB/Class/Device/../../Core/AVR8/../AVR8/Endpoint_AVR8.h **** 		#if defined(__cplusplus)
  82:../../LUFA/Drivers/USB/Class/Device/../../Core/AVR8/../AVR8/Endpoint_AVR8.h **** 			extern "C" {
  83:../../LUFA/Drivers/USB/Class/Device/../../Core/AVR8/../AVR8/Endpoint_AVR8.h **** 		#endif
  84:../../LUFA/Drivers/USB/Class/Device/../../Core/AVR8/../AVR8/Endpoint_AVR8.h **** 
  85:../../LUFA/Drivers/USB/Class/Device/../../Core/AVR8/../AVR8/Endpoint_AVR8.h **** 	/* Preprocessor Checks: */
  86:../../LUFA/Drivers/USB/Class/Device/../../Core/AVR8/../AVR8/Endpoint_AVR8.h **** 		#if !defined(__INCLUDE_FROM_USB_DRIVER)
  87:../../LUFA/Drivers/USB/Class/Device/../../Core/AVR8/../AVR8/Endpoint_AVR8.h **** 			#error Do not include this file directly. Include LUFA/Drivers/USB/USB.h instead.
  88:../../LUFA/Drivers/USB/Class/Device/../../Core/AVR8/../AVR8/Endpoint_AVR8.h **** 		#endif
  89:../../LUFA/Drivers/USB/Class/Device/../../Core/AVR8/../AVR8/Endpoint_AVR8.h **** 
  90:../../LUFA/Drivers/USB/Class/Device/../../Core/AVR8/../AVR8/Endpoint_AVR8.h **** 	/* Private Interface - For use in library only: */
  91:../../LUFA/Drivers/USB/Class/Device/../../Core/AVR8/../AVR8/Endpoint_AVR8.h **** 	#if !defined(__DOXYGEN__)
  92:../../LUFA/Drivers/USB/Class/Device/../../Core/AVR8/../AVR8/Endpoint_AVR8.h **** 		/* Macros: */
  93:../../LUFA/Drivers/USB/Class/Device/../../Core/AVR8/../AVR8/Endpoint_AVR8.h **** 			#define _ENDPOINT_GET_MAXSIZE(EPIndex)         _ENDPOINT_GET_MAXSIZE2(ENDPOINT_DETAILS_EP ## EPI
  94:../../LUFA/Drivers/USB/Class/Device/../../Core/AVR8/../AVR8/Endpoint_AVR8.h **** 			#define _ENDPOINT_GET_MAXSIZE2(EPDetails)      _ENDPOINT_GET_MAXSIZE3(EPDetails)
  95:../../LUFA/Drivers/USB/Class/Device/../../Core/AVR8/../AVR8/Endpoint_AVR8.h **** 			#define _ENDPOINT_GET_MAXSIZE3(MaxSize, Banks) (MaxSize)
  96:../../LUFA/Drivers/USB/Class/Device/../../Core/AVR8/../AVR8/Endpoint_AVR8.h **** 
  97:../../LUFA/Drivers/USB/Class/Device/../../Core/AVR8/../AVR8/Endpoint_AVR8.h **** 			#define _ENDPOINT_GET_BANKS(EPIndex)           _ENDPOINT_GET_BANKS2(ENDPOINT_DETAILS_EP ## EPInd
  98:../../LUFA/Drivers/USB/Class/Device/../../Core/AVR8/../AVR8/Endpoint_AVR8.h **** 			#define _ENDPOINT_GET_BANKS2(EPDetails)        _ENDPOINT_GET_BANKS3(EPDetails)
  99:../../LUFA/Drivers/USB/Class/Device/../../Core/AVR8/../AVR8/Endpoint_AVR8.h **** 			#define _ENDPOINT_GET_BANKS3(MaxSize, Banks)   (Banks)
 100:../../LUFA/Drivers/USB/Class/Device/../../Core/AVR8/../AVR8/Endpoint_AVR8.h **** 
 101:../../LUFA/Drivers/USB/Class/Device/../../Core/AVR8/../AVR8/Endpoint_AVR8.h **** 			#if defined(USB_SERIES_4_AVR) || defined(USB_SERIES_6_AVR) || defined(USB_SERIES_7_AVR)
 102:../../LUFA/Drivers/USB/Class/Device/../../Core/AVR8/../AVR8/Endpoint_AVR8.h **** 				#define ENDPOINT_DETAILS_MAXEP             7
 103:../../LUFA/Drivers/USB/Class/Device/../../Core/AVR8/../AVR8/Endpoint_AVR8.h **** 
 104:../../LUFA/Drivers/USB/Class/Device/../../Core/AVR8/../AVR8/Endpoint_AVR8.h **** 				#define ENDPOINT_DETAILS_EP0               64,  1
 105:../../LUFA/Drivers/USB/Class/Device/../../Core/AVR8/../AVR8/Endpoint_AVR8.h **** 				#define ENDPOINT_DETAILS_EP1               256, 2
 106:../../LUFA/Drivers/USB/Class/Device/../../Core/AVR8/../AVR8/Endpoint_AVR8.h **** 				#define ENDPOINT_DETAILS_EP2               64,  2
 107:../../LUFA/Drivers/USB/Class/Device/../../Core/AVR8/../AVR8/Endpoint_AVR8.h **** 				#define ENDPOINT_DETAILS_EP3               64,  2
 108:../../LUFA/Drivers/USB/Class/Device/../../Core/AVR8/../AVR8/Endpoint_AVR8.h **** 				#define ENDPOINT_DETAILS_EP4               64,  2
 109:../../LUFA/Drivers/USB/Class/Device/../../Core/AVR8/../AVR8/Endpoint_AVR8.h **** 				#define ENDPOINT_DETAILS_EP5               64,  2
 110:../../LUFA/Drivers/USB/Class/Device/../../Core/AVR8/../AVR8/Endpoint_AVR8.h **** 				#define ENDPOINT_DETAILS_EP6               64,  2
 111:../../LUFA/Drivers/USB/Class/Device/../../Core/AVR8/../AVR8/Endpoint_AVR8.h **** 			#else
 112:../../LUFA/Drivers/USB/Class/Device/../../Core/AVR8/../AVR8/Endpoint_AVR8.h **** 				#define ENDPOINT_DETAILS_MAXEP             5
 113:../../LUFA/Drivers/USB/Class/Device/../../Core/AVR8/../AVR8/Endpoint_AVR8.h **** 
 114:../../LUFA/Drivers/USB/Class/Device/../../Core/AVR8/../AVR8/Endpoint_AVR8.h **** 				#define ENDPOINT_DETAILS_EP0               64,  1
 115:../../LUFA/Drivers/USB/Class/Device/../../Core/AVR8/../AVR8/Endpoint_AVR8.h **** 				#define ENDPOINT_DETAILS_EP1               64,  1
 116:../../LUFA/Drivers/USB/Class/Device/../../Core/AVR8/../AVR8/Endpoint_AVR8.h **** 				#define ENDPOINT_DETAILS_EP2               64,  1
 117:../../LUFA/Drivers/USB/Class/Device/../../Core/AVR8/../AVR8/Endpoint_AVR8.h **** 				#define ENDPOINT_DETAILS_EP3               64,  2
 118:../../LUFA/Drivers/USB/Class/Device/../../Core/AVR8/../AVR8/Endpoint_AVR8.h **** 				#define ENDPOINT_DETAILS_EP4               64,  2
 119:../../LUFA/Drivers/USB/Class/Device/../../Core/AVR8/../AVR8/Endpoint_AVR8.h **** 			#endif
 120:../../LUFA/Drivers/USB/Class/Device/../../Core/AVR8/../AVR8/Endpoint_AVR8.h **** 
 121:../../LUFA/Drivers/USB/Class/Device/../../Core/AVR8/../AVR8/Endpoint_AVR8.h **** 		/* Inline Functions: */
 122:../../LUFA/Drivers/USB/Class/Device/../../Core/AVR8/../AVR8/Endpoint_AVR8.h **** 			static inline uint8_t Endpoint_BytesToEPSizeMask(const uint16_t Bytes) ATTR_WARN_UNUSED_RESULT A
 123:../../LUFA/Drivers/USB/Class/Device/../../Core/AVR8/../AVR8/Endpoint_AVR8.h **** 			                                                                       ATTR_ALWAYS_INLINE;
 124:../../LUFA/Drivers/USB/Class/Device/../../Core/AVR8/../AVR8/Endpoint_AVR8.h **** 			static inline uint8_t Endpoint_BytesToEPSizeMask(const uint16_t Bytes)
 125:../../LUFA/Drivers/USB/Class/Device/../../Core/AVR8/../AVR8/Endpoint_AVR8.h **** 			{
 126:../../LUFA/Drivers/USB/Class/Device/../../Core/AVR8/../AVR8/Endpoint_AVR8.h **** 				uint8_t  MaskVal    = 0;
 127:../../LUFA/Drivers/USB/Class/Device/../../Core/AVR8/../AVR8/Endpoint_AVR8.h **** 				uint16_t CheckBytes = 8;
 102               		.loc 2 127 0 discriminator 4
 103 003c 28E0      		ldi r18,lo8(8)
 104 003e 30E0      		ldi r19,0
 126:../../LUFA/Drivers/USB/Class/Device/../../Core/AVR8/../AVR8/Endpoint_AVR8.h **** 				uint16_t CheckBytes = 8;
 105               		.loc 2 126 0 discriminator 4
 106 0040 40E0      		ldi r20,0
 107               	.LVL11:
 108               	.L8:
 128:../../LUFA/Drivers/USB/Class/Device/../../Core/AVR8/../AVR8/Endpoint_AVR8.h **** 
 129:../../LUFA/Drivers/USB/Class/Device/../../Core/AVR8/../AVR8/Endpoint_AVR8.h **** 				while (CheckBytes < Bytes)
 109               		.loc 2 129 0
 110 0042 2617      		cp r18,r22
 111 0044 3707      		cpc r19,r23
 112 0046 00F4      		brsh .L15
 130:../../LUFA/Drivers/USB/Class/Device/../../Core/AVR8/../AVR8/Endpoint_AVR8.h **** 				{
 131:../../LUFA/Drivers/USB/Class/Device/../../Core/AVR8/../AVR8/Endpoint_AVR8.h **** 					MaskVal++;
 113               		.loc 2 131 0
 114 0048 4F5F      		subi r20,lo8(-(1))
 115               	.LVL12:
 132:../../LUFA/Drivers/USB/Class/Device/../../Core/AVR8/../AVR8/Endpoint_AVR8.h **** 					CheckBytes <<= 1;
 116               		.loc 2 132 0
 117 004a 220F      		lsl r18
 118 004c 331F      		rol r19
 119               	.LVL13:
 120 004e 00C0      		rjmp .L8
 121               	.L15:
 122               	.LVL14:
 123               	.LBE35:
 124               	.LBE34:
 133:../../LUFA/Drivers/USB/Class/Device/../../Core/AVR8/../AVR8/Endpoint_AVR8.h **** 				}
 134:../../LUFA/Drivers/USB/Class/Device/../../Core/AVR8/../AVR8/Endpoint_AVR8.h **** 
 135:../../LUFA/Drivers/USB/Class/Device/../../Core/AVR8/../AVR8/Endpoint_AVR8.h **** 				return (MaskVal << EPSIZE0);
 136:../../LUFA/Drivers/USB/Class/Device/../../Core/AVR8/../AVR8/Endpoint_AVR8.h **** 			}
 137:../../LUFA/Drivers/USB/Class/Device/../../Core/AVR8/../AVR8/Endpoint_AVR8.h **** 
 138:../../LUFA/Drivers/USB/Class/Device/../../Core/AVR8/../AVR8/Endpoint_AVR8.h **** 		/* Function Prototypes: */
 139:../../LUFA/Drivers/USB/Class/Device/../../Core/AVR8/../AVR8/Endpoint_AVR8.h **** 			void Endpoint_ClearEndpoints(void);
 140:../../LUFA/Drivers/USB/Class/Device/../../Core/AVR8/../AVR8/Endpoint_AVR8.h **** 			bool Endpoint_ConfigureEndpoint_Prv(const uint8_t Number,
 141:../../LUFA/Drivers/USB/Class/Device/../../Core/AVR8/../AVR8/Endpoint_AVR8.h **** 			                                    const uint8_t UECFG0XData,
 142:../../LUFA/Drivers/USB/Class/Device/../../Core/AVR8/../AVR8/Endpoint_AVR8.h **** 			                                    const uint8_t UECFG1XData);
 143:../../LUFA/Drivers/USB/Class/Device/../../Core/AVR8/../AVR8/Endpoint_AVR8.h **** 
 144:../../LUFA/Drivers/USB/Class/Device/../../Core/AVR8/../AVR8/Endpoint_AVR8.h **** 	#endif
 145:../../LUFA/Drivers/USB/Class/Device/../../Core/AVR8/../AVR8/Endpoint_AVR8.h **** 
 146:../../LUFA/Drivers/USB/Class/Device/../../Core/AVR8/../AVR8/Endpoint_AVR8.h **** 	/* Public Interface - May be used in end-application: */
 147:../../LUFA/Drivers/USB/Class/Device/../../Core/AVR8/../AVR8/Endpoint_AVR8.h **** 		/* Macros: */			
 148:../../LUFA/Drivers/USB/Class/Device/../../Core/AVR8/../AVR8/Endpoint_AVR8.h **** 			/** \name Endpoint Bank Mode Masks */
 149:../../LUFA/Drivers/USB/Class/Device/../../Core/AVR8/../AVR8/Endpoint_AVR8.h **** 			//@{
 150:../../LUFA/Drivers/USB/Class/Device/../../Core/AVR8/../AVR8/Endpoint_AVR8.h **** 			/** Mask for the bank mode selection for the \ref Endpoint_ConfigureEndpoint() macro. This indic
 151:../../LUFA/Drivers/USB/Class/Device/../../Core/AVR8/../AVR8/Endpoint_AVR8.h **** 			 *  that the endpoint should have one single bank, which requires less USB FIFO memory but resul
 152:../../LUFA/Drivers/USB/Class/Device/../../Core/AVR8/../AVR8/Endpoint_AVR8.h **** 			 *  in slower transfers as only one USB device (the AVR or the host) can access the endpoint's
 153:../../LUFA/Drivers/USB/Class/Device/../../Core/AVR8/../AVR8/Endpoint_AVR8.h **** 			 *  bank at the one time.
 154:../../LUFA/Drivers/USB/Class/Device/../../Core/AVR8/../AVR8/Endpoint_AVR8.h **** 			 */
 155:../../LUFA/Drivers/USB/Class/Device/../../Core/AVR8/../AVR8/Endpoint_AVR8.h **** 			#define ENDPOINT_BANK_SINGLE                    (0 << EPBK0)
 156:../../LUFA/Drivers/USB/Class/Device/../../Core/AVR8/../AVR8/Endpoint_AVR8.h **** 
 157:../../LUFA/Drivers/USB/Class/Device/../../Core/AVR8/../AVR8/Endpoint_AVR8.h **** 			/** Mask for the bank mode selection for the \ref Endpoint_ConfigureEndpoint() macro. This indic
 158:../../LUFA/Drivers/USB/Class/Device/../../Core/AVR8/../AVR8/Endpoint_AVR8.h **** 			 *  that the endpoint should have two banks, which requires more USB FIFO memory but results
 159:../../LUFA/Drivers/USB/Class/Device/../../Core/AVR8/../AVR8/Endpoint_AVR8.h **** 			 *  in faster transfers as one USB device (the AVR or the host) can access one bank while the ot
 160:../../LUFA/Drivers/USB/Class/Device/../../Core/AVR8/../AVR8/Endpoint_AVR8.h **** 			 *  accesses the second bank.
 161:../../LUFA/Drivers/USB/Class/Device/../../Core/AVR8/../AVR8/Endpoint_AVR8.h **** 			 */
 162:../../LUFA/Drivers/USB/Class/Device/../../Core/AVR8/../AVR8/Endpoint_AVR8.h **** 			#define ENDPOINT_BANK_DOUBLE                    (1 << EPBK0)
 163:../../LUFA/Drivers/USB/Class/Device/../../Core/AVR8/../AVR8/Endpoint_AVR8.h **** 			//@}
 164:../../LUFA/Drivers/USB/Class/Device/../../Core/AVR8/../AVR8/Endpoint_AVR8.h **** 
 165:../../LUFA/Drivers/USB/Class/Device/../../Core/AVR8/../AVR8/Endpoint_AVR8.h **** 			#if (!defined(FIXED_CONTROL_ENDPOINT_SIZE) || defined(__DOXYGEN__))
 166:../../LUFA/Drivers/USB/Class/Device/../../Core/AVR8/../AVR8/Endpoint_AVR8.h **** 				/** Default size of the default control endpoint's bank, until altered by the control endpoint 
 167:../../LUFA/Drivers/USB/Class/Device/../../Core/AVR8/../AVR8/Endpoint_AVR8.h **** 				 *  value in the device descriptor. Not available if the \c FIXED_CONTROL_ENDPOINT_SIZE token i
 168:../../LUFA/Drivers/USB/Class/Device/../../Core/AVR8/../AVR8/Endpoint_AVR8.h **** 				 */
 169:../../LUFA/Drivers/USB/Class/Device/../../Core/AVR8/../AVR8/Endpoint_AVR8.h **** 				#define ENDPOINT_CONTROLEP_DEFAULT_SIZE     8
 170:../../LUFA/Drivers/USB/Class/Device/../../Core/AVR8/../AVR8/Endpoint_AVR8.h **** 			#endif
 171:../../LUFA/Drivers/USB/Class/Device/../../Core/AVR8/../AVR8/Endpoint_AVR8.h **** 
 172:../../LUFA/Drivers/USB/Class/Device/../../Core/AVR8/../AVR8/Endpoint_AVR8.h **** 			/** Retrieves the maximum bank size in bytes of a given endpoint.
 173:../../LUFA/Drivers/USB/Class/Device/../../Core/AVR8/../AVR8/Endpoint_AVR8.h **** 			 *
 174:../../LUFA/Drivers/USB/Class/Device/../../Core/AVR8/../AVR8/Endpoint_AVR8.h **** 			 *  \note This macro will only work correctly on endpoint indexes that are compile-time constant
 175:../../LUFA/Drivers/USB/Class/Device/../../Core/AVR8/../AVR8/Endpoint_AVR8.h **** 			 *        defined by the preprocessor.
 176:../../LUFA/Drivers/USB/Class/Device/../../Core/AVR8/../AVR8/Endpoint_AVR8.h **** 			 *
 177:../../LUFA/Drivers/USB/Class/Device/../../Core/AVR8/../AVR8/Endpoint_AVR8.h **** 			 *  \param[in] EPIndex  Endpoint number, a value between 0 and (\ref ENDPOINT_TOTAL_ENDPOINTS - 
 178:../../LUFA/Drivers/USB/Class/Device/../../Core/AVR8/../AVR8/Endpoint_AVR8.h **** 			 */
 179:../../LUFA/Drivers/USB/Class/Device/../../Core/AVR8/../AVR8/Endpoint_AVR8.h **** 			#define ENDPOINT_MAX_SIZE(EPIndex)              _ENDPOINT_GET_MAXSIZE(EPIndex)
 180:../../LUFA/Drivers/USB/Class/Device/../../Core/AVR8/../AVR8/Endpoint_AVR8.h **** 
 181:../../LUFA/Drivers/USB/Class/Device/../../Core/AVR8/../AVR8/Endpoint_AVR8.h **** 			/** Retrieves the total number of banks supported by the given endpoint.
 182:../../LUFA/Drivers/USB/Class/Device/../../Core/AVR8/../AVR8/Endpoint_AVR8.h **** 			 *
 183:../../LUFA/Drivers/USB/Class/Device/../../Core/AVR8/../AVR8/Endpoint_AVR8.h **** 			 *  \note This macro will only work correctly on endpoint indexes that are compile-time constant
 184:../../LUFA/Drivers/USB/Class/Device/../../Core/AVR8/../AVR8/Endpoint_AVR8.h **** 			 *        defined by the preprocessor.
 185:../../LUFA/Drivers/USB/Class/Device/../../Core/AVR8/../AVR8/Endpoint_AVR8.h **** 			 *
 186:../../LUFA/Drivers/USB/Class/Device/../../Core/AVR8/../AVR8/Endpoint_AVR8.h **** 			 *  \param[in] EPIndex  Endpoint number, a value between 0 and (\ref ENDPOINT_TOTAL_ENDPOINTS - 
 187:../../LUFA/Drivers/USB/Class/Device/../../Core/AVR8/../AVR8/Endpoint_AVR8.h **** 			 */
 188:../../LUFA/Drivers/USB/Class/Device/../../Core/AVR8/../AVR8/Endpoint_AVR8.h **** 			#define ENDPOINT_BANKS_SUPPORTED(EPIndex)       _ENDPOINT_GET_BANKS(EPIndex)
 189:../../LUFA/Drivers/USB/Class/Device/../../Core/AVR8/../AVR8/Endpoint_AVR8.h **** 
 190:../../LUFA/Drivers/USB/Class/Device/../../Core/AVR8/../AVR8/Endpoint_AVR8.h **** 			#if !defined(CONTROL_ONLY_DEVICE) || defined(__DOXYGEN__)
 191:../../LUFA/Drivers/USB/Class/Device/../../Core/AVR8/../AVR8/Endpoint_AVR8.h **** 				/** Total number of endpoints (including the default control endpoint at address 0) which may
 192:../../LUFA/Drivers/USB/Class/Device/../../Core/AVR8/../AVR8/Endpoint_AVR8.h **** 				 *  be used in the device. Different USB AVR models support different amounts of endpoints,
 193:../../LUFA/Drivers/USB/Class/Device/../../Core/AVR8/../AVR8/Endpoint_AVR8.h **** 				 *  this value reflects the maximum number of endpoints for the currently selected AVR model.
 194:../../LUFA/Drivers/USB/Class/Device/../../Core/AVR8/../AVR8/Endpoint_AVR8.h **** 				 */
 195:../../LUFA/Drivers/USB/Class/Device/../../Core/AVR8/../AVR8/Endpoint_AVR8.h **** 				#define ENDPOINT_TOTAL_ENDPOINTS            ENDPOINT_DETAILS_MAXEP
 196:../../LUFA/Drivers/USB/Class/Device/../../Core/AVR8/../AVR8/Endpoint_AVR8.h **** 			#else
 197:../../LUFA/Drivers/USB/Class/Device/../../Core/AVR8/../AVR8/Endpoint_AVR8.h **** 				#define ENDPOINT_TOTAL_ENDPOINTS            1
 198:../../LUFA/Drivers/USB/Class/Device/../../Core/AVR8/../AVR8/Endpoint_AVR8.h **** 			#endif
 199:../../LUFA/Drivers/USB/Class/Device/../../Core/AVR8/../AVR8/Endpoint_AVR8.h **** 
 200:../../LUFA/Drivers/USB/Class/Device/../../Core/AVR8/../AVR8/Endpoint_AVR8.h **** 		/* Enums: */
 201:../../LUFA/Drivers/USB/Class/Device/../../Core/AVR8/../AVR8/Endpoint_AVR8.h **** 			/** Enum for the possible error return codes of the \ref Endpoint_WaitUntilReady() function.
 202:../../LUFA/Drivers/USB/Class/Device/../../Core/AVR8/../AVR8/Endpoint_AVR8.h **** 			 *
 203:../../LUFA/Drivers/USB/Class/Device/../../Core/AVR8/../AVR8/Endpoint_AVR8.h **** 			 *  \ingroup Group_EndpointRW_AVR8
 204:../../LUFA/Drivers/USB/Class/Device/../../Core/AVR8/../AVR8/Endpoint_AVR8.h **** 			 */
 205:../../LUFA/Drivers/USB/Class/Device/../../Core/AVR8/../AVR8/Endpoint_AVR8.h **** 			enum Endpoint_WaitUntilReady_ErrorCodes_t
 206:../../LUFA/Drivers/USB/Class/Device/../../Core/AVR8/../AVR8/Endpoint_AVR8.h **** 			{
 207:../../LUFA/Drivers/USB/Class/Device/../../Core/AVR8/../AVR8/Endpoint_AVR8.h **** 				ENDPOINT_READYWAIT_NoError                 = 0, /**< Endpoint is ready for next packet, no erro
 208:../../LUFA/Drivers/USB/Class/Device/../../Core/AVR8/../AVR8/Endpoint_AVR8.h **** 				ENDPOINT_READYWAIT_EndpointStalled         = 1, /**< The endpoint was stalled during the stream
 209:../../LUFA/Drivers/USB/Class/Device/../../Core/AVR8/../AVR8/Endpoint_AVR8.h **** 				                                                 *   transfer by the host or device.
 210:../../LUFA/Drivers/USB/Class/Device/../../Core/AVR8/../AVR8/Endpoint_AVR8.h **** 				                                                 */
 211:../../LUFA/Drivers/USB/Class/Device/../../Core/AVR8/../AVR8/Endpoint_AVR8.h **** 				ENDPOINT_READYWAIT_DeviceDisconnected      = 2,	/**< Device was disconnected from the host whil
 212:../../LUFA/Drivers/USB/Class/Device/../../Core/AVR8/../AVR8/Endpoint_AVR8.h **** 				                                                 *   waiting for the endpoint to become ready.
 213:../../LUFA/Drivers/USB/Class/Device/../../Core/AVR8/../AVR8/Endpoint_AVR8.h **** 				                                                 */
 214:../../LUFA/Drivers/USB/Class/Device/../../Core/AVR8/../AVR8/Endpoint_AVR8.h **** 				ENDPOINT_READYWAIT_BusSuspended            = 3, /**< The USB bus has been suspended by the host
 215:../../LUFA/Drivers/USB/Class/Device/../../Core/AVR8/../AVR8/Endpoint_AVR8.h **** 				                                                 *   no USB endpoint traffic can occur until th
 216:../../LUFA/Drivers/USB/Class/Device/../../Core/AVR8/../AVR8/Endpoint_AVR8.h **** 				                                                 *   has resumed.
 217:../../LUFA/Drivers/USB/Class/Device/../../Core/AVR8/../AVR8/Endpoint_AVR8.h **** 				                                                 */
 218:../../LUFA/Drivers/USB/Class/Device/../../Core/AVR8/../AVR8/Endpoint_AVR8.h **** 				ENDPOINT_READYWAIT_Timeout                 = 4, /**< The host failed to accept or send the next
 219:../../LUFA/Drivers/USB/Class/Device/../../Core/AVR8/../AVR8/Endpoint_AVR8.h **** 				                                                 *   within the software timeout period set by 
 220:../../LUFA/Drivers/USB/Class/Device/../../Core/AVR8/../AVR8/Endpoint_AVR8.h **** 				                                                 *   \ref USB_STREAM_TIMEOUT_MS macro.
 221:../../LUFA/Drivers/USB/Class/Device/../../Core/AVR8/../AVR8/Endpoint_AVR8.h **** 				                                                 */
 222:../../LUFA/Drivers/USB/Class/Device/../../Core/AVR8/../AVR8/Endpoint_AVR8.h **** 			};
 223:../../LUFA/Drivers/USB/Class/Device/../../Core/AVR8/../AVR8/Endpoint_AVR8.h **** 
 224:../../LUFA/Drivers/USB/Class/Device/../../Core/AVR8/../AVR8/Endpoint_AVR8.h **** 		/* Inline Functions: */
 225:../../LUFA/Drivers/USB/Class/Device/../../Core/AVR8/../AVR8/Endpoint_AVR8.h **** 			/** Configures the specified endpoint number with the given endpoint type, direction, bank size
 226:../../LUFA/Drivers/USB/Class/Device/../../Core/AVR8/../AVR8/Endpoint_AVR8.h **** 			 *  and banking mode. Once configured, the endpoint may be read from or written to, depending
 227:../../LUFA/Drivers/USB/Class/Device/../../Core/AVR8/../AVR8/Endpoint_AVR8.h **** 			 *  on its direction.
 228:../../LUFA/Drivers/USB/Class/Device/../../Core/AVR8/../AVR8/Endpoint_AVR8.h **** 			 *
 229:../../LUFA/Drivers/USB/Class/Device/../../Core/AVR8/../AVR8/Endpoint_AVR8.h **** 			 *  \param[in] Number     Endpoint number to configure. This must be more than 0 and less than
 230:../../LUFA/Drivers/USB/Class/Device/../../Core/AVR8/../AVR8/Endpoint_AVR8.h **** 			 *                        \ref ENDPOINT_TOTAL_ENDPOINTS.
 231:../../LUFA/Drivers/USB/Class/Device/../../Core/AVR8/../AVR8/Endpoint_AVR8.h **** 			 *
 232:../../LUFA/Drivers/USB/Class/Device/../../Core/AVR8/../AVR8/Endpoint_AVR8.h **** 			 *  \param[in] Type       Type of endpoint to configure, a \c EP_TYPE_* mask. Not all endpoint t
 233:../../LUFA/Drivers/USB/Class/Device/../../Core/AVR8/../AVR8/Endpoint_AVR8.h **** 			 *                        are available on Low Speed USB devices - refer to the USB 2.0 specific
 234:../../LUFA/Drivers/USB/Class/Device/../../Core/AVR8/../AVR8/Endpoint_AVR8.h **** 			 *
 235:../../LUFA/Drivers/USB/Class/Device/../../Core/AVR8/../AVR8/Endpoint_AVR8.h **** 			 *  \param[in] Direction  Endpoint data direction, either \ref ENDPOINT_DIR_OUT or \ref ENDPOINT
 236:../../LUFA/Drivers/USB/Class/Device/../../Core/AVR8/../AVR8/Endpoint_AVR8.h **** 			 *                        All endpoints (except Control type) are unidirectional - data may only
 237:../../LUFA/Drivers/USB/Class/Device/../../Core/AVR8/../AVR8/Endpoint_AVR8.h **** 			 *                        from or written to the endpoint bank based on its direction, not both.
 238:../../LUFA/Drivers/USB/Class/Device/../../Core/AVR8/../AVR8/Endpoint_AVR8.h **** 			 *
 239:../../LUFA/Drivers/USB/Class/Device/../../Core/AVR8/../AVR8/Endpoint_AVR8.h **** 			 *  \param[in] Size       Size of the endpoint's bank, where packets are stored before they are 
 240:../../LUFA/Drivers/USB/Class/Device/../../Core/AVR8/../AVR8/Endpoint_AVR8.h **** 			 *                        to the USB host, or after they have been received from the USB host (d
 241:../../LUFA/Drivers/USB/Class/Device/../../Core/AVR8/../AVR8/Endpoint_AVR8.h **** 			 *                        the endpoint's data direction). The bank size must indicate the maximu
 242:../../LUFA/Drivers/USB/Class/Device/../../Core/AVR8/../AVR8/Endpoint_AVR8.h **** 			 *                        that the endpoint can handle.
 243:../../LUFA/Drivers/USB/Class/Device/../../Core/AVR8/../AVR8/Endpoint_AVR8.h **** 			 *
 244:../../LUFA/Drivers/USB/Class/Device/../../Core/AVR8/../AVR8/Endpoint_AVR8.h **** 			 *  \param[in] Banks      Number of banks to use for the endpoint being configured, an \c ENDPOI
 245:../../LUFA/Drivers/USB/Class/Device/../../Core/AVR8/../AVR8/Endpoint_AVR8.h **** 			 *                        More banks uses more USB DPRAM, but offers better performance. Isochro
 246:../../LUFA/Drivers/USB/Class/Device/../../Core/AVR8/../AVR8/Endpoint_AVR8.h **** 			 *                        endpoints <b>must</b> have at least two banks.
 247:../../LUFA/Drivers/USB/Class/Device/../../Core/AVR8/../AVR8/Endpoint_AVR8.h **** 			 *
 248:../../LUFA/Drivers/USB/Class/Device/../../Core/AVR8/../AVR8/Endpoint_AVR8.h **** 			 *  \note When the \c ORDERED_EP_CONFIG compile time option is used, Endpoints <b>must</b> be co
 249:../../LUFA/Drivers/USB/Class/Device/../../Core/AVR8/../AVR8/Endpoint_AVR8.h **** 			 *        ascending order, or bank corruption will occur.
 250:../../LUFA/Drivers/USB/Class/Device/../../Core/AVR8/../AVR8/Endpoint_AVR8.h **** 			 *        \n\n
 251:../../LUFA/Drivers/USB/Class/Device/../../Core/AVR8/../AVR8/Endpoint_AVR8.h **** 			 *
 252:../../LUFA/Drivers/USB/Class/Device/../../Core/AVR8/../AVR8/Endpoint_AVR8.h **** 			 *  \note Different endpoints may have different maximum packet sizes based on the endpoint's in
 253:../../LUFA/Drivers/USB/Class/Device/../../Core/AVR8/../AVR8/Endpoint_AVR8.h **** 			 *        the chosen microcontroller model's datasheet to determine the maximum bank size for ea
 254:../../LUFA/Drivers/USB/Class/Device/../../Core/AVR8/../AVR8/Endpoint_AVR8.h **** 			 *        \n\n
 255:../../LUFA/Drivers/USB/Class/Device/../../Core/AVR8/../AVR8/Endpoint_AVR8.h **** 			 *
 256:../../LUFA/Drivers/USB/Class/Device/../../Core/AVR8/../AVR8/Endpoint_AVR8.h **** 			 *  \note The default control endpoint should not be manually configured by the user application
 257:../../LUFA/Drivers/USB/Class/Device/../../Core/AVR8/../AVR8/Endpoint_AVR8.h **** 			 *        it is automatically configured by the library internally.
 258:../../LUFA/Drivers/USB/Class/Device/../../Core/AVR8/../AVR8/Endpoint_AVR8.h **** 			 *        \n\n
 259:../../LUFA/Drivers/USB/Class/Device/../../Core/AVR8/../AVR8/Endpoint_AVR8.h **** 			 *
 260:../../LUFA/Drivers/USB/Class/Device/../../Core/AVR8/../AVR8/Endpoint_AVR8.h **** 			 *  \note This routine will automatically select the specified endpoint upon success. Upon failu
 261:../../LUFA/Drivers/USB/Class/Device/../../Core/AVR8/../AVR8/Endpoint_AVR8.h **** 			 *        which failed to reconfigure correctly will be selected.
 262:../../LUFA/Drivers/USB/Class/Device/../../Core/AVR8/../AVR8/Endpoint_AVR8.h **** 			 *
 263:../../LUFA/Drivers/USB/Class/Device/../../Core/AVR8/../AVR8/Endpoint_AVR8.h **** 			 *  \return Boolean \c true if the configuration succeeded, \c false otherwise.
 264:../../LUFA/Drivers/USB/Class/Device/../../Core/AVR8/../AVR8/Endpoint_AVR8.h **** 			 */
 265:../../LUFA/Drivers/USB/Class/Device/../../Core/AVR8/../AVR8/Endpoint_AVR8.h **** 			static inline bool Endpoint_ConfigureEndpoint(const uint8_t Number,
 266:../../LUFA/Drivers/USB/Class/Device/../../Core/AVR8/../AVR8/Endpoint_AVR8.h **** 			                                              const uint8_t Type,
 267:../../LUFA/Drivers/USB/Class/Device/../../Core/AVR8/../AVR8/Endpoint_AVR8.h **** 			                                              const uint8_t Direction,
 268:../../LUFA/Drivers/USB/Class/Device/../../Core/AVR8/../AVR8/Endpoint_AVR8.h **** 			                                              const uint16_t Size,
 269:../../LUFA/Drivers/USB/Class/Device/../../Core/AVR8/../AVR8/Endpoint_AVR8.h **** 			                                              const uint8_t Banks) ATTR_ALWAYS_INLINE;
 270:../../LUFA/Drivers/USB/Class/Device/../../Core/AVR8/../AVR8/Endpoint_AVR8.h **** 			static inline bool Endpoint_ConfigureEndpoint(const uint8_t Number,
 271:../../LUFA/Drivers/USB/Class/Device/../../Core/AVR8/../AVR8/Endpoint_AVR8.h **** 			                                              const uint8_t Type,
 272:../../LUFA/Drivers/USB/Class/Device/../../Core/AVR8/../AVR8/Endpoint_AVR8.h **** 			                                              const uint8_t Direction,
 273:../../LUFA/Drivers/USB/Class/Device/../../Core/AVR8/../AVR8/Endpoint_AVR8.h **** 			                                              const uint16_t Size,
 274:../../LUFA/Drivers/USB/Class/Device/../../Core/AVR8/../AVR8/Endpoint_AVR8.h **** 			                                              const uint8_t Banks)
 275:../../LUFA/Drivers/USB/Class/Device/../../Core/AVR8/../AVR8/Endpoint_AVR8.h **** 			{
 276:../../LUFA/Drivers/USB/Class/Device/../../Core/AVR8/../AVR8/Endpoint_AVR8.h **** 				return Endpoint_ConfigureEndpoint_Prv(Number, ((Type << EPTYPE0) | (Direction ? (1 << EPDIR) : 
 125               		.loc 2 276 0
 126 0050 4295      		swap r20
 127 0052 407F      		andi r20,lo8(-16)
 128 0054 8260      		ori r24,lo8(2)
 129               	.LVL15:
 130 0056 482B      		or r20,r24
 131 0058 61E0      		ldi r22,lo8(1)
 132               	.LVL16:
 133 005a 9111      		cpse r25,__zero_reg__
 134 005c 00C0      		rjmp .L10
 135 005e 60E0      		ldi r22,0
 136               	.L10:
 137 0060 6068      		ori r22,lo8(-128)
 138 0062 8C2F      		mov r24,r28
 139 0064 0E94 0000 		call Endpoint_ConfigureEndpoint_Prv
 140               	.LVL17:
 141               	.LBE33:
 142               	.LBE32:
  70:../../LUFA/Drivers/USB/Class/Device/MIDI.c **** 		                                 DoubleBanked ? ENDPOINT_BANK_DOUBLE : ENDPOINT_BANK_SINGLE)))
 143               		.loc 1 70 0
 144 0068 8111      		cpse r24,__zero_reg__
 145 006a 00C0      		rjmp .L11
 146               	.LVL18:
 147               	.L6:
 148               	/* epilogue start */
 149               	.LBE36:
 150               	.LBE37:
  78:../../LUFA/Drivers/USB/Class/Device/MIDI.c **** }
 151               		.loc 1 78 0
 152 006c CF91      		pop r28
 153               	.LVL19:
 154 006e 1F91      		pop r17
 155 0070 0F91      		pop r16
 156               	.LVL20:
 157 0072 0895      		ret
 158               		.cfi_endproc
 159               	.LFE97:
 161               		.section	.text.MIDI_Device_SendEventPacket,"ax",@progbits
 162               	.global	MIDI_Device_SendEventPacket
 164               	MIDI_Device_SendEventPacket:
 165               	.LFB99:
  79:../../LUFA/Drivers/USB/Class/Device/MIDI.c **** 
  80:../../LUFA/Drivers/USB/Class/Device/MIDI.c **** void MIDI_Device_USBTask(USB_ClassInfo_MIDI_Device_t* const MIDIInterfaceInfo)
  81:../../LUFA/Drivers/USB/Class/Device/MIDI.c **** {
  82:../../LUFA/Drivers/USB/Class/Device/MIDI.c **** 	if (USB_DeviceState != DEVICE_STATE_Configured)
  83:../../LUFA/Drivers/USB/Class/Device/MIDI.c **** 	  return;
  84:../../LUFA/Drivers/USB/Class/Device/MIDI.c **** 
  85:../../LUFA/Drivers/USB/Class/Device/MIDI.c **** 	#if !defined(NO_CLASS_DRIVER_AUTOFLUSH)
  86:../../LUFA/Drivers/USB/Class/Device/MIDI.c **** 	MIDI_Device_Flush(MIDIInterfaceInfo);
  87:../../LUFA/Drivers/USB/Class/Device/MIDI.c **** 	#endif
  88:../../LUFA/Drivers/USB/Class/Device/MIDI.c **** }
  89:../../LUFA/Drivers/USB/Class/Device/MIDI.c **** 
  90:../../LUFA/Drivers/USB/Class/Device/MIDI.c **** uint8_t MIDI_Device_SendEventPacket(USB_ClassInfo_MIDI_Device_t* const MIDIInterfaceInfo,
  91:../../LUFA/Drivers/USB/Class/Device/MIDI.c ****                                     const MIDI_EventPacket_t* const Event)
  92:../../LUFA/Drivers/USB/Class/Device/MIDI.c **** {
 166               		.loc 1 92 0
 167               		.cfi_startproc
 168               	.LVL21:
 169               	/* prologue: function */
 170               	/* frame size = 0 */
 171               	/* stack size = 0 */
 172               	.L__stack_usage = 0
  93:../../LUFA/Drivers/USB/Class/Device/MIDI.c **** 	if (USB_DeviceState != DEVICE_STATE_Configured)
 173               		.loc 1 93 0
 174 0000 2EB3      		in r18,0x1e
 175 0002 2430      		cpi r18,lo8(4)
 176 0004 01F4      		brne .L18
 177 0006 9B01      		movw r18,r22
 178 0008 FC01      		movw r30,r24
  94:../../LUFA/Drivers/USB/Class/Device/MIDI.c **** 	  return ENDPOINT_RWSTREAM_DeviceDisconnected;
  95:../../LUFA/Drivers/USB/Class/Device/MIDI.c **** 
  96:../../LUFA/Drivers/USB/Class/Device/MIDI.c **** 	uint8_t ErrorCode;
  97:../../LUFA/Drivers/USB/Class/Device/MIDI.c **** 
  98:../../LUFA/Drivers/USB/Class/Device/MIDI.c **** 	Endpoint_SelectEndpoint(MIDIInterfaceInfo->Config.DataINEndpointNumber);
 179               		.loc 1 98 0
 180 000a 8181      		ldd r24,Z+1
 181               	.LVL22:
 182               	.LBB38:
 183               	.LBB39:
 277:../../LUFA/Drivers/USB/Class/Device/../../Core/AVR8/../AVR8/Endpoint_AVR8.h **** 				                                      ((1 << ALLOC) | Banks | Endpoint_BytesToEPSizeMask(Size))
 278:../../LUFA/Drivers/USB/Class/Device/../../Core/AVR8/../AVR8/Endpoint_AVR8.h **** 			}
 279:../../LUFA/Drivers/USB/Class/Device/../../Core/AVR8/../AVR8/Endpoint_AVR8.h **** 
 280:../../LUFA/Drivers/USB/Class/Device/../../Core/AVR8/../AVR8/Endpoint_AVR8.h **** 			/** Indicates the number of bytes currently stored in the current endpoint's selected bank.
 281:../../LUFA/Drivers/USB/Class/Device/../../Core/AVR8/../AVR8/Endpoint_AVR8.h **** 			 *
 282:../../LUFA/Drivers/USB/Class/Device/../../Core/AVR8/../AVR8/Endpoint_AVR8.h **** 			 *  \note The return width of this function may differ, depending on the maximum endpoint bank s
 283:../../LUFA/Drivers/USB/Class/Device/../../Core/AVR8/../AVR8/Endpoint_AVR8.h **** 			 *        of the selected AVR model.
 284:../../LUFA/Drivers/USB/Class/Device/../../Core/AVR8/../AVR8/Endpoint_AVR8.h **** 			 *
 285:../../LUFA/Drivers/USB/Class/Device/../../Core/AVR8/../AVR8/Endpoint_AVR8.h **** 			 *  \ingroup Group_EndpointRW_AVR8
 286:../../LUFA/Drivers/USB/Class/Device/../../Core/AVR8/../AVR8/Endpoint_AVR8.h **** 			 *
 287:../../LUFA/Drivers/USB/Class/Device/../../Core/AVR8/../AVR8/Endpoint_AVR8.h **** 			 *  \return Total number of bytes in the currently selected Endpoint's FIFO buffer.
 288:../../LUFA/Drivers/USB/Class/Device/../../Core/AVR8/../AVR8/Endpoint_AVR8.h **** 			 */
 289:../../LUFA/Drivers/USB/Class/Device/../../Core/AVR8/../AVR8/Endpoint_AVR8.h **** 			static inline uint16_t Endpoint_BytesInEndpoint(void) ATTR_WARN_UNUSED_RESULT ATTR_ALWAYS_INLINE
 290:../../LUFA/Drivers/USB/Class/Device/../../Core/AVR8/../AVR8/Endpoint_AVR8.h **** 			static inline uint16_t Endpoint_BytesInEndpoint(void)
 291:../../LUFA/Drivers/USB/Class/Device/../../Core/AVR8/../AVR8/Endpoint_AVR8.h **** 			{
 292:../../LUFA/Drivers/USB/Class/Device/../../Core/AVR8/../AVR8/Endpoint_AVR8.h **** 				#if defined(USB_SERIES_6_AVR) || defined(USB_SERIES_7_AVR)
 293:../../LUFA/Drivers/USB/Class/Device/../../Core/AVR8/../AVR8/Endpoint_AVR8.h **** 					return UEBCX;
 294:../../LUFA/Drivers/USB/Class/Device/../../Core/AVR8/../AVR8/Endpoint_AVR8.h **** 				#elif defined(USB_SERIES_4_AVR)
 295:../../LUFA/Drivers/USB/Class/Device/../../Core/AVR8/../AVR8/Endpoint_AVR8.h **** 					return (((uint16_t)UEBCHX << 8) | UEBCLX);
 296:../../LUFA/Drivers/USB/Class/Device/../../Core/AVR8/../AVR8/Endpoint_AVR8.h **** 				#elif defined(USB_SERIES_2_AVR)
 297:../../LUFA/Drivers/USB/Class/Device/../../Core/AVR8/../AVR8/Endpoint_AVR8.h **** 					return UEBCLX;
 298:../../LUFA/Drivers/USB/Class/Device/../../Core/AVR8/../AVR8/Endpoint_AVR8.h **** 				#endif
 299:../../LUFA/Drivers/USB/Class/Device/../../Core/AVR8/../AVR8/Endpoint_AVR8.h **** 			}
 300:../../LUFA/Drivers/USB/Class/Device/../../Core/AVR8/../AVR8/Endpoint_AVR8.h **** 
 301:../../LUFA/Drivers/USB/Class/Device/../../Core/AVR8/../AVR8/Endpoint_AVR8.h **** 			/** Get the endpoint address of the currently selected endpoint. This is typically used to save
 302:../../LUFA/Drivers/USB/Class/Device/../../Core/AVR8/../AVR8/Endpoint_AVR8.h **** 			 *  the currently selected endpoint number so that it can be restored after another endpoint has
 303:../../LUFA/Drivers/USB/Class/Device/../../Core/AVR8/../AVR8/Endpoint_AVR8.h **** 			 *  been manipulated.
 304:../../LUFA/Drivers/USB/Class/Device/../../Core/AVR8/../AVR8/Endpoint_AVR8.h **** 			 *
 305:../../LUFA/Drivers/USB/Class/Device/../../Core/AVR8/../AVR8/Endpoint_AVR8.h **** 			 *  \return Index of the currently selected endpoint.
 306:../../LUFA/Drivers/USB/Class/Device/../../Core/AVR8/../AVR8/Endpoint_AVR8.h **** 			 */
 307:../../LUFA/Drivers/USB/Class/Device/../../Core/AVR8/../AVR8/Endpoint_AVR8.h **** 			static inline uint8_t Endpoint_GetCurrentEndpoint(void) ATTR_WARN_UNUSED_RESULT ATTR_ALWAYS_INLI
 308:../../LUFA/Drivers/USB/Class/Device/../../Core/AVR8/../AVR8/Endpoint_AVR8.h **** 			static inline uint8_t Endpoint_GetCurrentEndpoint(void)
 309:../../LUFA/Drivers/USB/Class/Device/../../Core/AVR8/../AVR8/Endpoint_AVR8.h **** 			{
 310:../../LUFA/Drivers/USB/Class/Device/../../Core/AVR8/../AVR8/Endpoint_AVR8.h **** 				#if !defined(CONTROL_ONLY_DEVICE)
 311:../../LUFA/Drivers/USB/Class/Device/../../Core/AVR8/../AVR8/Endpoint_AVR8.h **** 					return (UENUM & ENDPOINT_EPNUM_MASK);
 312:../../LUFA/Drivers/USB/Class/Device/../../Core/AVR8/../AVR8/Endpoint_AVR8.h **** 				#else
 313:../../LUFA/Drivers/USB/Class/Device/../../Core/AVR8/../AVR8/Endpoint_AVR8.h **** 					return ENDPOINT_CONTROLEP;
 314:../../LUFA/Drivers/USB/Class/Device/../../Core/AVR8/../AVR8/Endpoint_AVR8.h **** 				#endif
 315:../../LUFA/Drivers/USB/Class/Device/../../Core/AVR8/../AVR8/Endpoint_AVR8.h **** 			}
 316:../../LUFA/Drivers/USB/Class/Device/../../Core/AVR8/../AVR8/Endpoint_AVR8.h **** 
 317:../../LUFA/Drivers/USB/Class/Device/../../Core/AVR8/../AVR8/Endpoint_AVR8.h **** 			/** Selects the given endpoint number. If the address from the device descriptors is used, the
 318:../../LUFA/Drivers/USB/Class/Device/../../Core/AVR8/../AVR8/Endpoint_AVR8.h **** 			 *  value should be masked with the \ref ENDPOINT_EPNUM_MASK constant to extract only the endpoi
 319:../../LUFA/Drivers/USB/Class/Device/../../Core/AVR8/../AVR8/Endpoint_AVR8.h **** 			 *  number (and discarding the endpoint direction bit).
 320:../../LUFA/Drivers/USB/Class/Device/../../Core/AVR8/../AVR8/Endpoint_AVR8.h **** 			 *
 321:../../LUFA/Drivers/USB/Class/Device/../../Core/AVR8/../AVR8/Endpoint_AVR8.h **** 			 *  Any endpoint operations which do not require the endpoint number to be indicated will operat
 322:../../LUFA/Drivers/USB/Class/Device/../../Core/AVR8/../AVR8/Endpoint_AVR8.h **** 			 *  the currently selected endpoint.
 323:../../LUFA/Drivers/USB/Class/Device/../../Core/AVR8/../AVR8/Endpoint_AVR8.h **** 			 *
 324:../../LUFA/Drivers/USB/Class/Device/../../Core/AVR8/../AVR8/Endpoint_AVR8.h **** 			 *  \param[in] EndpointNumber Endpoint number to select.
 325:../../LUFA/Drivers/USB/Class/Device/../../Core/AVR8/../AVR8/Endpoint_AVR8.h **** 			 */
 326:../../LUFA/Drivers/USB/Class/Device/../../Core/AVR8/../AVR8/Endpoint_AVR8.h **** 			static inline void Endpoint_SelectEndpoint(const uint8_t EndpointNumber) ATTR_ALWAYS_INLINE;
 327:../../LUFA/Drivers/USB/Class/Device/../../Core/AVR8/../AVR8/Endpoint_AVR8.h **** 			static inline void Endpoint_SelectEndpoint(const uint8_t EndpointNumber)
 328:../../LUFA/Drivers/USB/Class/Device/../../Core/AVR8/../AVR8/Endpoint_AVR8.h **** 			{
 329:../../LUFA/Drivers/USB/Class/Device/../../Core/AVR8/../AVR8/Endpoint_AVR8.h **** 				#if !defined(CONTROL_ONLY_DEVICE)
 330:../../LUFA/Drivers/USB/Class/Device/../../Core/AVR8/../AVR8/Endpoint_AVR8.h **** 					UENUM = EndpointNumber;
 184               		.loc 2 330 0
 185 000c 8093 E900 		sts 233,r24
 186               	.LVL23:
 187               	.LBE39:
 188               	.LBE38:
  99:../../LUFA/Drivers/USB/Class/Device/MIDI.c **** 
 100:../../LUFA/Drivers/USB/Class/Device/MIDI.c **** 	if ((ErrorCode = Endpoint_Write_Stream_LE(Event, sizeof(MIDI_EventPacket_t), NULL)) != ENDPOINT_RW
 189               		.loc 1 100 0
 190 0010 40E0      		ldi r20,0
 191 0012 50E0      		ldi r21,0
 192 0014 64E0      		ldi r22,lo8(4)
 193 0016 70E0      		ldi r23,0
 194               	.LVL24:
 195 0018 C901      		movw r24,r18
 196 001a 0E94 0000 		call Endpoint_Write_Stream_LE
 197               	.LVL25:
 198 001e 8111      		cpse r24,__zero_reg__
 199 0020 00C0      		rjmp .L17
 200               	.LBB40:
 201               	.LBB41:
 331:../../LUFA/Drivers/USB/Class/Device/../../Core/AVR8/../AVR8/Endpoint_AVR8.h **** 				#endif
 332:../../LUFA/Drivers/USB/Class/Device/../../Core/AVR8/../AVR8/Endpoint_AVR8.h **** 			}
 333:../../LUFA/Drivers/USB/Class/Device/../../Core/AVR8/../AVR8/Endpoint_AVR8.h **** 
 334:../../LUFA/Drivers/USB/Class/Device/../../Core/AVR8/../AVR8/Endpoint_AVR8.h **** 			/** Resets the endpoint bank FIFO. This clears all the endpoint banks and resets the USB control
 335:../../LUFA/Drivers/USB/Class/Device/../../Core/AVR8/../AVR8/Endpoint_AVR8.h **** 			 *  data In and Out pointers to the bank's contents.
 336:../../LUFA/Drivers/USB/Class/Device/../../Core/AVR8/../AVR8/Endpoint_AVR8.h **** 			 *
 337:../../LUFA/Drivers/USB/Class/Device/../../Core/AVR8/../AVR8/Endpoint_AVR8.h **** 			 *  \param[in] EndpointNumber Endpoint number whose FIFO buffers are to be reset.
 338:../../LUFA/Drivers/USB/Class/Device/../../Core/AVR8/../AVR8/Endpoint_AVR8.h **** 			 */
 339:../../LUFA/Drivers/USB/Class/Device/../../Core/AVR8/../AVR8/Endpoint_AVR8.h **** 			static inline void Endpoint_ResetEndpoint(const uint8_t EndpointNumber) ATTR_ALWAYS_INLINE;
 340:../../LUFA/Drivers/USB/Class/Device/../../Core/AVR8/../AVR8/Endpoint_AVR8.h **** 			static inline void Endpoint_ResetEndpoint(const uint8_t EndpointNumber)
 341:../../LUFA/Drivers/USB/Class/Device/../../Core/AVR8/../AVR8/Endpoint_AVR8.h **** 			{
 342:../../LUFA/Drivers/USB/Class/Device/../../Core/AVR8/../AVR8/Endpoint_AVR8.h **** 				UERST = (1 << EndpointNumber);
 343:../../LUFA/Drivers/USB/Class/Device/../../Core/AVR8/../AVR8/Endpoint_AVR8.h **** 				UERST = 0;
 344:../../LUFA/Drivers/USB/Class/Device/../../Core/AVR8/../AVR8/Endpoint_AVR8.h **** 			}
 345:../../LUFA/Drivers/USB/Class/Device/../../Core/AVR8/../AVR8/Endpoint_AVR8.h **** 
 346:../../LUFA/Drivers/USB/Class/Device/../../Core/AVR8/../AVR8/Endpoint_AVR8.h **** 			/** Enables the currently selected endpoint so that data can be sent and received through it to
 347:../../LUFA/Drivers/USB/Class/Device/../../Core/AVR8/../AVR8/Endpoint_AVR8.h **** 			 *  and from a host.
 348:../../LUFA/Drivers/USB/Class/Device/../../Core/AVR8/../AVR8/Endpoint_AVR8.h **** 			 *
 349:../../LUFA/Drivers/USB/Class/Device/../../Core/AVR8/../AVR8/Endpoint_AVR8.h **** 			 *  \note Endpoints must first be configured properly via \ref Endpoint_ConfigureEndpoint().
 350:../../LUFA/Drivers/USB/Class/Device/../../Core/AVR8/../AVR8/Endpoint_AVR8.h **** 			 */
 351:../../LUFA/Drivers/USB/Class/Device/../../Core/AVR8/../AVR8/Endpoint_AVR8.h **** 			static inline void Endpoint_EnableEndpoint(void) ATTR_ALWAYS_INLINE;
 352:../../LUFA/Drivers/USB/Class/Device/../../Core/AVR8/../AVR8/Endpoint_AVR8.h **** 			static inline void Endpoint_EnableEndpoint(void)
 353:../../LUFA/Drivers/USB/Class/Device/../../Core/AVR8/../AVR8/Endpoint_AVR8.h **** 			{
 354:../../LUFA/Drivers/USB/Class/Device/../../Core/AVR8/../AVR8/Endpoint_AVR8.h **** 				UECONX |= (1 << EPEN);
 355:../../LUFA/Drivers/USB/Class/Device/../../Core/AVR8/../AVR8/Endpoint_AVR8.h **** 			}
 356:../../LUFA/Drivers/USB/Class/Device/../../Core/AVR8/../AVR8/Endpoint_AVR8.h **** 
 357:../../LUFA/Drivers/USB/Class/Device/../../Core/AVR8/../AVR8/Endpoint_AVR8.h **** 			/** Disables the currently selected endpoint so that data cannot be sent and received through it
 358:../../LUFA/Drivers/USB/Class/Device/../../Core/AVR8/../AVR8/Endpoint_AVR8.h **** 			 *  to and from a host.
 359:../../LUFA/Drivers/USB/Class/Device/../../Core/AVR8/../AVR8/Endpoint_AVR8.h **** 			 */
 360:../../LUFA/Drivers/USB/Class/Device/../../Core/AVR8/../AVR8/Endpoint_AVR8.h **** 			static inline void Endpoint_DisableEndpoint(void) ATTR_ALWAYS_INLINE;
 361:../../LUFA/Drivers/USB/Class/Device/../../Core/AVR8/../AVR8/Endpoint_AVR8.h **** 			static inline void Endpoint_DisableEndpoint(void)
 362:../../LUFA/Drivers/USB/Class/Device/../../Core/AVR8/../AVR8/Endpoint_AVR8.h **** 			{
 363:../../LUFA/Drivers/USB/Class/Device/../../Core/AVR8/../AVR8/Endpoint_AVR8.h **** 				UECONX &= ~(1 << EPEN);
 364:../../LUFA/Drivers/USB/Class/Device/../../Core/AVR8/../AVR8/Endpoint_AVR8.h **** 			}
 365:../../LUFA/Drivers/USB/Class/Device/../../Core/AVR8/../AVR8/Endpoint_AVR8.h **** 
 366:../../LUFA/Drivers/USB/Class/Device/../../Core/AVR8/../AVR8/Endpoint_AVR8.h **** 			/** Determines if the currently selected endpoint is enabled, but not necessarily configured.
 367:../../LUFA/Drivers/USB/Class/Device/../../Core/AVR8/../AVR8/Endpoint_AVR8.h **** 			 *
 368:../../LUFA/Drivers/USB/Class/Device/../../Core/AVR8/../AVR8/Endpoint_AVR8.h **** 			 * \return Boolean \c true if the currently selected endpoint is enabled, \c false otherwise.
 369:../../LUFA/Drivers/USB/Class/Device/../../Core/AVR8/../AVR8/Endpoint_AVR8.h **** 			 */
 370:../../LUFA/Drivers/USB/Class/Device/../../Core/AVR8/../AVR8/Endpoint_AVR8.h **** 			static inline bool Endpoint_IsEnabled(void) ATTR_WARN_UNUSED_RESULT ATTR_ALWAYS_INLINE;
 371:../../LUFA/Drivers/USB/Class/Device/../../Core/AVR8/../AVR8/Endpoint_AVR8.h **** 			static inline bool Endpoint_IsEnabled(void)
 372:../../LUFA/Drivers/USB/Class/Device/../../Core/AVR8/../AVR8/Endpoint_AVR8.h **** 			{
 373:../../LUFA/Drivers/USB/Class/Device/../../Core/AVR8/../AVR8/Endpoint_AVR8.h **** 				return ((UECONX & (1 << EPEN)) ? true : false);
 374:../../LUFA/Drivers/USB/Class/Device/../../Core/AVR8/../AVR8/Endpoint_AVR8.h **** 			}
 375:../../LUFA/Drivers/USB/Class/Device/../../Core/AVR8/../AVR8/Endpoint_AVR8.h **** 
 376:../../LUFA/Drivers/USB/Class/Device/../../Core/AVR8/../AVR8/Endpoint_AVR8.h **** 			/** Retrieves the number of busy banks in the currently selected endpoint, which have been queue
 377:../../LUFA/Drivers/USB/Class/Device/../../Core/AVR8/../AVR8/Endpoint_AVR8.h **** 			 *  transmission via the \ref Endpoint_ClearIN() command, or are awaiting acknowledgement via th
 378:../../LUFA/Drivers/USB/Class/Device/../../Core/AVR8/../AVR8/Endpoint_AVR8.h **** 			 *  \ref Endpoint_ClearOUT() command.
 379:../../LUFA/Drivers/USB/Class/Device/../../Core/AVR8/../AVR8/Endpoint_AVR8.h **** 			 *
 380:../../LUFA/Drivers/USB/Class/Device/../../Core/AVR8/../AVR8/Endpoint_AVR8.h **** 			 *  \ingroup Group_EndpointPacketManagement_AVR8
 381:../../LUFA/Drivers/USB/Class/Device/../../Core/AVR8/../AVR8/Endpoint_AVR8.h **** 			 *
 382:../../LUFA/Drivers/USB/Class/Device/../../Core/AVR8/../AVR8/Endpoint_AVR8.h **** 			 *  \return Total number of busy banks in the selected endpoint.
 383:../../LUFA/Drivers/USB/Class/Device/../../Core/AVR8/../AVR8/Endpoint_AVR8.h **** 			 */
 384:../../LUFA/Drivers/USB/Class/Device/../../Core/AVR8/../AVR8/Endpoint_AVR8.h **** 			static inline uint8_t Endpoint_GetBusyBanks(void) ATTR_ALWAYS_INLINE ATTR_WARN_UNUSED_RESULT;
 385:../../LUFA/Drivers/USB/Class/Device/../../Core/AVR8/../AVR8/Endpoint_AVR8.h **** 			static inline uint8_t Endpoint_GetBusyBanks(void)
 386:../../LUFA/Drivers/USB/Class/Device/../../Core/AVR8/../AVR8/Endpoint_AVR8.h **** 			{
 387:../../LUFA/Drivers/USB/Class/Device/../../Core/AVR8/../AVR8/Endpoint_AVR8.h **** 				return (UESTA0X & (0x03 << NBUSYBK0));
 388:../../LUFA/Drivers/USB/Class/Device/../../Core/AVR8/../AVR8/Endpoint_AVR8.h **** 			}
 389:../../LUFA/Drivers/USB/Class/Device/../../Core/AVR8/../AVR8/Endpoint_AVR8.h **** 
 390:../../LUFA/Drivers/USB/Class/Device/../../Core/AVR8/../AVR8/Endpoint_AVR8.h **** 			/** Aborts all pending IN transactions on the currently selected endpoint, once the bank
 391:../../LUFA/Drivers/USB/Class/Device/../../Core/AVR8/../AVR8/Endpoint_AVR8.h **** 			 *  has been queued for transmission to the host via \ref Endpoint_ClearIN(). This function
 392:../../LUFA/Drivers/USB/Class/Device/../../Core/AVR8/../AVR8/Endpoint_AVR8.h **** 			 *  will terminate all queued transactions, resetting the endpoint banks ready for a new
 393:../../LUFA/Drivers/USB/Class/Device/../../Core/AVR8/../AVR8/Endpoint_AVR8.h **** 			 *  packet.
 394:../../LUFA/Drivers/USB/Class/Device/../../Core/AVR8/../AVR8/Endpoint_AVR8.h **** 			 *
 395:../../LUFA/Drivers/USB/Class/Device/../../Core/AVR8/../AVR8/Endpoint_AVR8.h **** 			 *  \ingroup Group_EndpointPacketManagement_AVR8
 396:../../LUFA/Drivers/USB/Class/Device/../../Core/AVR8/../AVR8/Endpoint_AVR8.h **** 			 */
 397:../../LUFA/Drivers/USB/Class/Device/../../Core/AVR8/../AVR8/Endpoint_AVR8.h **** 			static inline void Endpoint_AbortPendingIN(void)
 398:../../LUFA/Drivers/USB/Class/Device/../../Core/AVR8/../AVR8/Endpoint_AVR8.h **** 			{
 399:../../LUFA/Drivers/USB/Class/Device/../../Core/AVR8/../AVR8/Endpoint_AVR8.h **** 				while (Endpoint_GetBusyBanks() != 0)
 400:../../LUFA/Drivers/USB/Class/Device/../../Core/AVR8/../AVR8/Endpoint_AVR8.h **** 				{
 401:../../LUFA/Drivers/USB/Class/Device/../../Core/AVR8/../AVR8/Endpoint_AVR8.h **** 					UEINTX |= (1 << RXOUTI);
 402:../../LUFA/Drivers/USB/Class/Device/../../Core/AVR8/../AVR8/Endpoint_AVR8.h **** 					while (UEINTX & (1 << RXOUTI));
 403:../../LUFA/Drivers/USB/Class/Device/../../Core/AVR8/../AVR8/Endpoint_AVR8.h **** 				}
 404:../../LUFA/Drivers/USB/Class/Device/../../Core/AVR8/../AVR8/Endpoint_AVR8.h **** 			}
 405:../../LUFA/Drivers/USB/Class/Device/../../Core/AVR8/../AVR8/Endpoint_AVR8.h **** 
 406:../../LUFA/Drivers/USB/Class/Device/../../Core/AVR8/../AVR8/Endpoint_AVR8.h **** 			/** Determines if the currently selected endpoint may be read from (if data is waiting in the en
 407:../../LUFA/Drivers/USB/Class/Device/../../Core/AVR8/../AVR8/Endpoint_AVR8.h **** 			 *  bank and the endpoint is an OUT direction, or if the bank is not yet full if the endpoint is
 408:../../LUFA/Drivers/USB/Class/Device/../../Core/AVR8/../AVR8/Endpoint_AVR8.h **** 			 *  direction). This function will return false if an error has occurred in the endpoint, if the
 409:../../LUFA/Drivers/USB/Class/Device/../../Core/AVR8/../AVR8/Endpoint_AVR8.h **** 			 *  is an OUT direction and no packet (or an empty packet) has been received, or if the endpoint
 410:../../LUFA/Drivers/USB/Class/Device/../../Core/AVR8/../AVR8/Endpoint_AVR8.h **** 			 *  direction and the endpoint bank is full.
 411:../../LUFA/Drivers/USB/Class/Device/../../Core/AVR8/../AVR8/Endpoint_AVR8.h **** 			 *
 412:../../LUFA/Drivers/USB/Class/Device/../../Core/AVR8/../AVR8/Endpoint_AVR8.h **** 			 *  \ingroup Group_EndpointPacketManagement_AVR8
 413:../../LUFA/Drivers/USB/Class/Device/../../Core/AVR8/../AVR8/Endpoint_AVR8.h **** 			 *
 414:../../LUFA/Drivers/USB/Class/Device/../../Core/AVR8/../AVR8/Endpoint_AVR8.h **** 			 *  \return Boolean \c true if the currently selected endpoint may be read from or written to, d
 415:../../LUFA/Drivers/USB/Class/Device/../../Core/AVR8/../AVR8/Endpoint_AVR8.h **** 			 *          on its direction.
 416:../../LUFA/Drivers/USB/Class/Device/../../Core/AVR8/../AVR8/Endpoint_AVR8.h **** 			 */
 417:../../LUFA/Drivers/USB/Class/Device/../../Core/AVR8/../AVR8/Endpoint_AVR8.h **** 			static inline bool Endpoint_IsReadWriteAllowed(void) ATTR_WARN_UNUSED_RESULT ATTR_ALWAYS_INLINE;
 418:../../LUFA/Drivers/USB/Class/Device/../../Core/AVR8/../AVR8/Endpoint_AVR8.h **** 			static inline bool Endpoint_IsReadWriteAllowed(void)
 419:../../LUFA/Drivers/USB/Class/Device/../../Core/AVR8/../AVR8/Endpoint_AVR8.h **** 			{
 420:../../LUFA/Drivers/USB/Class/Device/../../Core/AVR8/../AVR8/Endpoint_AVR8.h **** 				return ((UEINTX & (1 << RWAL)) ? true : false);
 202               		.loc 2 420 0
 203 0022 9091 E800 		lds r25,232
 204               	.LBE41:
 205               	.LBE40:
 101:../../LUFA/Drivers/USB/Class/Device/MIDI.c **** 	  return ErrorCode;
 102:../../LUFA/Drivers/USB/Class/Device/MIDI.c **** 
 103:../../LUFA/Drivers/USB/Class/Device/MIDI.c **** 	if (!(Endpoint_IsReadWriteAllowed()))
 206               		.loc 1 103 0
 207 0026 892F      		mov r24,r25
 208               	.LVL26:
 209 0028 8072      		andi r24,lo8(32)
 210 002a 95FD      		sbrc r25,5
 211 002c 00C0      		rjmp .L20
 212               	.LBB42:
 213               	.LBB43:
 421:../../LUFA/Drivers/USB/Class/Device/../../Core/AVR8/../AVR8/Endpoint_AVR8.h **** 			}
 422:../../LUFA/Drivers/USB/Class/Device/../../Core/AVR8/../AVR8/Endpoint_AVR8.h **** 
 423:../../LUFA/Drivers/USB/Class/Device/../../Core/AVR8/../AVR8/Endpoint_AVR8.h **** 			/** Determines if the currently selected endpoint is configured.
 424:../../LUFA/Drivers/USB/Class/Device/../../Core/AVR8/../AVR8/Endpoint_AVR8.h **** 			 *
 425:../../LUFA/Drivers/USB/Class/Device/../../Core/AVR8/../AVR8/Endpoint_AVR8.h **** 			 *  \return Boolean \c true if the currently selected endpoint has been configured, \c false oth
 426:../../LUFA/Drivers/USB/Class/Device/../../Core/AVR8/../AVR8/Endpoint_AVR8.h **** 			 */
 427:../../LUFA/Drivers/USB/Class/Device/../../Core/AVR8/../AVR8/Endpoint_AVR8.h **** 			static inline bool Endpoint_IsConfigured(void) ATTR_WARN_UNUSED_RESULT ATTR_ALWAYS_INLINE;
 428:../../LUFA/Drivers/USB/Class/Device/../../Core/AVR8/../AVR8/Endpoint_AVR8.h **** 			static inline bool Endpoint_IsConfigured(void)
 429:../../LUFA/Drivers/USB/Class/Device/../../Core/AVR8/../AVR8/Endpoint_AVR8.h **** 			{
 430:../../LUFA/Drivers/USB/Class/Device/../../Core/AVR8/../AVR8/Endpoint_AVR8.h **** 				return ((UESTA0X & (1 << CFGOK)) ? true : false);
 431:../../LUFA/Drivers/USB/Class/Device/../../Core/AVR8/../AVR8/Endpoint_AVR8.h **** 			}
 432:../../LUFA/Drivers/USB/Class/Device/../../Core/AVR8/../AVR8/Endpoint_AVR8.h **** 
 433:../../LUFA/Drivers/USB/Class/Device/../../Core/AVR8/../AVR8/Endpoint_AVR8.h **** 			/** Returns a mask indicating which INTERRUPT type endpoints have interrupted - i.e. their
 434:../../LUFA/Drivers/USB/Class/Device/../../Core/AVR8/../AVR8/Endpoint_AVR8.h **** 			 *  interrupt duration has elapsed. Which endpoints have interrupted can be determined by
 435:../../LUFA/Drivers/USB/Class/Device/../../Core/AVR8/../AVR8/Endpoint_AVR8.h **** 			 *  masking the return value against <tt>(1 << <i>{Endpoint Number}</i>)</tt>.
 436:../../LUFA/Drivers/USB/Class/Device/../../Core/AVR8/../AVR8/Endpoint_AVR8.h **** 			 *
 437:../../LUFA/Drivers/USB/Class/Device/../../Core/AVR8/../AVR8/Endpoint_AVR8.h **** 			 *  \return Mask whose bits indicate which endpoints have interrupted.
 438:../../LUFA/Drivers/USB/Class/Device/../../Core/AVR8/../AVR8/Endpoint_AVR8.h **** 			 */
 439:../../LUFA/Drivers/USB/Class/Device/../../Core/AVR8/../AVR8/Endpoint_AVR8.h **** 			static inline uint8_t Endpoint_GetEndpointInterrupts(void) ATTR_WARN_UNUSED_RESULT ATTR_ALWAYS_I
 440:../../LUFA/Drivers/USB/Class/Device/../../Core/AVR8/../AVR8/Endpoint_AVR8.h **** 			static inline uint8_t Endpoint_GetEndpointInterrupts(void)
 441:../../LUFA/Drivers/USB/Class/Device/../../Core/AVR8/../AVR8/Endpoint_AVR8.h **** 			{
 442:../../LUFA/Drivers/USB/Class/Device/../../Core/AVR8/../AVR8/Endpoint_AVR8.h **** 				return UEINT;
 443:../../LUFA/Drivers/USB/Class/Device/../../Core/AVR8/../AVR8/Endpoint_AVR8.h **** 			}
 444:../../LUFA/Drivers/USB/Class/Device/../../Core/AVR8/../AVR8/Endpoint_AVR8.h **** 
 445:../../LUFA/Drivers/USB/Class/Device/../../Core/AVR8/../AVR8/Endpoint_AVR8.h **** 			/** Determines if the specified endpoint number has interrupted (valid only for INTERRUPT type
 446:../../LUFA/Drivers/USB/Class/Device/../../Core/AVR8/../AVR8/Endpoint_AVR8.h **** 			 *  endpoints).
 447:../../LUFA/Drivers/USB/Class/Device/../../Core/AVR8/../AVR8/Endpoint_AVR8.h **** 			 *
 448:../../LUFA/Drivers/USB/Class/Device/../../Core/AVR8/../AVR8/Endpoint_AVR8.h **** 			 *  \param[in] EndpointNumber  Index of the endpoint whose interrupt flag should be tested.
 449:../../LUFA/Drivers/USB/Class/Device/../../Core/AVR8/../AVR8/Endpoint_AVR8.h **** 			 *
 450:../../LUFA/Drivers/USB/Class/Device/../../Core/AVR8/../AVR8/Endpoint_AVR8.h **** 			 *  \return Boolean \c true if the specified endpoint has interrupted, \c false otherwise.
 451:../../LUFA/Drivers/USB/Class/Device/../../Core/AVR8/../AVR8/Endpoint_AVR8.h **** 			 */
 452:../../LUFA/Drivers/USB/Class/Device/../../Core/AVR8/../AVR8/Endpoint_AVR8.h **** 			static inline bool Endpoint_HasEndpointInterrupted(const uint8_t EndpointNumber) ATTR_WARN_UNUSE
 453:../../LUFA/Drivers/USB/Class/Device/../../Core/AVR8/../AVR8/Endpoint_AVR8.h **** 			static inline bool Endpoint_HasEndpointInterrupted(const uint8_t EndpointNumber)
 454:../../LUFA/Drivers/USB/Class/Device/../../Core/AVR8/../AVR8/Endpoint_AVR8.h **** 			{
 455:../../LUFA/Drivers/USB/Class/Device/../../Core/AVR8/../AVR8/Endpoint_AVR8.h **** 				return ((Endpoint_GetEndpointInterrupts() & (1 << EndpointNumber)) ? true : false);
 456:../../LUFA/Drivers/USB/Class/Device/../../Core/AVR8/../AVR8/Endpoint_AVR8.h **** 			}
 457:../../LUFA/Drivers/USB/Class/Device/../../Core/AVR8/../AVR8/Endpoint_AVR8.h **** 
 458:../../LUFA/Drivers/USB/Class/Device/../../Core/AVR8/../AVR8/Endpoint_AVR8.h **** 			/** Determines if the selected IN endpoint is ready for a new packet to be sent to the host.
 459:../../LUFA/Drivers/USB/Class/Device/../../Core/AVR8/../AVR8/Endpoint_AVR8.h **** 			 *
 460:../../LUFA/Drivers/USB/Class/Device/../../Core/AVR8/../AVR8/Endpoint_AVR8.h **** 			 *  \ingroup Group_EndpointPacketManagement_AVR8
 461:../../LUFA/Drivers/USB/Class/Device/../../Core/AVR8/../AVR8/Endpoint_AVR8.h **** 			 *
 462:../../LUFA/Drivers/USB/Class/Device/../../Core/AVR8/../AVR8/Endpoint_AVR8.h **** 			 *  \return Boolean \c true if the current endpoint is ready for an IN packet, \c false otherwis
 463:../../LUFA/Drivers/USB/Class/Device/../../Core/AVR8/../AVR8/Endpoint_AVR8.h **** 			 */
 464:../../LUFA/Drivers/USB/Class/Device/../../Core/AVR8/../AVR8/Endpoint_AVR8.h **** 			static inline bool Endpoint_IsINReady(void) ATTR_WARN_UNUSED_RESULT ATTR_ALWAYS_INLINE;
 465:../../LUFA/Drivers/USB/Class/Device/../../Core/AVR8/../AVR8/Endpoint_AVR8.h **** 			static inline bool Endpoint_IsINReady(void)
 466:../../LUFA/Drivers/USB/Class/Device/../../Core/AVR8/../AVR8/Endpoint_AVR8.h **** 			{
 467:../../LUFA/Drivers/USB/Class/Device/../../Core/AVR8/../AVR8/Endpoint_AVR8.h **** 				return ((UEINTX & (1 << TXINI)) ? true : false);
 468:../../LUFA/Drivers/USB/Class/Device/../../Core/AVR8/../AVR8/Endpoint_AVR8.h **** 			}
 469:../../LUFA/Drivers/USB/Class/Device/../../Core/AVR8/../AVR8/Endpoint_AVR8.h **** 
 470:../../LUFA/Drivers/USB/Class/Device/../../Core/AVR8/../AVR8/Endpoint_AVR8.h **** 			/** Determines if the selected OUT endpoint has received new packet from the host.
 471:../../LUFA/Drivers/USB/Class/Device/../../Core/AVR8/../AVR8/Endpoint_AVR8.h **** 			 *
 472:../../LUFA/Drivers/USB/Class/Device/../../Core/AVR8/../AVR8/Endpoint_AVR8.h **** 			 *  \ingroup Group_EndpointPacketManagement_AVR8
 473:../../LUFA/Drivers/USB/Class/Device/../../Core/AVR8/../AVR8/Endpoint_AVR8.h **** 			 *
 474:../../LUFA/Drivers/USB/Class/Device/../../Core/AVR8/../AVR8/Endpoint_AVR8.h **** 			 *  \return Boolean \c true if current endpoint is has received an OUT packet, \c false otherwis
 475:../../LUFA/Drivers/USB/Class/Device/../../Core/AVR8/../AVR8/Endpoint_AVR8.h **** 			 */
 476:../../LUFA/Drivers/USB/Class/Device/../../Core/AVR8/../AVR8/Endpoint_AVR8.h **** 			static inline bool Endpoint_IsOUTReceived(void) ATTR_WARN_UNUSED_RESULT ATTR_ALWAYS_INLINE;
 477:../../LUFA/Drivers/USB/Class/Device/../../Core/AVR8/../AVR8/Endpoint_AVR8.h **** 			static inline bool Endpoint_IsOUTReceived(void)
 478:../../LUFA/Drivers/USB/Class/Device/../../Core/AVR8/../AVR8/Endpoint_AVR8.h **** 			{
 479:../../LUFA/Drivers/USB/Class/Device/../../Core/AVR8/../AVR8/Endpoint_AVR8.h **** 				return ((UEINTX & (1 << RXOUTI)) ? true : false);
 480:../../LUFA/Drivers/USB/Class/Device/../../Core/AVR8/../AVR8/Endpoint_AVR8.h **** 			}
 481:../../LUFA/Drivers/USB/Class/Device/../../Core/AVR8/../AVR8/Endpoint_AVR8.h **** 
 482:../../LUFA/Drivers/USB/Class/Device/../../Core/AVR8/../AVR8/Endpoint_AVR8.h **** 			/** Determines if the current CONTROL type endpoint has received a SETUP packet.
 483:../../LUFA/Drivers/USB/Class/Device/../../Core/AVR8/../AVR8/Endpoint_AVR8.h **** 			 *
 484:../../LUFA/Drivers/USB/Class/Device/../../Core/AVR8/../AVR8/Endpoint_AVR8.h **** 			 *  \ingroup Group_EndpointPacketManagement_AVR8
 485:../../LUFA/Drivers/USB/Class/Device/../../Core/AVR8/../AVR8/Endpoint_AVR8.h **** 			 *
 486:../../LUFA/Drivers/USB/Class/Device/../../Core/AVR8/../AVR8/Endpoint_AVR8.h **** 			 *  \return Boolean \c true if the selected endpoint has received a SETUP packet, \c false other
 487:../../LUFA/Drivers/USB/Class/Device/../../Core/AVR8/../AVR8/Endpoint_AVR8.h **** 			 */
 488:../../LUFA/Drivers/USB/Class/Device/../../Core/AVR8/../AVR8/Endpoint_AVR8.h **** 			static inline bool Endpoint_IsSETUPReceived(void) ATTR_WARN_UNUSED_RESULT ATTR_ALWAYS_INLINE;
 489:../../LUFA/Drivers/USB/Class/Device/../../Core/AVR8/../AVR8/Endpoint_AVR8.h **** 			static inline bool Endpoint_IsSETUPReceived(void)
 490:../../LUFA/Drivers/USB/Class/Device/../../Core/AVR8/../AVR8/Endpoint_AVR8.h **** 			{
 491:../../LUFA/Drivers/USB/Class/Device/../../Core/AVR8/../AVR8/Endpoint_AVR8.h **** 				return ((UEINTX & (1 << RXSTPI)) ? true : false);
 492:../../LUFA/Drivers/USB/Class/Device/../../Core/AVR8/../AVR8/Endpoint_AVR8.h **** 			}
 493:../../LUFA/Drivers/USB/Class/Device/../../Core/AVR8/../AVR8/Endpoint_AVR8.h **** 
 494:../../LUFA/Drivers/USB/Class/Device/../../Core/AVR8/../AVR8/Endpoint_AVR8.h **** 			/** Clears a received SETUP packet on the currently selected CONTROL type endpoint, freeing up t
 495:../../LUFA/Drivers/USB/Class/Device/../../Core/AVR8/../AVR8/Endpoint_AVR8.h **** 			 *  endpoint for the next packet.
 496:../../LUFA/Drivers/USB/Class/Device/../../Core/AVR8/../AVR8/Endpoint_AVR8.h **** 			 *
 497:../../LUFA/Drivers/USB/Class/Device/../../Core/AVR8/../AVR8/Endpoint_AVR8.h **** 			 *  \ingroup Group_EndpointPacketManagement_AVR8
 498:../../LUFA/Drivers/USB/Class/Device/../../Core/AVR8/../AVR8/Endpoint_AVR8.h **** 			 *
 499:../../LUFA/Drivers/USB/Class/Device/../../Core/AVR8/../AVR8/Endpoint_AVR8.h **** 			 *  \note This is not applicable for non CONTROL type endpoints.
 500:../../LUFA/Drivers/USB/Class/Device/../../Core/AVR8/../AVR8/Endpoint_AVR8.h **** 			 */
 501:../../LUFA/Drivers/USB/Class/Device/../../Core/AVR8/../AVR8/Endpoint_AVR8.h **** 			static inline void Endpoint_ClearSETUP(void) ATTR_ALWAYS_INLINE;
 502:../../LUFA/Drivers/USB/Class/Device/../../Core/AVR8/../AVR8/Endpoint_AVR8.h **** 			static inline void Endpoint_ClearSETUP(void)
 503:../../LUFA/Drivers/USB/Class/Device/../../Core/AVR8/../AVR8/Endpoint_AVR8.h **** 			{
 504:../../LUFA/Drivers/USB/Class/Device/../../Core/AVR8/../AVR8/Endpoint_AVR8.h **** 				UEINTX &= ~(1 << RXSTPI);
 505:../../LUFA/Drivers/USB/Class/Device/../../Core/AVR8/../AVR8/Endpoint_AVR8.h **** 			}
 506:../../LUFA/Drivers/USB/Class/Device/../../Core/AVR8/../AVR8/Endpoint_AVR8.h **** 
 507:../../LUFA/Drivers/USB/Class/Device/../../Core/AVR8/../AVR8/Endpoint_AVR8.h **** 			/** Sends an IN packet to the host on the currently selected endpoint, freeing up the endpoint f
 508:../../LUFA/Drivers/USB/Class/Device/../../Core/AVR8/../AVR8/Endpoint_AVR8.h **** 			 *  next packet and switching to the alternative endpoint bank if double banked.
 509:../../LUFA/Drivers/USB/Class/Device/../../Core/AVR8/../AVR8/Endpoint_AVR8.h **** 			 *
 510:../../LUFA/Drivers/USB/Class/Device/../../Core/AVR8/../AVR8/Endpoint_AVR8.h **** 			 *  \ingroup Group_EndpointPacketManagement_AVR8
 511:../../LUFA/Drivers/USB/Class/Device/../../Core/AVR8/../AVR8/Endpoint_AVR8.h **** 			 */
 512:../../LUFA/Drivers/USB/Class/Device/../../Core/AVR8/../AVR8/Endpoint_AVR8.h **** 			static inline void Endpoint_ClearIN(void) ATTR_ALWAYS_INLINE;
 513:../../LUFA/Drivers/USB/Class/Device/../../Core/AVR8/../AVR8/Endpoint_AVR8.h **** 			static inline void Endpoint_ClearIN(void)
 514:../../LUFA/Drivers/USB/Class/Device/../../Core/AVR8/../AVR8/Endpoint_AVR8.h **** 			{
 515:../../LUFA/Drivers/USB/Class/Device/../../Core/AVR8/../AVR8/Endpoint_AVR8.h **** 				#if !defined(CONTROL_ONLY_DEVICE)
 516:../../LUFA/Drivers/USB/Class/Device/../../Core/AVR8/../AVR8/Endpoint_AVR8.h **** 					UEINTX &= ~((1 << TXINI) | (1 << FIFOCON));
 214               		.loc 2 516 0
 215 002e 9091 E800 		lds r25,232
 216 0032 9E77      		andi r25,lo8(126)
 217 0034 9093 E800 		sts 232,r25
 218 0038 0895      		ret
 219               	.LVL27:
 220               	.L18:
 221               	.LBE43:
 222               	.LBE42:
  94:../../LUFA/Drivers/USB/Class/Device/MIDI.c **** 
 223               		.loc 1 94 0
 224 003a 82E0      		ldi r24,lo8(2)
 225               	.LVL28:
 226 003c 0895      		ret
 227               	.LVL29:
 228               	.L20:
 104:../../LUFA/Drivers/USB/Class/Device/MIDI.c **** 	  Endpoint_ClearIN();
 105:../../LUFA/Drivers/USB/Class/Device/MIDI.c **** 
 106:../../LUFA/Drivers/USB/Class/Device/MIDI.c **** 	return ENDPOINT_RWSTREAM_NoError;
 229               		.loc 1 106 0
 230 003e 80E0      		ldi r24,0
 231               	.L17:
 107:../../LUFA/Drivers/USB/Class/Device/MIDI.c **** }
 232               		.loc 1 107 0
 233 0040 0895      		ret
 234               		.cfi_endproc
 235               	.LFE99:
 237               		.section	.text.MIDI_Device_Flush,"ax",@progbits
 238               	.global	MIDI_Device_Flush
 240               	MIDI_Device_Flush:
 241               	.LFB100:
 108:../../LUFA/Drivers/USB/Class/Device/MIDI.c **** 
 109:../../LUFA/Drivers/USB/Class/Device/MIDI.c **** uint8_t MIDI_Device_Flush(USB_ClassInfo_MIDI_Device_t* const MIDIInterfaceInfo)
 110:../../LUFA/Drivers/USB/Class/Device/MIDI.c **** {
 242               		.loc 1 110 0
 243               		.cfi_startproc
 244               	.LVL30:
 245               	/* prologue: function */
 246               	/* frame size = 0 */
 247               	/* stack size = 0 */
 248               	.L__stack_usage = 0
 111:../../LUFA/Drivers/USB/Class/Device/MIDI.c **** 	if (USB_DeviceState != DEVICE_STATE_Configured)
 249               		.loc 1 111 0
 250 0000 2EB3      		in r18,0x1e
 251 0002 2430      		cpi r18,lo8(4)
 252 0004 01F4      		brne .L23
 112:../../LUFA/Drivers/USB/Class/Device/MIDI.c **** 	  return ENDPOINT_RWSTREAM_DeviceDisconnected;
 113:../../LUFA/Drivers/USB/Class/Device/MIDI.c **** 
 114:../../LUFA/Drivers/USB/Class/Device/MIDI.c **** 	uint8_t ErrorCode;
 115:../../LUFA/Drivers/USB/Class/Device/MIDI.c **** 
 116:../../LUFA/Drivers/USB/Class/Device/MIDI.c **** 	Endpoint_SelectEndpoint(MIDIInterfaceInfo->Config.DataINEndpointNumber);
 253               		.loc 1 116 0
 254 0006 FC01      		movw r30,r24
 255 0008 8181      		ldd r24,Z+1
 256               	.LVL31:
 257               	.LBB44:
 258               	.LBB45:
 330:../../LUFA/Drivers/USB/Class/Device/../../Core/AVR8/../AVR8/Endpoint_AVR8.h **** 				#endif
 259               		.loc 2 330 0
 260 000a 8093 E900 		sts 233,r24
 261               	.LVL32:
 262               	.LBE45:
 263               	.LBE44:
 264               	.LBB46:
 265               	.LBB47:
 293:../../LUFA/Drivers/USB/Class/Device/../../Core/AVR8/../AVR8/Endpoint_AVR8.h **** 				#elif defined(USB_SERIES_4_AVR)
 266               		.loc 2 293 0
 267 000e 8091 F200 		lds r24,242
 268 0012 9091 F300 		lds r25,242+1
 269               	.LBE47:
 270               	.LBE46:
 117:../../LUFA/Drivers/USB/Class/Device/MIDI.c **** 
 118:../../LUFA/Drivers/USB/Class/Device/MIDI.c **** 	if (Endpoint_BytesInEndpoint())
 271               		.loc 1 118 0
 272 0016 892B      		or r24,r25
 273 0018 01F0      		breq .L24
 274               	.LBB48:
 275               	.LBB49:
 276               		.loc 2 516 0
 277 001a 8091 E800 		lds r24,232
 278 001e 8E77      		andi r24,lo8(126)
 279 0020 8093 E800 		sts 232,r24
 280               	.LBE49:
 281               	.LBE48:
 119:../../LUFA/Drivers/USB/Class/Device/MIDI.c **** 	{
 120:../../LUFA/Drivers/USB/Class/Device/MIDI.c **** 		Endpoint_ClearIN();
 121:../../LUFA/Drivers/USB/Class/Device/MIDI.c **** 
 122:../../LUFA/Drivers/USB/Class/Device/MIDI.c **** 		if ((ErrorCode = Endpoint_WaitUntilReady()) != ENDPOINT_READYWAIT_NoError)
 282               		.loc 1 122 0
 283 0024 0C94 0000 		jmp Endpoint_WaitUntilReady
 284               	.LVL33:
 285               	.L23:
 112:../../LUFA/Drivers/USB/Class/Device/MIDI.c **** 
 286               		.loc 1 112 0
 287 0028 82E0      		ldi r24,lo8(2)
 288               	.LVL34:
 289 002a 0895      		ret
 290               	.LVL35:
 291               	.L24:
 123:../../LUFA/Drivers/USB/Class/Device/MIDI.c **** 		  return ErrorCode;
 124:../../LUFA/Drivers/USB/Class/Device/MIDI.c **** 	}
 125:../../LUFA/Drivers/USB/Class/Device/MIDI.c **** 
 126:../../LUFA/Drivers/USB/Class/Device/MIDI.c **** 	return ENDPOINT_READYWAIT_NoError;
 292               		.loc 1 126 0
 293 002c 80E0      		ldi r24,0
 127:../../LUFA/Drivers/USB/Class/Device/MIDI.c **** }
 294               		.loc 1 127 0
 295 002e 0895      		ret
 296               		.cfi_endproc
 297               	.LFE100:
 299               		.section	.text.MIDI_Device_USBTask,"ax",@progbits
 300               	.global	MIDI_Device_USBTask
 302               	MIDI_Device_USBTask:
 303               	.LFB98:
  81:../../LUFA/Drivers/USB/Class/Device/MIDI.c **** 	if (USB_DeviceState != DEVICE_STATE_Configured)
 304               		.loc 1 81 0
 305               		.cfi_startproc
 306               	.LVL36:
 307               	/* prologue: function */
 308               	/* frame size = 0 */
 309               	/* stack size = 0 */
 310               	.L__stack_usage = 0
  82:../../LUFA/Drivers/USB/Class/Device/MIDI.c **** 	  return;
 311               		.loc 1 82 0
 312 0000 2EB3      		in r18,0x1e
 313 0002 2430      		cpi r18,lo8(4)
 314 0004 01F4      		brne .L25
  86:../../LUFA/Drivers/USB/Class/Device/MIDI.c **** 	#endif
 315               		.loc 1 86 0
 316 0006 0C94 0000 		jmp MIDI_Device_Flush
 317               	.LVL37:
 318               	.L25:
 319 000a 0895      		ret
 320               		.cfi_endproc
 321               	.LFE98:
 323               		.section	.text.MIDI_Device_ReceiveEventPacket,"ax",@progbits
 324               	.global	MIDI_Device_ReceiveEventPacket
 326               	MIDI_Device_ReceiveEventPacket:
 327               	.LFB101:
 128:../../LUFA/Drivers/USB/Class/Device/MIDI.c **** 
 129:../../LUFA/Drivers/USB/Class/Device/MIDI.c **** bool MIDI_Device_ReceiveEventPacket(USB_ClassInfo_MIDI_Device_t* const MIDIInterfaceInfo,
 130:../../LUFA/Drivers/USB/Class/Device/MIDI.c ****                                     MIDI_EventPacket_t* const Event)
 131:../../LUFA/Drivers/USB/Class/Device/MIDI.c **** {
 328               		.loc 1 131 0
 329               		.cfi_startproc
 330               	.LVL38:
 331               	/* prologue: function */
 332               	/* frame size = 0 */
 333               	/* stack size = 0 */
 334               	.L__stack_usage = 0
 132:../../LUFA/Drivers/USB/Class/Device/MIDI.c **** 	if (USB_DeviceState != DEVICE_STATE_Configured)
 335               		.loc 1 132 0
 336 0000 2EB3      		in r18,0x1e
 337 0002 2430      		cpi r18,lo8(4)
 338 0004 01F0      		breq .L28
 339               	.LVL39:
 340               	.L30:
 133:../../LUFA/Drivers/USB/Class/Device/MIDI.c **** 	  return false;
 341               		.loc 1 133 0
 342 0006 80E0      		ldi r24,0
 343 0008 0895      		ret
 344               	.LVL40:
 345               	.L28:
 134:../../LUFA/Drivers/USB/Class/Device/MIDI.c **** 
 135:../../LUFA/Drivers/USB/Class/Device/MIDI.c **** 	Endpoint_SelectEndpoint(MIDIInterfaceInfo->Config.DataOUTEndpointNumber);
 346               		.loc 1 135 0
 347 000a FC01      		movw r30,r24
 348 000c 8581      		ldd r24,Z+5
 349               	.LVL41:
 350               	.LBB50:
 351               	.LBB51:
 330:../../LUFA/Drivers/USB/Class/Device/../../Core/AVR8/../AVR8/Endpoint_AVR8.h **** 				#endif
 352               		.loc 2 330 0
 353 000e 8093 E900 		sts 233,r24
 354               	.LVL42:
 355               	.LBE51:
 356               	.LBE50:
 357               	.LBB52:
 358               	.LBB53:
 420:../../LUFA/Drivers/USB/Class/Device/../../Core/AVR8/../AVR8/Endpoint_AVR8.h **** 			}
 359               		.loc 2 420 0
 360 0012 8091 E800 		lds r24,232
 361               	.LBE53:
 362               	.LBE52:
 136:../../LUFA/Drivers/USB/Class/Device/MIDI.c **** 
 137:../../LUFA/Drivers/USB/Class/Device/MIDI.c **** 	if (!(Endpoint_IsReadWriteAllowed()))
 363               		.loc 1 137 0
 364 0016 85FF      		sbrs r24,5
 365 0018 00C0      		rjmp .L30
 366 001a CB01      		movw r24,r22
 138:../../LUFA/Drivers/USB/Class/Device/MIDI.c **** 	  return false;
 139:../../LUFA/Drivers/USB/Class/Device/MIDI.c **** 
 140:../../LUFA/Drivers/USB/Class/Device/MIDI.c **** 	Endpoint_Read_Stream_LE(Event, sizeof(MIDI_EventPacket_t), NULL);
 367               		.loc 1 140 0
 368 001c 40E0      		ldi r20,0
 369 001e 50E0      		ldi r21,0
 370 0020 64E0      		ldi r22,lo8(4)
 371 0022 70E0      		ldi r23,0
 372               	.LVL43:
 373 0024 0E94 0000 		call Endpoint_Read_Stream_LE
 374               	.LVL44:
 375               	.LBB54:
 376               	.LBB55:
 420:../../LUFA/Drivers/USB/Class/Device/../../Core/AVR8/../AVR8/Endpoint_AVR8.h **** 			}
 377               		.loc 2 420 0
 378 0028 8091 E800 		lds r24,232
 379               	.LBE55:
 380               	.LBE54:
 141:../../LUFA/Drivers/USB/Class/Device/MIDI.c **** 
 142:../../LUFA/Drivers/USB/Class/Device/MIDI.c **** 	if (!(Endpoint_IsReadWriteAllowed()))
 381               		.loc 1 142 0
 382 002c 85FD      		sbrc r24,5
 383 002e 00C0      		rjmp .L31
 384               	.LBB56:
 385               	.LBB57:
 517:../../LUFA/Drivers/USB/Class/Device/../../Core/AVR8/../AVR8/Endpoint_AVR8.h **** 				#else
 518:../../LUFA/Drivers/USB/Class/Device/../../Core/AVR8/../AVR8/Endpoint_AVR8.h **** 					UEINTX &= ~(1 << TXINI);
 519:../../LUFA/Drivers/USB/Class/Device/../../Core/AVR8/../AVR8/Endpoint_AVR8.h **** 				#endif
 520:../../LUFA/Drivers/USB/Class/Device/../../Core/AVR8/../AVR8/Endpoint_AVR8.h **** 			}
 521:../../LUFA/Drivers/USB/Class/Device/../../Core/AVR8/../AVR8/Endpoint_AVR8.h **** 
 522:../../LUFA/Drivers/USB/Class/Device/../../Core/AVR8/../AVR8/Endpoint_AVR8.h **** 			/** Acknowledges an OUT packet to the host on the currently selected endpoint, freeing up the en
 523:../../LUFA/Drivers/USB/Class/Device/../../Core/AVR8/../AVR8/Endpoint_AVR8.h **** 			 *  for the next packet and switching to the alternative endpoint bank if double banked.
 524:../../LUFA/Drivers/USB/Class/Device/../../Core/AVR8/../AVR8/Endpoint_AVR8.h **** 			 *
 525:../../LUFA/Drivers/USB/Class/Device/../../Core/AVR8/../AVR8/Endpoint_AVR8.h **** 			 *  \ingroup Group_EndpointPacketManagement_AVR8
 526:../../LUFA/Drivers/USB/Class/Device/../../Core/AVR8/../AVR8/Endpoint_AVR8.h **** 			 */
 527:../../LUFA/Drivers/USB/Class/Device/../../Core/AVR8/../AVR8/Endpoint_AVR8.h **** 			static inline void Endpoint_ClearOUT(void) ATTR_ALWAYS_INLINE;
 528:../../LUFA/Drivers/USB/Class/Device/../../Core/AVR8/../AVR8/Endpoint_AVR8.h **** 			static inline void Endpoint_ClearOUT(void)
 529:../../LUFA/Drivers/USB/Class/Device/../../Core/AVR8/../AVR8/Endpoint_AVR8.h **** 			{
 530:../../LUFA/Drivers/USB/Class/Device/../../Core/AVR8/../AVR8/Endpoint_AVR8.h **** 				#if !defined(CONTROL_ONLY_DEVICE)
 531:../../LUFA/Drivers/USB/Class/Device/../../Core/AVR8/../AVR8/Endpoint_AVR8.h **** 					UEINTX &= ~((1 << RXOUTI) | (1 << FIFOCON));
 386               		.loc 2 531 0
 387 0030 8091 E800 		lds r24,232
 388 0034 8B77      		andi r24,lo8(123)
 389 0036 8093 E800 		sts 232,r24
 390               	.L31:
 391               	.LBE57:
 392               	.LBE56:
 143:../../LUFA/Drivers/USB/Class/Device/MIDI.c **** 	  Endpoint_ClearOUT();
 144:../../LUFA/Drivers/USB/Class/Device/MIDI.c **** 
 145:../../LUFA/Drivers/USB/Class/Device/MIDI.c **** 	return true;
 393               		.loc 1 145 0
 394 003a 81E0      		ldi r24,lo8(1)
 146:../../LUFA/Drivers/USB/Class/Device/MIDI.c **** }
 395               		.loc 1 146 0
 396 003c 0895      		ret
 397               		.cfi_endproc
 398               	.LFE101:
 400               		.text
 401               	.Letext0:
 402               		.file 3 "/usr/lib/avr/include/stdint.h"
 403               		.file 4 "../../LUFA/Drivers/USB/Class/Device/../../Core/AVR8/../Device.h"
 404               		.file 5 "../../LUFA/Drivers/USB/Class/Device/../../Core/AVR8/../EndpointStream.h"
 405               		.file 6 "../../LUFA/Drivers/USB/Class/Device/../Common/MIDI.h"
 406               		.file 7 "../../LUFA/Drivers/USB/Class/Device/MIDI.h"
 407               		.file 8 "../../LUFA/Drivers/USB/Class/Device/../../Core/AVR8/../AVR8/EndpointStream_AVR8.h"
DEFINED SYMBOLS
                            *ABS*:0000000000000000 MIDI.c
     /tmp/ccu5ORCr.s:2      *ABS*:000000000000003e __SP_H__
     /tmp/ccu5ORCr.s:3      *ABS*:000000000000003d __SP_L__
     /tmp/ccu5ORCr.s:4      *ABS*:000000000000003f __SREG__
     /tmp/ccu5ORCr.s:5      *ABS*:000000000000003b __RAMPZ__
     /tmp/ccu5ORCr.s:6      *ABS*:0000000000000000 __tmp_reg__
     /tmp/ccu5ORCr.s:7      *ABS*:0000000000000001 __zero_reg__
     /tmp/ccu5ORCr.s:14     .text.MIDI_Device_ConfigureEndpoints:0000000000000000 MIDI_Device_ConfigureEndpoints
     /tmp/ccu5ORCr.s:164    .text.MIDI_Device_SendEventPacket:0000000000000000 MIDI_Device_SendEventPacket
     /tmp/ccu5ORCr.s:240    .text.MIDI_Device_Flush:0000000000000000 MIDI_Device_Flush
     /tmp/ccu5ORCr.s:302    .text.MIDI_Device_USBTask:0000000000000000 MIDI_Device_USBTask
     /tmp/ccu5ORCr.s:326    .text.MIDI_Device_ReceiveEventPacket:0000000000000000 MIDI_Device_ReceiveEventPacket

UNDEFINED SYMBOLS
Endpoint_ConfigureEndpoint_Prv
Endpoint_Write_Stream_LE
Endpoint_WaitUntilReady
Endpoint_Read_Stream_LE
