   1               		.file	"Descriptors.c"
   2               	__SP_H__ = 0x3e
   3               	__SP_L__ = 0x3d
   4               	__SREG__ = 0x3f
   5               	__RAMPZ__ = 0x3b
   6               	__tmp_reg__ = 0
   7               	__zero_reg__ = 1
   8               		.text
   9               	.Ltext0:
  10               		.cfi_sections	.debug_frame
  11               		.section	.text.CALLBACK_USB_GetDescriptor,"ax",@progbits
  12               	.global	CALLBACK_USB_GetDescriptor
  14               	CALLBACK_USB_GetDescriptor:
  15               	.LFB97:
  16               		.file 1 "Descriptors.c"
   1:Descriptors.c **** /*
   2:Descriptors.c ****              LUFA Library
   3:Descriptors.c ****      Copyright (C) Dean Camera, 2011.
   4:Descriptors.c **** 
   5:Descriptors.c ****   dean [at] fourwalledcubicle [dot] com
   6:Descriptors.c ****            www.lufa-lib.org
   7:Descriptors.c **** */
   8:Descriptors.c **** 
   9:Descriptors.c **** /*
  10:Descriptors.c ****   Copyright 2011  Dean Camera (dean [at] fourwalledcubicle [dot] com)
  11:Descriptors.c **** 
  12:Descriptors.c ****   Permission to use, copy, modify, distribute, and sell this
  13:Descriptors.c ****   software and its documentation for any purpose is hereby granted
  14:Descriptors.c ****   without fee, provided that the above copyright notice appear in
  15:Descriptors.c ****   all copies and that both that the copyright notice and this
  16:Descriptors.c ****   permission notice and warranty disclaimer appear in supporting
  17:Descriptors.c ****   documentation, and that the name of the author not be used in
  18:Descriptors.c ****   advertising or publicity pertaining to distribution of the
  19:Descriptors.c ****   software without specific, written prior permission.
  20:Descriptors.c **** 
  21:Descriptors.c ****   The author disclaim all warranties with regard to this
  22:Descriptors.c ****   software, including all implied warranties of merchantability
  23:Descriptors.c ****   and fitness.  In no event shall the author be liable for any
  24:Descriptors.c ****   special, indirect or consequential damages or any damages
  25:Descriptors.c ****   whatsoever resulting from loss of use, data or profits, whether
  26:Descriptors.c ****   in an action of contract, negligence or other tortious action,
  27:Descriptors.c ****   arising out of or in connection with the use or performance of
  28:Descriptors.c ****   this software.
  29:Descriptors.c **** */
  30:Descriptors.c **** 
  31:Descriptors.c **** /** \file
  32:Descriptors.c ****  *
  33:Descriptors.c ****  *  USB Device Descriptors, for library use when in USB device mode. Descriptors are special
  34:Descriptors.c ****  *  computer-readable structures which the host requests upon device enumeration, to determine
  35:Descriptors.c ****  *  the device's capabilities and functions.
  36:Descriptors.c ****  */
  37:Descriptors.c **** 
  38:Descriptors.c **** #include "Descriptors.h"
  39:Descriptors.c **** 
  40:Descriptors.c **** /** HID class report descriptor. This is a special descriptor constructed with values from the
  41:Descriptors.c ****  *  USBIF HID class specification to describe the reports and capabilities of the HID device. This
  42:Descriptors.c ****  *  descriptor is parsed by the host and its contents used to determine what data (and in what enco
  43:Descriptors.c ****  *  the device will send, and what it may be sent back from the host. Refer to the HID specificatio
  44:Descriptors.c ****  *  more details on HID report descriptors.
  45:Descriptors.c ****  */ 
  46:Descriptors.c **** const USB_Descriptor_HIDReport_Datatype_t PROGMEM JoystickReport[] =
  47:Descriptors.c **** {
  48:Descriptors.c **** 	/* Use the HID class driver's standard Joystick report.
  49:Descriptors.c **** 	 *   Number of Axis: 2 (X/Y)
  50:Descriptors.c **** 	 *   Min X/Y Axis values: -100
  51:Descriptors.c **** 	 *   Max X/Y Axis values:  100
  52:Descriptors.c **** 	 *   Min physical X/Y Axis values (used to determine resolution): -1
  53:Descriptors.c **** 	 *   Max physical X/Y Axis values (used to determine resolution):  1
  54:Descriptors.c **** 	 *   Buttons: 2
  55:Descriptors.c **** 	 */
  56:Descriptors.c **** 	HID_DESCRIPTOR_JOYSTICK(2, -100, 100, -1, 1, 2)
  57:Descriptors.c **** };
  58:Descriptors.c **** 
  59:Descriptors.c **** /** Device descriptor structure. This descriptor, located in FLASH memory, describes the overall
  60:Descriptors.c ****  *  device characteristics, including the supported USB version, control endpoint size and the
  61:Descriptors.c ****  *  number of device configurations. The descriptor is read out by the USB host when the enumeratio
  62:Descriptors.c ****  *  process begins.
  63:Descriptors.c ****  */
  64:Descriptors.c **** const USB_Descriptor_Device_t PROGMEM DeviceDescriptor =
  65:Descriptors.c **** {
  66:Descriptors.c **** 	.Header                 = {.Size = sizeof(USB_Descriptor_Device_t), .Type = DTYPE_Device},
  67:Descriptors.c **** 
  68:Descriptors.c **** 	.USBSpecification       = VERSION_BCD(01.10),
  69:Descriptors.c **** 	.Class                  = USB_CSCP_NoDeviceClass,
  70:Descriptors.c **** 	.SubClass               = USB_CSCP_NoDeviceSubclass,
  71:Descriptors.c **** 	.Protocol               = USB_CSCP_NoDeviceProtocol,
  72:Descriptors.c **** 
  73:Descriptors.c **** 	.Endpoint0Size          = FIXED_CONTROL_ENDPOINT_SIZE,
  74:Descriptors.c **** 
  75:Descriptors.c **** 	.VendorID               = 0x03EB,
  76:Descriptors.c **** 	.ProductID              = 0x2043,
  77:Descriptors.c **** 	.ReleaseNumber          = VERSION_BCD(00.01),
  78:Descriptors.c **** 
  79:Descriptors.c **** 	.ManufacturerStrIndex   = 0x01,
  80:Descriptors.c **** 	.ProductStrIndex        = 0x02,
  81:Descriptors.c **** 	.SerialNumStrIndex      = NO_DESCRIPTOR,
  82:Descriptors.c **** 
  83:Descriptors.c **** 	.NumberOfConfigurations = FIXED_NUM_CONFIGURATIONS
  84:Descriptors.c **** };
  85:Descriptors.c **** 
  86:Descriptors.c **** /** Configuration descriptor structure. This descriptor, located in FLASH memory, describes the usa
  87:Descriptors.c ****  *  of the device in one of its supported configurations, including information about any device in
  88:Descriptors.c ****  *  and endpoints. The descriptor is read out by the USB host during the enumeration process when s
  89:Descriptors.c ****  *  a configuration so that the host may correctly communicate with the USB device.
  90:Descriptors.c ****  */
  91:Descriptors.c **** const USB_Descriptor_Configuration_t PROGMEM ConfigurationDescriptor =
  92:Descriptors.c **** {
  93:Descriptors.c **** 	.Config =
  94:Descriptors.c **** 		{
  95:Descriptors.c **** 			.Header                 = {.Size = sizeof(USB_Descriptor_Configuration_Header_t), .Type = DTYPE_
  96:Descriptors.c **** 
  97:Descriptors.c **** 			.TotalConfigurationSize = sizeof(USB_Descriptor_Configuration_t),
  98:Descriptors.c **** 			.TotalInterfaces        = 1,
  99:Descriptors.c **** 
 100:Descriptors.c **** 			.ConfigurationNumber    = 1,
 101:Descriptors.c **** 			.ConfigurationStrIndex  = NO_DESCRIPTOR,
 102:Descriptors.c **** 
 103:Descriptors.c **** 			.ConfigAttributes       = (USB_CONFIG_ATTR_BUSPOWERED | USB_CONFIG_ATTR_SELFPOWERED),
 104:Descriptors.c **** 
 105:Descriptors.c **** 			.MaxPowerConsumption    = USB_CONFIG_POWER_MA(100)
 106:Descriptors.c **** 		},
 107:Descriptors.c **** 
 108:Descriptors.c **** 	.HID_Interface =
 109:Descriptors.c **** 		{
 110:Descriptors.c **** 			.Header                 = {.Size = sizeof(USB_Descriptor_Interface_t), .Type = DTYPE_Interface},
 111:Descriptors.c **** 
 112:Descriptors.c **** 			.InterfaceNumber        = 0x00,
 113:Descriptors.c **** 			.AlternateSetting       = 0x00,
 114:Descriptors.c **** 
 115:Descriptors.c **** 			.TotalEndpoints         = 1,
 116:Descriptors.c **** 
 117:Descriptors.c **** 			.Class                  = HID_CSCP_HIDClass,
 118:Descriptors.c **** 			.SubClass               = HID_CSCP_NonBootSubclass,
 119:Descriptors.c **** 			.Protocol               = HID_CSCP_NonBootProtocol,
 120:Descriptors.c **** 
 121:Descriptors.c **** 			.InterfaceStrIndex      = NO_DESCRIPTOR
 122:Descriptors.c **** 		},
 123:Descriptors.c **** 
 124:Descriptors.c **** 	.HID_JoystickHID =
 125:Descriptors.c **** 		{
 126:Descriptors.c **** 			.Header                 = {.Size = sizeof(USB_HID_Descriptor_HID_t), .Type = HID_DTYPE_HID},
 127:Descriptors.c **** 
 128:Descriptors.c **** 			.HIDSpec                = VERSION_BCD(01.11),
 129:Descriptors.c **** 			.CountryCode            = 0x00,
 130:Descriptors.c **** 			.TotalReportDescriptors = 1,
 131:Descriptors.c **** 			.HIDReportType          = HID_DTYPE_Report,
 132:Descriptors.c **** 			.HIDReportLength        = sizeof(JoystickReport)
 133:Descriptors.c **** 		},
 134:Descriptors.c **** 
 135:Descriptors.c **** 	.HID_ReportINEndpoint =
 136:Descriptors.c **** 		{
 137:Descriptors.c **** 			.Header                 = {.Size = sizeof(USB_Descriptor_Endpoint_t), .Type = DTYPE_Endpoint},
 138:Descriptors.c **** 
 139:Descriptors.c **** 			.EndpointAddress        = (ENDPOINT_DIR_IN | JOYSTICK_EPNUM),
 140:Descriptors.c **** 			.Attributes             = (EP_TYPE_INTERRUPT | ENDPOINT_ATTR_NO_SYNC | ENDPOINT_USAGE_DATA),
 141:Descriptors.c **** 			.EndpointSize           = JOYSTICK_EPSIZE,
 142:Descriptors.c **** 			.PollingIntervalMS      = 0x01
 143:Descriptors.c **** 		}
 144:Descriptors.c **** };
 145:Descriptors.c **** 
 146:Descriptors.c **** /** Language descriptor structure. This descriptor, located in FLASH memory, is returned when the h
 147:Descriptors.c ****  *  the string descriptor with index 0 (the first index). It is actually an array of 16-bit integer
 148:Descriptors.c ****  *  via the language ID table available at USB.org what languages the device supports for its strin
 149:Descriptors.c ****  */
 150:Descriptors.c **** const USB_Descriptor_String_t PROGMEM LanguageString =
 151:Descriptors.c **** {
 152:Descriptors.c **** 	.Header                 = {.Size = USB_STRING_LEN(1), .Type = DTYPE_String},
 153:Descriptors.c **** 
 154:Descriptors.c **** 	.UnicodeString          = {LANGUAGE_ID_ENG}
 155:Descriptors.c **** };
 156:Descriptors.c **** 
 157:Descriptors.c **** /** Manufacturer descriptor string. This is a Unicode string containing the manufacturer's details 
 158:Descriptors.c ****  *  form, and is read out upon request by the host when the appropriate string ID is requested, lis
 159:Descriptors.c ****  *  Descriptor.
 160:Descriptors.c ****  */
 161:Descriptors.c **** const USB_Descriptor_String_t PROGMEM ManufacturerString =
 162:Descriptors.c **** {
 163:Descriptors.c **** 	.Header                 = {.Size = USB_STRING_LEN(11), .Type = DTYPE_String},
 164:Descriptors.c **** 
 165:Descriptors.c **** 	.UnicodeString          = L"Dean Camera"
 166:Descriptors.c **** };
 167:Descriptors.c **** 
 168:Descriptors.c **** /** Product descriptor string. This is a Unicode string containing the product's details in human r
 169:Descriptors.c ****  *  and is read out upon request by the host when the appropriate string ID is requested, listed in
 170:Descriptors.c ****  *  Descriptor.
 171:Descriptors.c ****  */
 172:Descriptors.c **** const USB_Descriptor_String_t PROGMEM ProductString =
 173:Descriptors.c **** {
 174:Descriptors.c **** 	.Header                 = {.Size = USB_STRING_LEN(18), .Type = DTYPE_String},
 175:Descriptors.c **** 
 176:Descriptors.c **** 	.UnicodeString          = L"LUFA Joystick Demo"
 177:Descriptors.c **** };
 178:Descriptors.c **** 
 179:Descriptors.c **** /** This function is called by the library when in device mode, and must be overridden (see library
 180:Descriptors.c ****  *  documentation) by the application code so that the address and size of a requested descriptor c
 181:Descriptors.c ****  *  to the USB library. When the device receives a Get Descriptor request on the control endpoint, 
 182:Descriptors.c ****  *  is called so that the descriptor details can be passed back and the appropriate descriptor sent
 183:Descriptors.c ****  *  USB host.
 184:Descriptors.c ****  */
 185:Descriptors.c **** uint16_t CALLBACK_USB_GetDescriptor(const uint16_t wValue,
 186:Descriptors.c ****                                     const uint8_t wIndex,
 187:Descriptors.c ****                                     const void** const DescriptorAddress)
 188:Descriptors.c **** {
  17               		.loc 1 188 0
  18               		.cfi_startproc
  19               	.LVL0:
  20               	/* prologue: function */
  21               	/* frame size = 0 */
  22               	/* stack size = 0 */
  23               	.L__stack_usage = 0
 189:Descriptors.c **** 	const uint8_t  DescriptorType   = (wValue >> 8);
 190:Descriptors.c **** 	const uint8_t  DescriptorNumber = (wValue & 0xFF);
 191:Descriptors.c **** 
 192:Descriptors.c **** 	const void* Address = NULL;
 193:Descriptors.c **** 	uint16_t    Size    = NO_DESCRIPTOR;
 194:Descriptors.c **** 
 195:Descriptors.c **** 	switch (DescriptorType)
  24               		.loc 1 195 0
  25 0000 292F      		mov r18,r25
  26 0002 3327      		clr r19
  27 0004 2330      		cpi r18,3
  28 0006 3105      		cpc r19,__zero_reg__
  29 0008 01F0      		breq .L3
  30 000a 00F4      		brsh .L4
  31 000c 2130      		cpi r18,1
  32 000e 3105      		cpc r19,__zero_reg__
  33 0010 01F0      		breq .L5
  34 0012 2230      		cpi r18,2
  35 0014 3105      		cpc r19,__zero_reg__
  36 0016 01F4      		brne .L14
  37               	.LVL1:
 196:Descriptors.c **** 	{
 197:Descriptors.c **** 		case DTYPE_Device:
 198:Descriptors.c **** 			Address = &DeviceDescriptor;
 199:Descriptors.c **** 			Size    = sizeof(USB_Descriptor_Device_t);
 200:Descriptors.c **** 			break;
 201:Descriptors.c **** 		case DTYPE_Configuration:
 202:Descriptors.c **** 			Address = &ConfigurationDescriptor;
 203:Descriptors.c **** 			Size    = sizeof(USB_Descriptor_Configuration_t);
  38               		.loc 1 203 0
  39 0018 82E2      		ldi r24,lo8(34)
  40 001a 90E0      		ldi r25,0
  41               	.LVL2:
 202:Descriptors.c **** 			Size    = sizeof(USB_Descriptor_Configuration_t);
  42               		.loc 1 202 0
  43 001c 20E0      		ldi r18,lo8(ConfigurationDescriptor)
  44 001e 30E0      		ldi r19,hi8(ConfigurationDescriptor)
 204:Descriptors.c **** 			break;
  45               		.loc 1 204 0
  46 0020 00C0      		rjmp .L2
  47               	.LVL3:
  48               	.L4:
 195:Descriptors.c **** 	{
  49               		.loc 1 195 0
  50 0022 2132      		cpi r18,33
  51 0024 3105      		cpc r19,__zero_reg__
  52 0026 01F0      		breq .L7
  53 0028 2232      		cpi r18,34
  54 002a 3105      		cpc r19,__zero_reg__
  55 002c 01F4      		brne .L14
  56               	.LVL4:
 205:Descriptors.c **** 		case DTYPE_String:
 206:Descriptors.c **** 			switch (DescriptorNumber)
 207:Descriptors.c **** 			{
 208:Descriptors.c **** 				case 0x00:
 209:Descriptors.c **** 					Address = &LanguageString;
 210:Descriptors.c **** 					Size    = pgm_read_byte(&LanguageString.Header.Size);
 211:Descriptors.c **** 					break;
 212:Descriptors.c **** 				case 0x01:
 213:Descriptors.c **** 					Address = &ManufacturerString;
 214:Descriptors.c **** 					Size    = pgm_read_byte(&ManufacturerString.Header.Size);
 215:Descriptors.c **** 					break;
 216:Descriptors.c **** 				case 0x02:
 217:Descriptors.c **** 					Address = &ProductString;
 218:Descriptors.c **** 					Size    = pgm_read_byte(&ProductString.Header.Size);
 219:Descriptors.c **** 					break;
 220:Descriptors.c **** 			}
 221:Descriptors.c **** 
 222:Descriptors.c **** 			break;
 223:Descriptors.c **** 		case HID_DTYPE_HID:
 224:Descriptors.c **** 			Address = &ConfigurationDescriptor.HID_JoystickHID;
 225:Descriptors.c **** 			Size    = sizeof(USB_HID_Descriptor_HID_t);
 226:Descriptors.c **** 			break;
 227:Descriptors.c **** 		case HID_DTYPE_Report:
 228:Descriptors.c **** 			Address = &JoystickReport;
 229:Descriptors.c **** 			Size    = sizeof(JoystickReport);
  57               		.loc 1 229 0
  58 002e 88E3      		ldi r24,lo8(56)
  59 0030 90E0      		ldi r25,0
  60               	.LVL5:
 228:Descriptors.c **** 			Size    = sizeof(JoystickReport);
  61               		.loc 1 228 0
  62 0032 20E0      		ldi r18,lo8(JoystickReport)
  63 0034 30E0      		ldi r19,hi8(JoystickReport)
 230:Descriptors.c **** 			break;
  64               		.loc 1 230 0
  65 0036 00C0      		rjmp .L2
  66               	.LVL6:
  67               	.L5:
 199:Descriptors.c **** 			break;
  68               		.loc 1 199 0
  69 0038 82E1      		ldi r24,lo8(18)
  70 003a 90E0      		ldi r25,0
  71               	.LVL7:
 198:Descriptors.c **** 			Size    = sizeof(USB_Descriptor_Device_t);
  72               		.loc 1 198 0
  73 003c 20E0      		ldi r18,lo8(DeviceDescriptor)
  74 003e 30E0      		ldi r19,hi8(DeviceDescriptor)
  75 0040 00C0      		rjmp .L2
  76               	.LVL8:
  77               	.L3:
 206:Descriptors.c **** 			{
  78               		.loc 1 206 0
  79 0042 9927      		clr r25
  80               	.LVL9:
  81 0044 8130      		cpi r24,1
  82 0046 9105      		cpc r25,__zero_reg__
  83 0048 01F0      		breq .L9
  84 004a 00F0      		brlo .L10
  85 004c 0297      		sbiw r24,2
  86 004e 01F4      		brne .L14
  87               	.LVL10:
  88               	.LBB2:
 218:Descriptors.c **** 					break;
  89               		.loc 1 218 0
  90 0050 E0E0      		ldi r30,lo8(ProductString)
  91 0052 F0E0      		ldi r31,hi8(ProductString)
  92 0054 00C0      		rjmp .L15
  93               	.LVL11:
  94               	.L10:
  95               	.LBE2:
  96               	.LBB3:
 210:Descriptors.c **** 					break;
  97               		.loc 1 210 0
  98 0056 E0E0      		ldi r30,lo8(LanguageString)
  99 0058 F0E0      		ldi r31,hi8(LanguageString)
 100 005a 00C0      		rjmp .L15
 101               	.LVL12:
 102               	.L9:
 103               	.LBE3:
 104               	.LBB4:
 214:Descriptors.c **** 					break;
 105               		.loc 1 214 0
 106 005c E0E0      		ldi r30,lo8(ManufacturerString)
 107 005e F0E0      		ldi r31,hi8(ManufacturerString)
 108               	.LVL13:
 109               	.L15:
 110               	.LBE4:
 111               	.LBB5:
 218:Descriptors.c **** 					break;
 112               		.loc 1 218 0
 113               	/* #APP */
 114               	 ;  218 "Descriptors.c" 1
 115 0060 8491      		lpm r24, Z
 116               		
 117               	 ;  0 "" 2
 118               	.LVL14:
 119               	/* #NOAPP */
 120               	.LBE5:
 121 0062 90E0      		ldi r25,0
 122               	.LVL15:
 217:Descriptors.c **** 					Size    = pgm_read_byte(&ProductString.Header.Size);
 123               		.loc 1 217 0
 124 0064 9F01      		movw r18,r30
 219:Descriptors.c **** 			}
 125               		.loc 1 219 0
 126 0066 00C0      		rjmp .L2
 127               	.LVL16:
 128               	.L7:
 225:Descriptors.c **** 			break;
 129               		.loc 1 225 0
 130 0068 89E0      		ldi r24,lo8(9)
 131 006a 90E0      		ldi r25,0
 132               	.LVL17:
 224:Descriptors.c **** 			Size    = sizeof(USB_HID_Descriptor_HID_t);
 133               		.loc 1 224 0
 134 006c 20E0      		ldi r18,lo8(ConfigurationDescriptor+18)
 135 006e 30E0      		ldi r19,hi8(ConfigurationDescriptor+18)
 136               	.LVL18:
 226:Descriptors.c **** 		case HID_DTYPE_Report:
 137               		.loc 1 226 0
 138 0070 00C0      		rjmp .L2
 139               	.LVL19:
 140               	.L14:
 193:Descriptors.c **** 
 141               		.loc 1 193 0
 142 0072 80E0      		ldi r24,0
 143 0074 90E0      		ldi r25,0
 192:Descriptors.c **** 	uint16_t    Size    = NO_DESCRIPTOR;
 144               		.loc 1 192 0
 145 0076 20E0      		ldi r18,0
 146 0078 30E0      		ldi r19,0
 147               	.LVL20:
 148               	.L2:
 231:Descriptors.c **** 	}
 232:Descriptors.c **** 
 233:Descriptors.c **** 	*DescriptorAddress = Address;
 149               		.loc 1 233 0
 150 007a FA01      		movw r30,r20
 151 007c 3183      		std Z+1,r19
 152 007e 2083      		st Z,r18
 234:Descriptors.c **** 	return Size;
 235:Descriptors.c **** }
 153               		.loc 1 235 0
 154 0080 0895      		ret
 155               		.cfi_endproc
 156               	.LFE97:
 158               	.global	ProductString
 159               		.section	.progmem.data,"a",@progbits
 162               	ProductString:
 163 0000 26        		.byte	38
 164 0001 03        		.byte	3
 165 0002 4C00      		.string	"L"
 166 0004 5500      		.string	"U"
 167 0006 4600      		.string	"F"
 168 0008 4100      		.string	"A"
 169 000a 2000      		.string	" "
 170 000c 4A00      		.string	"J"
 171 000e 6F00      		.string	"o"
 172 0010 7900      		.string	"y"
 173 0012 7300      		.string	"s"
 174 0014 7400      		.string	"t"
 175 0016 6900      		.string	"i"
 176 0018 6300      		.string	"c"
 177 001a 6B00      		.string	"k"
 178 001c 2000      		.string	" "
 179 001e 4400      		.string	"D"
 180 0020 6500      		.string	"e"
 181 0022 6D00      		.string	"m"
 182 0024 6F00      		.string	"o"
 183 0026 00        		.string	""
 184 0027 00        		.string	""
 185               	.global	ManufacturerString
 188               	ManufacturerString:
 189 0028 18        		.byte	24
 190 0029 03        		.byte	3
 191 002a 4400      		.string	"D"
 192 002c 6500      		.string	"e"
 193 002e 6100      		.string	"a"
 194 0030 6E00      		.string	"n"
 195 0032 2000      		.string	" "
 196 0034 4300      		.string	"C"
 197 0036 6100      		.string	"a"
 198 0038 6D00      		.string	"m"
 199 003a 6500      		.string	"e"
 200 003c 7200      		.string	"r"
 201 003e 6100      		.string	"a"
 202 0040 00        		.string	""
 203 0041 00        		.string	""
 204               	.global	LanguageString
 207               	LanguageString:
 208 0042 04        		.byte	4
 209 0043 03        		.byte	3
 210 0044 0904      		.word	1033
 211               	.global	ConfigurationDescriptor
 214               	ConfigurationDescriptor:
 215 0046 09        		.byte	9
 216 0047 02        		.byte	2
 217 0048 2200      		.word	34
 218 004a 01        		.byte	1
 219 004b 01        		.byte	1
 220 004c 00        		.byte	0
 221 004d C0        		.byte	-64
 222 004e 32        		.byte	50
 223 004f 09        		.byte	9
 224 0050 04        		.byte	4
 225 0051 00        		.byte	0
 226 0052 00        		.byte	0
 227 0053 01        		.byte	1
 228 0054 03        		.byte	3
 229 0055 00        		.byte	0
 230 0056 00        		.byte	0
 231 0057 00        		.byte	0
 232 0058 09        		.byte	9
 233 0059 21        		.byte	33
 234 005a 1101      		.word	273
 235 005c 00        		.byte	0
 236 005d 01        		.byte	1
 237 005e 22        		.byte	34
 238 005f 3800      		.word	56
 239 0061 07        		.byte	7
 240 0062 05        		.byte	5
 241 0063 81        		.byte	-127
 242 0064 03        		.byte	3
 243 0065 0800      		.word	8
 244 0067 01        		.byte	1
 245               	.global	DeviceDescriptor
 248               	DeviceDescriptor:
 249 0068 12        		.byte	18
 250 0069 01        		.byte	1
 251 006a 1001      		.word	272
 252 006c 00        		.byte	0
 253 006d 00        		.byte	0
 254 006e 00        		.byte	0
 255 006f 08        		.byte	8
 256 0070 EB03      		.word	1003
 257 0072 4320      		.word	8259
 258 0074 0100      		.word	1
 259 0076 01        		.byte	1
 260 0077 02        		.byte	2
 261 0078 00        		.byte	0
 262 0079 01        		.byte	1
 263               	.global	JoystickReport
 266               	JoystickReport:
 267 007a 05        		.byte	5
 268 007b 01        		.byte	1
 269 007c 09        		.byte	9
 270 007d 04        		.byte	4
 271 007e A1        		.byte	-95
 272 007f 01        		.byte	1
 273 0080 09        		.byte	9
 274 0081 01        		.byte	1
 275 0082 A1        		.byte	-95
 276 0083 00        		.byte	0
 277 0084 19        		.byte	25
 278 0085 30        		.byte	48
 279 0086 29        		.byte	41
 280 0087 31        		.byte	49
 281 0088 16        		.byte	22
 282 0089 9C        		.byte	-100
 283 008a FF        		.byte	-1
 284 008b 26        		.byte	38
 285 008c 64        		.byte	100
 286 008d 00        		.byte	0
 287 008e 36        		.byte	54
 288 008f FF        		.byte	-1
 289 0090 FF        		.byte	-1
 290 0091 46        		.byte	70
 291 0092 01        		.byte	1
 292 0093 00        		.byte	0
 293 0094 95        		.byte	-107
 294 0095 02        		.byte	2
 295 0096 75        		.byte	117
 296 0097 08        		.byte	8
 297 0098 81        		.byte	-127
 298 0099 02        		.byte	2
 299 009a C0        		.byte	-64
 300 009b 05        		.byte	5
 301 009c 09        		.byte	9
 302 009d 19        		.byte	25
 303 009e 01        		.byte	1
 304 009f 29        		.byte	41
 305 00a0 02        		.byte	2
 306 00a1 15        		.byte	21
 307 00a2 00        		.byte	0
 308 00a3 25        		.byte	37
 309 00a4 01        		.byte	1
 310 00a5 75        		.byte	117
 311 00a6 01        		.byte	1
 312 00a7 95        		.byte	-107
 313 00a8 02        		.byte	2
 314 00a9 81        		.byte	-127
 315 00aa 02        		.byte	2
 316 00ab 75        		.byte	117
 317 00ac 06        		.byte	6
 318 00ad 95        		.byte	-107
 319 00ae 01        		.byte	1
 320 00af 81        		.byte	-127
 321 00b0 01        		.byte	1
 322 00b1 C0        		.byte	-64
 323               		.text
 324               	.Letext0:
 325               		.file 2 "/usr/lib/avr/include/stdint.h"
 326               		.file 3 "/usr/lib/gcc/avr/5.4.0/include/stddef.h"
 327               		.file 4 "../../../../LUFA/Drivers/USB/Core/AVR8/../StdDescriptors.h"
 328               		.file 5 "../../../../LUFA/Drivers/USB/Class/Device/../Common/HID.h"
 329               		.file 6 "Descriptors.h"
 330               		.file 7 "../../../../LUFA/Drivers/USB/Core/USBTask.h"
DEFINED SYMBOLS
                            *ABS*:0000000000000000 Descriptors.c
     /tmp/ccybSWtn.s:2      *ABS*:000000000000003e __SP_H__
     /tmp/ccybSWtn.s:3      *ABS*:000000000000003d __SP_L__
     /tmp/ccybSWtn.s:4      *ABS*:000000000000003f __SREG__
     /tmp/ccybSWtn.s:5      *ABS*:000000000000003b __RAMPZ__
     /tmp/ccybSWtn.s:6      *ABS*:0000000000000000 __tmp_reg__
     /tmp/ccybSWtn.s:7      *ABS*:0000000000000001 __zero_reg__
     /tmp/ccybSWtn.s:14     .text.CALLBACK_USB_GetDescriptor:0000000000000000 CALLBACK_USB_GetDescriptor
     /tmp/ccybSWtn.s:214    .progmem.data:0000000000000046 ConfigurationDescriptor
     /tmp/ccybSWtn.s:266    .progmem.data:000000000000007a JoystickReport
     /tmp/ccybSWtn.s:248    .progmem.data:0000000000000068 DeviceDescriptor
     /tmp/ccybSWtn.s:162    .progmem.data:0000000000000000 ProductString
     /tmp/ccybSWtn.s:207    .progmem.data:0000000000000042 LanguageString
     /tmp/ccybSWtn.s:188    .progmem.data:0000000000000028 ManufacturerString

NO UNDEFINED SYMBOLS
